[ 2016-12-07T08:11:32+08:00 ] 127.0.0.1 /EASYBUY/Public/uploads/20161206/584600e3dfe97.png
INFO: [ app_init ] --START--
INFO: Run Behavior\BuildLiteBehavior [ RunTime:0.000000s ]
INFO: [ app_init ] --END-- [ RunTime:0.001000s ]
ERR: 无法加载模块:Public

[ 2016-12-07T08:11:32+08:00 ] 127.0.0.1 /EASYBUY/Public/uploads/20161206/584600f81b1ec.png
INFO: [ app_init ] --START--
INFO: Run Behavior\BuildLiteBehavior [ RunTime:0.000000s ]
INFO: [ app_init ] --END-- [ RunTime:0.001000s ]
ERR: 无法加载模块:Public

[ 2016-12-07T08:11:32+08:00 ] 127.0.0.1 /EASYBUY/Public/uploads/20161206/5846009bb70ed.png
INFO: [ app_init ] --START--
INFO: Run Behavior\BuildLiteBehavior [ RunTime:0.000000s ]
INFO: [ app_init ] --END-- [ RunTime:0.001000s ]
ERR: 无法加载模块:Public

[ 2016-12-07T08:11:32+08:00 ] 127.0.0.1 /EASYBUY/Public/uploads/20161206/584600c13d544.png
INFO: [ app_init ] --START--
INFO: Run Behavior\BuildLiteBehavior [ RunTime:0.000000s ]
INFO: [ app_init ] --END-- [ RunTime:0.000000s ]
ERR: 无法加载模块:Public

[ 2016-12-07T08:11:32+08:00 ] 127.0.0.1 /EASYBUY/Public/home/css/AjaxLoader.gif
INFO: [ app_init ] --START--
INFO: Run Behavior\BuildLiteBehavior [ RunTime:0.000000s ]
INFO: [ app_init ] --END-- [ RunTime:0.001000s ]
ERR: 无法加载模块:Public

[ 2016-12-07T08:52:19+08:00 ] 127.0.0.1 /EASYBUY/Public/uploads/20161206/584600e3dfe97.png
INFO: [ app_init ] --START--
INFO: Run Behavior\BuildLiteBehavior [ RunTime:0.000000s ]
INFO: [ app_init ] --END-- [ RunTime:0.000000s ]
ERR: 无法加载模块:Public

[ 2016-12-07T08:52:20+08:00 ] 127.0.0.1 /EASYBUY/Public/uploads/20161206/584600f81b1ec.png
INFO: [ app_init ] --START--
INFO: Run Behavior\BuildLiteBehavior [ RunTime:0.000000s ]
INFO: [ app_init ] --END-- [ RunTime:0.001000s ]
ERR: 无法加载模块:Public

[ 2016-12-07T08:52:20+08:00 ] 127.0.0.1 /EASYBUY/Public/uploads/20161206/5846009bb70ed.png
INFO: [ app_init ] --START--
INFO: Run Behavior\BuildLiteBehavior [ RunTime:0.000000s ]
INFO: [ app_init ] --END-- [ RunTime:0.001000s ]
ERR: 无法加载模块:Public

[ 2016-12-07T08:52:20+08:00 ] 127.0.0.1 /EASYBUY/Public/uploads/20161206/584600c13d544.png
INFO: [ app_init ] --START--
INFO: Run Behavior\BuildLiteBehavior [ RunTime:0.000000s ]
INFO: [ app_init ] --END-- [ RunTime:0.001000s ]
ERR: 无法加载模块:Public

[ 2016-12-07T08:52:20+08:00 ] 127.0.0.1 /EASYBUY/Public/uploads/20161206/584600e3dfe97.png
INFO: [ app_init ] --START--
INFO: Run Behavior\BuildLiteBehavior [ RunTime:0.000000s ]
INFO: [ app_init ] --END-- [ RunTime:0.000000s ]
ERR: 无法加载模块:Public

[ 2016-12-07T08:52:20+08:00 ] 127.0.0.1 /EASYBUY/Public/home/css/AjaxLoader.gif
INFO: [ app_init ] --START--
INFO: Run Behavior\BuildLiteBehavior [ RunTime:0.000000s ]
INFO: [ app_init ] --END-- [ RunTime:0.001000s ]
ERR: 无法加载模块:Public

[ 2016-12-07T09:44:07+08:00 ] 127.0.0.1 /EASYBUY/index.php/Public/uploads/20161206/5846005eae90d.png
INFO: [ app_init ] --START--
INFO: Run Behavior\BuildLiteBehavior [ RunTime:0.000000s ]
INFO: [ app_init ] --END-- [ RunTime:0.000000s ]
ERR: 无法加载模块:Public

[ 2016-12-07T09:44:07+08:00 ] 127.0.0.1 /EASYBUY/index.php/Public/uploads/20161206/5846005eae90d.png
INFO: [ app_init ] --START--
INFO: Run Behavior\BuildLiteBehavior [ RunTime:0.000000s ]
INFO: [ app_init ] --END-- [ RunTime:0.000000s ]
ERR: 无法加载模块:Public

[ 2016-12-07T09:44:08+08:00 ] 127.0.0.1 /EASYBUY/index.php/Public/uploads/20161206/5846005eae90d.png
INFO: [ app_init ] --START--
INFO: Run Behavior\BuildLiteBehavior [ RunTime:0.000000s ]
INFO: [ app_init ] --END-- [ RunTime:0.000000s ]
ERR: 无法加载模块:Public

[ 2016-12-07T09:44:13+08:00 ] 127.0.0.1 /EASYBUY/index.php/Public/uploads/20161206/5846005eae90d.png
INFO: [ app_init ] --START--
INFO: Run Behavior\BuildLiteBehavior [ RunTime:0.000000s ]
INFO: [ app_init ] --END-- [ RunTime:0.000000s ]
ERR: 无法加载模块:Public

[ 2016-12-07T09:44:24+08:00 ] 127.0.0.1 /EASYBUY/index.phpPublic/uploads/20161206/5846005eae90d.png
INFO: [ app_init ] --START--
INFO: Run Behavior\BuildLiteBehavior [ RunTime:0.000000s ]
INFO: [ app_init ] --END-- [ RunTime:0.000000s ]
ERR: 无法加载模块:Index.phpPublic

[ 2016-12-07T09:44:24+08:00 ] 127.0.0.1 /EASYBUY/index.phpPublic/uploads/20161206/5846005eae90d.png
INFO: [ app_init ] --START--
INFO: Run Behavior\BuildLiteBehavior [ RunTime:0.000000s ]
INFO: [ app_init ] --END-- [ RunTime:0.003001s ]
ERR: 无法加载模块:Index.phpPublic

[ 2016-12-07T09:44:24+08:00 ] 127.0.0.1 /EASYBUY/index.phpPublic/uploads/20161206/5846005eae90d.png
INFO: [ app_init ] --START--
INFO: Run Behavior\BuildLiteBehavior [ RunTime:0.000000s ]
INFO: [ app_init ] --END-- [ RunTime:0.000000s ]
ERR: 无法加载模块:Index.phpPublic

[ 2016-12-07T09:45:23+08:00 ] 127.0.0.1 /EASYBUY/Public/uploads/20161206/5846005eae90d.png
INFO: [ app_init ] --START--
INFO: Run Behavior\BuildLiteBehavior [ RunTime:0.000000s ]
INFO: [ app_init ] --END-- [ RunTime:0.001000s ]
ERR: 无法加载模块:Public

[ 2016-12-07T09:45:23+08:00 ] 127.0.0.1 /EASYBUY/Public/uploads/20161206/5846005eae90d.png
INFO: [ app_init ] --START--
INFO: Run Behavior\BuildLiteBehavior [ RunTime:0.000000s ]
INFO: [ app_init ] --END-- [ RunTime:0.001000s ]
ERR: 无法加载模块:Public

[ 2016-12-07T09:45:25+08:00 ] 127.0.0.1 /EASYBUY/Public/uploads/20161206/5846005eae90d.png
INFO: [ app_init ] --START--
INFO: Run Behavior\BuildLiteBehavior [ RunTime:0.000000s ]
INFO: [ app_init ] --END-- [ RunTime:0.000000s ]
ERR: 无法加载模块:Public

[ 2016-12-07T09:45:25+08:00 ] 127.0.0.1 /EASYBUY/Public/uploads/20161206/5846005eae90d.png
INFO: [ app_init ] --START--
INFO: Run Behavior\BuildLiteBehavior [ RunTime:0.000000s ]
INFO: [ app_init ] --END-- [ RunTime:0.001000s ]
ERR: 无法加载模块:Public

[ 2016-12-07T09:45:25+08:00 ] 127.0.0.1 /EASYBUY/Public/uploads/20161206/5846005eae90d.png
INFO: [ app_init ] --START--
INFO: Run Behavior\BuildLiteBehavior [ RunTime:0.000000s ]
INFO: [ app_init ] --END-- [ RunTime:0.000000s ]
ERR: 无法加载模块:Public

[ 2016-12-07T09:45:26+08:00 ] 127.0.0.1 /EASYBUY/Public/uploads/20161206/5846005eae90d.png
INFO: [ app_init ] --START--
INFO: Run Behavior\BuildLiteBehavior [ RunTime:0.000000s ]
INFO: [ app_init ] --END-- [ RunTime:0.000000s ]
ERR: 无法加载模块:Public

[ 2016-12-07T09:45:48+08:00 ] 127.0.0.1 /EASYBUY/Public/uploads/20161206/5846005eae90d.png
INFO: [ app_init ] --START--
INFO: Run Behavior\BuildLiteBehavior [ RunTime:0.000000s ]
INFO: [ app_init ] --END-- [ RunTime:0.000000s ]
ERR: 无法加载模块:Public

[ 2016-12-07T09:45:48+08:00 ] 127.0.0.1 /EASYBUY/Public/uploads/20161206/5846005eae90d.png
INFO: [ app_init ] --START--
INFO: Run Behavior\BuildLiteBehavior [ RunTime:0.000000s ]
INFO: [ app_init ] --END-- [ RunTime:0.001001s ]
ERR: 无法加载模块:Public

[ 2016-12-07T09:45:49+08:00 ] 127.0.0.1 /EASYBUY/Public/uploads/20161206/5846005eae90d.png
INFO: [ app_init ] --START--
INFO: Run Behavior\BuildLiteBehavior [ RunTime:0.000000s ]
INFO: [ app_init ] --END-- [ RunTime:0.000000s ]
ERR: 无法加载模块:Public

[ 2016-12-07T09:45:49+08:00 ] 127.0.0.1 /EASYBUY/Public/uploads/20161206/5846005eae90d.png
INFO: [ app_init ] --START--
INFO: Run Behavior\BuildLiteBehavior [ RunTime:0.000000s ]
INFO: [ app_init ] --END-- [ RunTime:0.000000s ]
ERR: 无法加载模块:Public

[ 2016-12-07T09:45:50+08:00 ] 127.0.0.1 /EASYBUY/Public/uploads/20161206/5846005eae90d.png
INFO: [ app_init ] --START--
INFO: Run Behavior\BuildLiteBehavior [ RunTime:0.000000s ]
INFO: [ app_init ] --END-- [ RunTime:0.000000s ]
ERR: 无法加载模块:Public

[ 2016-12-07T09:45:50+08:00 ] 127.0.0.1 /EASYBUY/Public/uploads/20161206/5846005eae90d.png
INFO: [ app_init ] --START--
INFO: Run Behavior\BuildLiteBehavior [ RunTime:0.000000s ]
INFO: [ app_init ] --END-- [ RunTime:0.001000s ]
ERR: 无法加载模块:Public

[ 2016-12-07T09:45:52+08:00 ] 127.0.0.1 /EASYBUY/Public/uploads/20161206/5846005eae90d.png
INFO: [ app_init ] --START--
INFO: Run Behavior\BuildLiteBehavior [ RunTime:0.000000s ]
INFO: [ app_init ] --END-- [ RunTime:0.001000s ]
ERR: 无法加载模块:Public

[ 2016-12-07T09:47:55+08:00 ] 127.0.0.1 /EASYBUY/Public/uploads/20161206/5846005eae90d.png
INFO: [ app_init ] --START--
INFO: Run Behavior\BuildLiteBehavior [ RunTime:0.000000s ]
INFO: [ app_init ] --END-- [ RunTime:0.000000s ]
ERR: 无法加载模块:Public

[ 2016-12-07T09:47:55+08:00 ] 127.0.0.1 /EASYBUY/Public/uploads/20161206/5846005eae90d.png
INFO: [ app_init ] --START--
INFO: Run Behavior\BuildLiteBehavior [ RunTime:0.000000s ]
INFO: [ app_init ] --END-- [ RunTime:0.001000s ]
ERR: 无法加载模块:Public

[ 2016-12-07T09:47:55+08:00 ] 127.0.0.1 /EASYBUY/Public/uploads/20161206/5846005eae90d.png
INFO: [ app_init ] --START--
INFO: Run Behavior\BuildLiteBehavior [ RunTime:0.000000s ]
INFO: [ app_init ] --END-- [ RunTime:0.000000s ]
ERR: 无法加载模块:Public

[ 2016-12-07T09:47:56+08:00 ] 127.0.0.1 /EASYBUY/Public/uploads/20161206/5846005eae90d.png
INFO: [ app_init ] --START--
INFO: Run Behavior\BuildLiteBehavior [ RunTime:0.000000s ]
INFO: [ app_init ] --END-- [ RunTime:0.000000s ]
ERR: 无法加载模块:Public

[ 2016-12-07T09:47:56+08:00 ] 127.0.0.1 /EASYBUY/Public/uploads/20161206/5846005eae90d.png
INFO: [ app_init ] --START--
INFO: Run Behavior\BuildLiteBehavior [ RunTime:0.000000s ]
INFO: [ app_init ] --END-- [ RunTime:0.000000s ]
ERR: 无法加载模块:Public

[ 2016-12-07T09:47:56+08:00 ] 127.0.0.1 /EASYBUY/Public/uploads/20161206/5846005eae90d.png
INFO: [ app_init ] --START--
INFO: Run Behavior\BuildLiteBehavior [ RunTime:0.000000s ]
INFO: [ app_init ] --END-- [ RunTime:0.001000s ]
ERR: 无法加载模块:Public

[ 2016-12-07T09:47:56+08:00 ] 127.0.0.1 /EASYBUY/Public/uploads/20161206/5846005eae90d.png
INFO: [ app_init ] --START--
INFO: Run Behavior\BuildLiteBehavior [ RunTime:0.001000s ]
INFO: [ app_init ] --END-- [ RunTime:0.003000s ]
ERR: 无法加载模块:Public

[ 2016-12-07T09:47:56+08:00 ] 127.0.0.1 /EASYBUY/Public/uploads/20161206/5846005eae90d.png
INFO: [ app_init ] --START--
INFO: Run Behavior\BuildLiteBehavior [ RunTime:0.000000s ]
INFO: [ app_init ] --END-- [ RunTime:0.001000s ]
ERR: 无法加载模块:Public

[ 2016-12-07T09:47:58+08:00 ] 127.0.0.1 /EASYBUY/Public/uploads/20161206/5846005eae90d.png
INFO: [ app_init ] --START--
INFO: Run Behavior\BuildLiteBehavior [ RunTime:0.000000s ]
INFO: [ app_init ] --END-- [ RunTime:0.000000s ]
ERR: 无法加载模块:Public

[ 2016-12-07T09:47:58+08:00 ] 127.0.0.1 /EASYBUY/Public/uploads/20161206/5846005eae90d.png
INFO: [ app_init ] --START--
INFO: Run Behavior\BuildLiteBehavior [ RunTime:0.000000s ]
INFO: [ app_init ] --END-- [ RunTime:0.001000s ]
ERR: 无法加载模块:Public

[ 2016-12-07T09:48:03+08:00 ] 127.0.0.1 /EASYBUY/Public/uploads/20161206/5846005eae90d.png
INFO: [ app_init ] --START--
INFO: Run Behavior\BuildLiteBehavior [ RunTime:0.000000s ]
INFO: [ app_init ] --END-- [ RunTime:0.000000s ]
ERR: 无法加载模块:Public

[ 2016-12-07T09:48:07+08:00 ] 127.0.0.1 /EASYBUY/Public/uploads/20161206/5846005eae90d.png
INFO: [ app_init ] --START--
INFO: Run Behavior\BuildLiteBehavior [ RunTime:0.000000s ]
INFO: [ app_init ] --END-- [ RunTime:0.001000s ]
ERR: 无法加载模块:Public

[ 2016-12-07T09:48:42+08:00 ] 127.0.0.1 /EASYBUY/Public/uploads/20161206/5846005eae90d.png
INFO: [ app_init ] --START--
INFO: Run Behavior\BuildLiteBehavior [ RunTime:0.000000s ]
INFO: [ app_init ] --END-- [ RunTime:0.001000s ]
ERR: 无法加载模块:Public

[ 2016-12-07T09:48:42+08:00 ] 127.0.0.1 /EASYBUY/Public/uploads/20161206/584600f81b1ec.png
INFO: [ app_init ] --START--
INFO: Run Behavior\BuildLiteBehavior [ RunTime:0.000000s ]
INFO: [ app_init ] --END-- [ RunTime:0.005000s ]
ERR: 无法加载模块:Public

[ 2016-12-07T09:48:42+08:00 ] 127.0.0.1 /EASYBUY/Public/uploads/20161206/584600c13d544.png
INFO: [ app_init ] --START--
INFO: Run Behavior\BuildLiteBehavior [ RunTime:0.000000s ]
INFO: [ app_init ] --END-- [ RunTime:0.002000s ]
ERR: 无法加载模块:Public

[ 2016-12-07T09:48:42+08:00 ] 127.0.0.1 /EASYBUY/Public/uploads/20161206/5846009bb70ed.png
INFO: [ app_init ] --START--
INFO: Run Behavior\BuildLiteBehavior [ RunTime:0.000000s ]
INFO: [ app_init ] --END-- [ RunTime:0.001000s ]
ERR: 无法加载模块:Public

[ 2016-12-07T09:48:42+08:00 ] 127.0.0.1 /EASYBUY/Public/uploads/20161206/584600e3dfe97.png
INFO: [ app_init ] --START--
INFO: Run Behavior\BuildLiteBehavior [ RunTime:0.007000s ]
INFO: [ app_init ] --END-- [ RunTime:0.010000s ]
ERR: 无法加载模块:Public

[ 2016-12-07T09:48:42+08:00 ] 127.0.0.1 /EASYBUY/Public/uploads/20161206/5846005eae90d.png
INFO: [ app_init ] --START--
INFO: Run Behavior\BuildLiteBehavior [ RunTime:0.000000s ]
INFO: [ app_init ] --END-- [ RunTime:0.001000s ]
ERR: 无法加载模块:Public

[ 2016-12-07T09:50:00+08:00 ] 127.0.0.1 /EASYBUY/Public/uploads/20161206/5846005eae90d.png
INFO: [ app_init ] --START--
INFO: Run Behavior\BuildLiteBehavior [ RunTime:0.000000s ]
INFO: [ app_init ] --END-- [ RunTime:0.000000s ]
ERR: 无法加载模块:Public

[ 2016-12-07T09:50:00+08:00 ] 127.0.0.1 /EASYBUY/Public/uploads/20161206/584600e3dfe97.png
INFO: [ app_init ] --START--
INFO: Run Behavior\BuildLiteBehavior [ RunTime:0.000000s ]
INFO: [ app_init ] --END-- [ RunTime:0.000000s ]
ERR: 无法加载模块:Public

[ 2016-12-07T09:50:00+08:00 ] 127.0.0.1 /EASYBUY/Public/uploads/20161206/584600f81b1ec.png
INFO: [ app_init ] --START--
INFO: Run Behavior\BuildLiteBehavior [ RunTime:0.000000s ]
INFO: [ app_init ] --END-- [ RunTime:0.000000s ]
ERR: 无法加载模块:Public

[ 2016-12-07T09:50:00+08:00 ] 127.0.0.1 /EASYBUY/Public/uploads/20161206/5846009bb70ed.png
INFO: [ app_init ] --START--
INFO: Run Behavior\BuildLiteBehavior [ RunTime:0.000000s ]
INFO: [ app_init ] --END-- [ RunTime:0.001000s ]
ERR: 无法加载模块:Public

[ 2016-12-07T09:50:00+08:00 ] 127.0.0.1 /EASYBUY/Public/uploads/20161206/584600c13d544.png
INFO: [ app_init ] --START--
INFO: Run Behavior\BuildLiteBehavior [ RunTime:0.000000s ]
INFO: [ app_init ] --END-- [ RunTime:0.000000s ]
ERR: 无法加载模块:Public

[ 2016-12-07T09:50:00+08:00 ] 127.0.0.1 /EASYBUY/Public/uploads/20161206/5846009bb70ed.png
INFO: [ app_init ] --START--
INFO: Run Behavior\BuildLiteBehavior [ RunTime:0.000000s ]
INFO: [ app_init ] --END-- [ RunTime:0.002000s ]
ERR: 无法加载模块:Public

[ 2016-12-07T09:50:00+08:00 ] 127.0.0.1 /EASYBUY/Public/uploads/20161206/584600f81b1ec.png
INFO: [ app_init ] --START--
INFO: Run Behavior\BuildLiteBehavior [ RunTime:0.000000s ]
INFO: [ app_init ] --END-- [ RunTime:0.002000s ]
ERR: 无法加载模块:Public

[ 2016-12-07T09:50:00+08:00 ] 127.0.0.1 /EASYBUY/Public/uploads/20161206/584600c13d544.png
INFO: [ app_init ] --START--
INFO: Run Behavior\BuildLiteBehavior [ RunTime:0.000000s ]
INFO: [ app_init ] --END-- [ RunTime:0.001000s ]
ERR: 无法加载模块:Public

[ 2016-12-07T09:50:00+08:00 ] 127.0.0.1 /EASYBUY/Public/uploads/20161206/5846005eae90d.png
INFO: [ app_init ] --START--
INFO: Run Behavior\BuildLiteBehavior [ RunTime:0.000000s ]
INFO: [ app_init ] --END-- [ RunTime:0.002000s ]
ERR: 无法加载模块:Public

[ 2016-12-07T09:50:00+08:00 ] 127.0.0.1 /EASYBUY/Public/uploads/20161206/584600e3dfe97.png
INFO: [ app_init ] --START--
INFO: Run Behavior\BuildLiteBehavior [ RunTime:0.000000s ]
INFO: [ app_init ] --END-- [ RunTime:0.002000s ]
ERR: 无法加载模块:Public

[ 2016-12-07T09:50:00+08:00 ] 127.0.0.1 /EASYBUY/Public/uploads/20161206/5846005eae90d.png
INFO: [ app_init ] --START--
INFO: Run Behavior\BuildLiteBehavior [ RunTime:0.000000s ]
INFO: [ app_init ] --END-- [ RunTime:0.001000s ]
ERR: 无法加载模块:Public

[ 2016-12-07T09:50:40+08:00 ] 127.0.0.1 /EASYBUY/Public/uploads/20161206/584600e3dfe97.png
INFO: [ app_init ] --START--
INFO: Run Behavior\BuildLiteBehavior [ RunTime:0.000000s ]
INFO: [ app_init ] --END-- [ RunTime:0.002001s ]
ERR: 无法加载模块:Public

[ 2016-12-07T09:50:40+08:00 ] 127.0.0.1 /EASYBUY/Public/uploads/20161206/584600f81b1ec.png
INFO: [ app_init ] --START--
INFO: Run Behavior\BuildLiteBehavior [ RunTime:0.000000s ]
INFO: [ app_init ] --END-- [ RunTime:0.001000s ]
ERR: 无法加载模块:Public

[ 2016-12-07T09:50:40+08:00 ] 127.0.0.1 /EASYBUY/Public/uploads/20161206/584600c13d544.png
INFO: [ app_init ] --START--
INFO: Run Behavior\BuildLiteBehavior [ RunTime:0.000000s ]
INFO: [ app_init ] --END-- [ RunTime:0.000000s ]
ERR: 无法加载模块:Public

[ 2016-12-07T09:50:40+08:00 ] 127.0.0.1 /EASYBUY/Public/uploads/20161206/5846009bb70ed.png
INFO: [ app_init ] --START--
INFO: Run Behavior\BuildLiteBehavior [ RunTime:0.000000s ]
INFO: [ app_init ] --END-- [ RunTime:0.001001s ]
ERR: 无法加载模块:Public

[ 2016-12-07T09:50:40+08:00 ] 127.0.0.1 /EASYBUY/Public/uploads/20161206/584600e3dfe97.png
INFO: [ app_init ] --START--
INFO: Run Behavior\BuildLiteBehavior [ RunTime:0.000000s ]
INFO: [ app_init ] --END-- [ RunTime:0.000000s ]
ERR: 无法加载模块:Public

[ 2016-12-07T09:50:43+08:00 ] 127.0.0.1 /EASYBUY/Public/uploads/20161206/584600f81b1ec.png
INFO: [ app_init ] --START--
INFO: Run Behavior\BuildLiteBehavior [ RunTime:0.000000s ]
INFO: [ app_init ] --END-- [ RunTime:0.000000s ]
ERR: 无法加载模块:Public

[ 2016-12-07T09:50:43+08:00 ] 127.0.0.1 /EASYBUY/Public/uploads/20161206/584600e3dfe97.png
INFO: [ app_init ] --START--
INFO: Run Behavior\BuildLiteBehavior [ RunTime:0.000000s ]
INFO: [ app_init ] --END-- [ RunTime:0.001000s ]
ERR: 无法加载模块:Public

[ 2016-12-07T09:50:43+08:00 ] 127.0.0.1 /EASYBUY/Public/uploads/20161206/5846009bb70ed.png
INFO: [ app_init ] --START--
INFO: Run Behavior\BuildLiteBehavior [ RunTime:0.000000s ]
INFO: [ app_init ] --END-- [ RunTime:0.001000s ]
ERR: 无法加载模块:Public

[ 2016-12-07T09:50:43+08:00 ] 127.0.0.1 /EASYBUY/Public/uploads/20161206/584600c13d544.png
INFO: [ app_init ] --START--
INFO: Run Behavior\BuildLiteBehavior [ RunTime:0.000000s ]
INFO: [ app_init ] --END-- [ RunTime:0.002000s ]
ERR: 无法加载模块:Public

[ 2016-12-07T09:50:43+08:00 ] 127.0.0.1 /EASYBUY/Public/uploads/20161206/584600f81b1ec.png
INFO: [ app_init ] --START--
INFO: Run Behavior\BuildLiteBehavior [ RunTime:0.000000s ]
INFO: [ app_init ] --END-- [ RunTime:0.001000s ]
ERR: 无法加载模块:Public

[ 2016-12-07T09:50:45+08:00 ] 127.0.0.1 /EASYBUY/Public/uploads/20161206/5846009bb70ed.png
INFO: [ app_init ] --START--
INFO: Run Behavior\BuildLiteBehavior [ RunTime:0.000000s ]
INFO: [ app_init ] --END-- [ RunTime:0.001000s ]
ERR: 无法加载模块:Public

[ 2016-12-07T09:50:45+08:00 ] 127.0.0.1 /EASYBUY/Public/uploads/20161206/584600e3dfe97.png
INFO: [ app_init ] --START--
INFO: Run Behavior\BuildLiteBehavior [ RunTime:0.000000s ]
INFO: [ app_init ] --END-- [ RunTime:0.001000s ]
ERR: 无法加载模块:Public

[ 2016-12-07T09:50:45+08:00 ] 127.0.0.1 /EASYBUY/Public/uploads/20161206/584600f81b1ec.png
INFO: [ app_init ] --START--
INFO: Run Behavior\BuildLiteBehavior [ RunTime:0.000000s ]
INFO: [ app_init ] --END-- [ RunTime:0.001000s ]
ERR: 无法加载模块:Public

[ 2016-12-07T09:50:45+08:00 ] 127.0.0.1 /EASYBUY/Public/uploads/20161206/584600c13d544.png
INFO: [ app_init ] --START--
INFO: Run Behavior\BuildLiteBehavior [ RunTime:0.000000s ]
INFO: [ app_init ] --END-- [ RunTime:0.000000s ]
ERR: 无法加载模块:Public

[ 2016-12-07T09:50:45+08:00 ] 127.0.0.1 /EASYBUY/Public/uploads/20161206/5846009bb70ed.png
INFO: [ app_init ] --START--
INFO: Run Behavior\BuildLiteBehavior [ RunTime:0.000000s ]
INFO: [ app_init ] --END-- [ RunTime:0.001000s ]
ERR: 无法加载模块:Public

[ 2016-12-07T09:50:48+08:00 ] 127.0.0.1 /EASYBUY/Public/uploads/20161206/584600c13d544.png
INFO: [ app_init ] --START--
INFO: Run Behavior\BuildLiteBehavior [ RunTime:0.001000s ]
INFO: [ app_init ] --END-- [ RunTime:0.009001s ]
ERR: 无法加载模块:Public

[ 2016-12-07T09:50:48+08:00 ] 127.0.0.1 /EASYBUY/Public/uploads/20161206/584600f81b1ec.png
INFO: [ app_init ] --START--
INFO: Run Behavior\BuildLiteBehavior [ RunTime:0.000000s ]
INFO: [ app_init ] --END-- [ RunTime:0.006000s ]
ERR: 无法加载模块:Public

[ 2016-12-07T09:50:48+08:00 ] 127.0.0.1 /EASYBUY/Public/uploads/20161206/5846009bb70ed.png
INFO: [ app_init ] --START--
INFO: Run Behavior\BuildLiteBehavior [ RunTime:0.000000s ]
INFO: [ app_init ] --END-- [ RunTime:0.001000s ]
ERR: 无法加载模块:Public

[ 2016-12-07T09:50:48+08:00 ] 127.0.0.1 /EASYBUY/Public/uploads/20161206/584600e3dfe97.png
INFO: [ app_init ] --START--
INFO: Run Behavior\BuildLiteBehavior [ RunTime:0.001000s ]
INFO: [ app_init ] --END-- [ RunTime:0.002000s ]
ERR: 无法加载模块:Public

[ 2016-12-07T09:50:48+08:00 ] 127.0.0.1 /EASYBUY/Public/uploads/20161206/584600c13d544.png
INFO: [ app_init ] --START--
INFO: Run Behavior\BuildLiteBehavior [ RunTime:0.000000s ]
INFO: [ app_init ] --END-- [ RunTime:0.001000s ]
ERR: 无法加载模块:Public

[ 2016-12-07T09:52:31+08:00 ] 127.0.0.1 /EASYBUY/Public/uploads/20161206/584600c13d544.png
INFO: [ app_init ] --START--
INFO: Run Behavior\BuildLiteBehavior [ RunTime:0.000000s ]
INFO: [ app_init ] --END-- [ RunTime:0.001000s ]
ERR: 无法加载模块:Public

[ 2016-12-07T09:52:31+08:00 ] 127.0.0.1 /EASYBUY/Public/uploads/20161206/584600e3dfe97.png
INFO: [ app_init ] --START--
INFO: Run Behavior\BuildLiteBehavior [ RunTime:0.000000s ]
INFO: [ app_init ] --END-- [ RunTime:0.000000s ]
ERR: 无法加载模块:Public

[ 2016-12-07T09:52:31+08:00 ] 127.0.0.1 /EASYBUY/Public/uploads/20161206/584600f81b1ec.png
INFO: [ app_init ] --START--
INFO: Run Behavior\BuildLiteBehavior [ RunTime:0.000000s ]
INFO: [ app_init ] --END-- [ RunTime:0.001000s ]
ERR: 无法加载模块:Public

[ 2016-12-07T09:52:31+08:00 ] 127.0.0.1 /EASYBUY/Public/uploads/20161206/5846009bb70ed.png
INFO: [ app_init ] --START--
INFO: Run Behavior\BuildLiteBehavior [ RunTime:0.000000s ]
INFO: [ app_init ] --END-- [ RunTime:0.000000s ]
ERR: 无法加载模块:Public

[ 2016-12-07T09:52:31+08:00 ] 127.0.0.1 /EASYBUY/Public/uploads/20161206/584600c13d544.png
INFO: [ app_init ] --START--
INFO: Run Behavior\BuildLiteBehavior [ RunTime:0.000000s ]
INFO: [ app_init ] --END-- [ RunTime:0.000000s ]
ERR: 无法加载模块:Public

[ 2016-12-07T09:52:31+08:00 ] 127.0.0.1 /EASYBUY/Public/uploads/20161206/584600f81b1ec.png
INFO: [ app_init ] --START--
INFO: Run Behavior\BuildLiteBehavior [ RunTime:0.000000s ]
INFO: [ app_init ] --END-- [ RunTime:0.001000s ]
ERR: 无法加载模块:Public

[ 2016-12-07T09:52:31+08:00 ] 127.0.0.1 /EASYBUY/Public/uploads/20161206/5846009bb70ed.png
INFO: [ app_init ] --START--
INFO: Run Behavior\BuildLiteBehavior [ RunTime:0.000000s ]
INFO: [ app_init ] --END-- [ RunTime:0.001000s ]
ERR: 无法加载模块:Public

[ 2016-12-07T09:52:31+08:00 ] 127.0.0.1 /EASYBUY/Public/uploads/20161206/584600e3dfe97.png
INFO: [ app_init ] --START--
INFO: Run Behavior\BuildLiteBehavior [ RunTime:0.000000s ]
INFO: [ app_init ] --END-- [ RunTime:0.002000s ]
ERR: 无法加载模块:Public

[ 2016-12-07T09:52:31+08:00 ] 127.0.0.1 /EASYBUY/Public/uploads/20161206/584600c13d544.png
INFO: [ app_init ] --START--
INFO: Run Behavior\BuildLiteBehavior [ RunTime:0.000000s ]
INFO: [ app_init ] --END-- [ RunTime:0.001000s ]
ERR: 无法加载模块:Public

[ 2016-12-07T09:52:35+08:00 ] 127.0.0.1 /EASYBUY/Public/uploads/20161206/5846005eae90d.png
INFO: [ app_init ] --START--
INFO: Run Behavior\BuildLiteBehavior [ RunTime:0.000000s ]
INFO: [ app_init ] --END-- [ RunTime:0.001000s ]
ERR: 无法加载模块:Public

[ 2016-12-07T09:52:35+08:00 ] 127.0.0.1 /EASYBUY/Public/uploads/20161206/584600c13d544.png
INFO: [ app_init ] --START--
INFO: Run Behavior\BuildLiteBehavior [ RunTime:0.000000s ]
INFO: [ app_init ] --END-- [ RunTime:0.001000s ]
ERR: 无法加载模块:Public

[ 2016-12-07T09:52:35+08:00 ] 127.0.0.1 /EASYBUY/Public/uploads/20161206/584600f81b1ec.png
INFO: [ app_init ] --START--
INFO: Run Behavior\BuildLiteBehavior [ RunTime:0.000000s ]
INFO: [ app_init ] --END-- [ RunTime:0.001000s ]
ERR: 无法加载模块:Public

[ 2016-12-07T09:52:35+08:00 ] 127.0.0.1 /EASYBUY/Public/uploads/20161206/5846009bb70ed.png
INFO: [ app_init ] --START--
INFO: Run Behavior\BuildLiteBehavior [ RunTime:0.000000s ]
INFO: [ app_init ] --END-- [ RunTime:0.002000s ]
ERR: 无法加载模块:Public

[ 2016-12-07T09:52:35+08:00 ] 127.0.0.1 /EASYBUY/Public/uploads/20161206/584600e3dfe97.png
INFO: [ app_init ] --START--
INFO: Run Behavior\BuildLiteBehavior [ RunTime:0.000000s ]
INFO: [ app_init ] --END-- [ RunTime:0.002000s ]
ERR: 无法加载模块:Public

[ 2016-12-07T09:52:35+08:00 ] 127.0.0.1 /EASYBUY/Public/uploads/20161206/5846005eae90d.png
INFO: [ app_init ] --START--
INFO: Run Behavior\BuildLiteBehavior [ RunTime:0.000000s ]
INFO: [ app_init ] --END-- [ RunTime:0.000000s ]
ERR: 无法加载模块:Public

[ 2016-12-07T09:52:36+08:00 ] 127.0.0.1 /EASYBUY/Public/uploads/20161206/5846005eae90d.png
INFO: [ app_init ] --START--
INFO: Run Behavior\BuildLiteBehavior [ RunTime:0.000000s ]
INFO: [ app_init ] --END-- [ RunTime:0.001000s ]
ERR: 无法加载模块:Public

[ 2016-12-07T09:55:06+08:00 ] 127.0.0.1 /EASYBUY/Public/uploads/20161206/5846005eae90d.png
INFO: [ app_init ] --START--
INFO: Run Behavior\BuildLiteBehavior [ RunTime:0.000000s ]
INFO: [ app_init ] --END-- [ RunTime:0.001000s ]
ERR: 无法加载模块:Public

[ 2016-12-07T09:55:15+08:00 ] 127.0.0.1 /EASYBUY/Public/uploads/20161206/5846005eae90d.png
INFO: [ app_init ] --START--
INFO: Run Behavior\BuildLiteBehavior [ RunTime:0.000000s ]
INFO: [ app_init ] --END-- [ RunTime:0.000000s ]
ERR: 无法加载模块:Public

[ 2016-12-07T09:55:18+08:00 ] 127.0.0.1 /EASYBUY/Public/home/css/bootstrap.css.map
INFO: [ app_init ] --START--
INFO: Run Behavior\BuildLiteBehavior [ RunTime:0.001000s ]
INFO: [ app_init ] --END-- [ RunTime:0.001000s ]
ERR: 无法加载模块:Public

[ 2016-12-07T09:55:30+08:00 ] 127.0.0.1 /EASYBUY/Public/uploads/20161206/5846005eae90d.png
INFO: [ app_init ] --START--
INFO: Run Behavior\BuildLiteBehavior [ RunTime:0.000000s ]
INFO: [ app_init ] --END-- [ RunTime:0.001000s ]
ERR: 无法加载模块:Public

[ 2016-12-07T09:57:09+08:00 ] 127.0.0.1 /EASYBUY/Public/uploads/20161206/5846005eae90d.png
INFO: [ app_init ] --START--
INFO: Run Behavior\BuildLiteBehavior [ RunTime:0.000000s ]
INFO: [ app_init ] --END-- [ RunTime:0.000000s ]
ERR: 无法加载模块:Public

[ 2016-12-07T09:57:10+08:00 ] 127.0.0.1 /EASYBUY/Public/uploads/20161206/5846005eae90d.png
INFO: [ app_init ] --START--
INFO: Run Behavior\BuildLiteBehavior [ RunTime:0.001000s ]
INFO: [ app_init ] --END-- [ RunTime:0.001000s ]
ERR: 无法加载模块:Public

[ 2016-12-07T09:57:50+08:00 ] 127.0.0.1 /EASYBUY/Public/uploads/20161206/5846005eae90d.png
INFO: [ app_init ] --START--
INFO: Run Behavior\BuildLiteBehavior [ RunTime:0.000000s ]
INFO: [ app_init ] --END-- [ RunTime:0.001000s ]
ERR: 无法加载模块:Public

[ 2016-12-07T09:57:50+08:00 ] 127.0.0.1 /EASYBUY/Public/uploads/20161206/584600e3dfe97.png
INFO: [ app_init ] --START--
INFO: Run Behavior\BuildLiteBehavior [ RunTime:0.000000s ]
INFO: [ app_init ] --END-- [ RunTime:0.001000s ]
ERR: 无法加载模块:Public

[ 2016-12-07T09:57:50+08:00 ] 127.0.0.1 /EASYBUY/Public/uploads/20161206/584600f81b1ec.png
INFO: [ app_init ] --START--
INFO: Run Behavior\BuildLiteBehavior [ RunTime:0.000000s ]
INFO: [ app_init ] --END-- [ RunTime:0.000000s ]
ERR: 无法加载模块:Public

[ 2016-12-07T09:57:50+08:00 ] 127.0.0.1 /EASYBUY/Public/uploads/20161206/5846009bb70ed.png
INFO: [ app_init ] --START--
INFO: Run Behavior\BuildLiteBehavior [ RunTime:0.000000s ]
INFO: [ app_init ] --END-- [ RunTime:0.001000s ]
ERR: 无法加载模块:Public

[ 2016-12-07T09:57:50+08:00 ] 127.0.0.1 /EASYBUY/Public/uploads/20161206/584600c13d544.png
INFO: [ app_init ] --START--
INFO: Run Behavior\BuildLiteBehavior [ RunTime:0.000000s ]
INFO: [ app_init ] --END-- [ RunTime:0.000000s ]
ERR: 无法加载模块:Public

[ 2016-12-07T09:57:50+08:00 ] 127.0.0.1 /EASYBUY/Public/home/css/bootstrap.css.map
INFO: [ app_init ] --START--
INFO: Run Behavior\BuildLiteBehavior [ RunTime:0.000000s ]
INFO: [ app_init ] --END-- [ RunTime:0.000000s ]
ERR: 无法加载模块:Public

[ 2016-12-07T09:57:50+08:00 ] 127.0.0.1 /EASYBUY/Public/uploads/20161206/584600f81b1ec.png
INFO: [ app_init ] --START--
INFO: Run Behavior\BuildLiteBehavior [ RunTime:0.000000s ]
INFO: [ app_init ] --END-- [ RunTime:0.001000s ]
ERR: 无法加载模块:Public

[ 2016-12-07T09:57:50+08:00 ] 127.0.0.1 /EASYBUY/Public/uploads/20161206/584600e3dfe97.png
INFO: [ app_init ] --START--
INFO: Run Behavior\BuildLiteBehavior [ RunTime:0.000000s ]
INFO: [ app_init ] --END-- [ RunTime:0.001000s ]
ERR: 无法加载模块:Public

[ 2016-12-07T09:57:50+08:00 ] 127.0.0.1 /EASYBUY/Public/uploads/20161206/5846005eae90d.png
INFO: [ app_init ] --START--
INFO: Run Behavior\BuildLiteBehavior [ RunTime:0.000000s ]
INFO: [ app_init ] --END-- [ RunTime:0.001000s ]
ERR: 无法加载模块:Public

[ 2016-12-07T09:57:50+08:00 ] 127.0.0.1 /EASYBUY/Public/uploads/20161206/5846009bb70ed.png
INFO: [ app_init ] --START--
INFO: Run Behavior\BuildLiteBehavior [ RunTime:0.000000s ]
INFO: [ app_init ] --END-- [ RunTime:0.002000s ]
ERR: 无法加载模块:Public

[ 2016-12-07T09:57:50+08:00 ] 127.0.0.1 /EASYBUY/Public/uploads/20161206/584600c13d544.png
INFO: [ app_init ] --START--
INFO: Run Behavior\BuildLiteBehavior [ RunTime:0.000000s ]
INFO: [ app_init ] --END-- [ RunTime:0.000000s ]
ERR: 无法加载模块:Public

[ 2016-12-07T09:57:50+08:00 ] 127.0.0.1 /EASYBUY/Public/uploads/20161206/5846005eae90d.png
INFO: [ app_init ] --START--
INFO: Run Behavior\BuildLiteBehavior [ RunTime:0.000000s ]
INFO: [ app_init ] --END-- [ RunTime:0.000000s ]
ERR: 无法加载模块:Public

[ 2016-12-07T09:57:52+08:00 ] 127.0.0.1 /EASYBUY/Public/uploads/20161206/5846005eae90d.png
INFO: [ app_init ] --START--
INFO: Run Behavior\BuildLiteBehavior [ RunTime:0.000000s ]
INFO: [ app_init ] --END-- [ RunTime:0.000000s ]
ERR: 无法加载模块:Public

[ 2016-12-07T10:03:48+08:00 ] 127.0.0.1 /EASYBUY/Public/uploads/20161206/5846008288e74.png
INFO: [ app_init ] --START--
INFO: Run Behavior\BuildLiteBehavior [ RunTime:0.000000s ]
INFO: [ app_init ] --END-- [ RunTime:0.001000s ]
ERR: 无法加载模块:Public

[ 2016-12-07T10:03:48+08:00 ] 127.0.0.1 /EASYBUY/Public/uploads/20161206/584600e3dfe97.png
INFO: [ app_init ] --START--
INFO: Run Behavior\BuildLiteBehavior [ RunTime:0.000000s ]
INFO: [ app_init ] --END-- [ RunTime:0.001000s ]
ERR: 无法加载模块:Public

[ 2016-12-07T10:03:48+08:00 ] 127.0.0.1 /EASYBUY/Public/uploads/20161206/584600f81b1ec.png
INFO: [ app_init ] --START--
INFO: Run Behavior\BuildLiteBehavior [ RunTime:0.000000s ]
INFO: [ app_init ] --END-- [ RunTime:0.001000s ]
ERR: 无法加载模块:Public

[ 2016-12-07T10:03:48+08:00 ] 127.0.0.1 /EASYBUY/Public/uploads/20161206/5846009bb70ed.png
INFO: [ app_init ] --START--
INFO: Run Behavior\BuildLiteBehavior [ RunTime:0.000000s ]
INFO: [ app_init ] --END-- [ RunTime:0.001000s ]
ERR: 无法加载模块:Public

[ 2016-12-07T10:03:48+08:00 ] 127.0.0.1 /EASYBUY/Public/uploads/20161206/584600c13d544.png
INFO: [ app_init ] --START--
INFO: Run Behavior\BuildLiteBehavior [ RunTime:0.000000s ]
INFO: [ app_init ] --END-- [ RunTime:0.001000s ]
ERR: 无法加载模块:Public

[ 2016-12-07T10:03:48+08:00 ] 127.0.0.1 /EASYBUY/Public/uploads/20161206/5846008288e74.png
INFO: [ app_init ] --START--
INFO: Run Behavior\BuildLiteBehavior [ RunTime:0.001000s ]
INFO: [ app_init ] --END-- [ RunTime:0.002000s ]
ERR: 无法加载模块:Public

[ 2016-12-07T10:03:48+08:00 ] 127.0.0.1 /EASYBUY/Public/home/css/bootstrap.css.map
INFO: [ app_init ] --START--
INFO: Run Behavior\BuildLiteBehavior [ RunTime:0.000000s ]
INFO: [ app_init ] --END-- [ RunTime:0.000000s ]
ERR: 无法加载模块:Public

[ 2016-12-07T10:03:48+08:00 ] 127.0.0.1 /EASYBUY/Public/uploads/20161206/5846008288e74.png
INFO: [ app_init ] --START--
INFO: Run Behavior\BuildLiteBehavior [ RunTime:0.000000s ]
INFO: [ app_init ] --END-- [ RunTime:0.001000s ]
ERR: 无法加载模块:Public

[ 2016-12-07T10:05:12+08:00 ] 127.0.0.1 /EASYBUY/Public/uploads/20161206/584600e3dfe97.png
INFO: [ app_init ] --START--
INFO: Run Behavior\BuildLiteBehavior [ RunTime:0.000000s ]
INFO: [ app_init ] --END-- [ RunTime:0.001000s ]
ERR: 无法加载模块:Public

[ 2016-12-07T10:05:12+08:00 ] 127.0.0.1 /EASYBUY/Public/uploads/20161206/584600f81b1ec.png
INFO: [ app_init ] --START--
INFO: Run Behavior\BuildLiteBehavior [ RunTime:0.000000s ]
INFO: [ app_init ] --END-- [ RunTime:0.000000s ]
ERR: 无法加载模块:Public

[ 2016-12-07T10:05:12+08:00 ] 127.0.0.1 /EASYBUY/Public/uploads/20161206/5846009bb70ed.png
INFO: [ app_init ] --START--
INFO: Run Behavior\BuildLiteBehavior [ RunTime:0.000000s ]
INFO: [ app_init ] --END-- [ RunTime:0.001000s ]
ERR: 无法加载模块:Public

[ 2016-12-07T10:05:12+08:00 ] 127.0.0.1 /EASYBUY/Public/uploads/20161206/584600c13d544.png
INFO: [ app_init ] --START--
INFO: Run Behavior\BuildLiteBehavior [ RunTime:0.000000s ]
INFO: [ app_init ] --END-- [ RunTime:0.000000s ]
ERR: 无法加载模块:Public

[ 2016-12-07T10:05:13+08:00 ] 127.0.0.1 /EASYBUY/Public/uploads/20161206/584600f81b1ec.png
INFO: [ app_init ] --START--
INFO: Run Behavior\BuildLiteBehavior [ RunTime:0.000000s ]
INFO: [ app_init ] --END-- [ RunTime:0.001000s ]
ERR: 无法加载模块:Public

[ 2016-12-07T10:05:13+08:00 ] 127.0.0.1 /EASYBUY/Public/uploads/20161206/584600c13d544.png
INFO: [ app_init ] --START--
INFO: Run Behavior\BuildLiteBehavior [ RunTime:0.000000s ]
INFO: [ app_init ] --END-- [ RunTime:0.021001s ]
ERR: 无法加载模块:Public

[ 2016-12-07T10:05:13+08:00 ] 127.0.0.1 /EASYBUY/Public/uploads/20161206/5846009bb70ed.png
INFO: [ app_init ] --START--
INFO: Run Behavior\BuildLiteBehavior [ RunTime:0.001000s ]
INFO: [ app_init ] --END-- [ RunTime:0.004000s ]
ERR: 无法加载模块:Public

[ 2016-12-07T10:05:13+08:00 ] 127.0.0.1 /EASYBUY/Public/uploads/20161206/584600e3dfe97.png
INFO: [ app_init ] --START--
INFO: Run Behavior\BuildLiteBehavior [ RunTime:0.000000s ]
INFO: [ app_init ] --END-- [ RunTime:0.012000s ]
ERR: 无法加载模块:Public

[ 2016-12-07T10:05:13+08:00 ] 127.0.0.1 /EASYBUY/Public/home/css/bootstrap.css.map
INFO: [ app_init ] --START--
INFO: Run Behavior\BuildLiteBehavior [ RunTime:0.000000s ]
INFO: [ app_init ] --END-- [ RunTime:0.002000s ]
ERR: 无法加载模块:Public

[ 2016-12-07T10:07:05+08:00 ] 127.0.0.1 /EASYBUY/Public/uploads/20161206/584600e3dfe97.png
INFO: [ app_init ] --START--
INFO: Run Behavior\BuildLiteBehavior [ RunTime:0.000000s ]
INFO: [ app_init ] --END-- [ RunTime:0.001000s ]
ERR: 无法加载模块:Public

[ 2016-12-07T10:07:05+08:00 ] 127.0.0.1 /EASYBUY/Public/uploads/20161206/584600f81b1ec.png
INFO: [ app_init ] --START--
INFO: Run Behavior\BuildLiteBehavior [ RunTime:0.000000s ]
INFO: [ app_init ] --END-- [ RunTime:0.001000s ]
ERR: 无法加载模块:Public

[ 2016-12-07T10:07:05+08:00 ] 127.0.0.1 /EASYBUY/Public/uploads/20161206/5846009bb70ed.png
INFO: [ app_init ] --START--
INFO: Run Behavior\BuildLiteBehavior [ RunTime:0.000000s ]
INFO: [ app_init ] --END-- [ RunTime:0.000000s ]
ERR: 无法加载模块:Public

[ 2016-12-07T10:07:05+08:00 ] 127.0.0.1 /EASYBUY/Public/uploads/20161206/584600c13d544.png
INFO: [ app_init ] --START--
INFO: Run Behavior\BuildLiteBehavior [ RunTime:0.000000s ]
INFO: [ app_init ] --END-- [ RunTime:0.000000s ]
ERR: 无法加载模块:Public

[ 2016-12-07T10:07:05+08:00 ] 127.0.0.1 /EASYBUY/Public/uploads/20161206/5846009bb70ed.png
INFO: [ app_init ] --START--
INFO: Run Behavior\BuildLiteBehavior [ RunTime:0.000000s ]
INFO: [ app_init ] --END-- [ RunTime:0.001000s ]
ERR: 无法加载模块:Public

[ 2016-12-07T10:07:05+08:00 ] 127.0.0.1 /EASYBUY/Public/uploads/20161206/584600c13d544.png
INFO: [ app_init ] --START--
INFO: Run Behavior\BuildLiteBehavior [ RunTime:0.000000s ]
INFO: [ app_init ] --END-- [ RunTime:0.001000s ]
ERR: 无法加载模块:Public

[ 2016-12-07T10:07:05+08:00 ] 127.0.0.1 /EASYBUY/Public/uploads/20161206/584600e3dfe97.png
INFO: [ app_init ] --START--
INFO: Run Behavior\BuildLiteBehavior [ RunTime:0.000000s ]
INFO: [ app_init ] --END-- [ RunTime:0.001000s ]
ERR: 无法加载模块:Public

[ 2016-12-07T10:07:05+08:00 ] 127.0.0.1 /EASYBUY/Public/uploads/20161206/584600f81b1ec.png
INFO: [ app_init ] --START--
INFO: Run Behavior\BuildLiteBehavior [ RunTime:0.001000s ]
INFO: [ app_init ] --END-- [ RunTime:0.003001s ]
ERR: 无法加载模块:Public

[ 2016-12-07T10:11:01+08:00 ] 127.0.0.1 /EASYBUY/Public/uploads/20161206/584600e3dfe97.png
INFO: [ app_init ] --START--
INFO: Run Behavior\BuildLiteBehavior [ RunTime:0.000000s ]
INFO: [ app_init ] --END-- [ RunTime:0.000000s ]
ERR: 无法加载模块:Public

[ 2016-12-07T10:11:01+08:00 ] 127.0.0.1 /EASYBUY/Public/uploads/20161206/584600f81b1ec.png
INFO: [ app_init ] --START--
INFO: Run Behavior\BuildLiteBehavior [ RunTime:0.000000s ]
INFO: [ app_init ] --END-- [ RunTime:0.001000s ]
ERR: 无法加载模块:Public

[ 2016-12-07T10:11:02+08:00 ] 127.0.0.1 /EASYBUY/Public/uploads/20161206/5846009bb70ed.png
INFO: [ app_init ] --START--
INFO: Run Behavior\BuildLiteBehavior [ RunTime:0.000000s ]
INFO: [ app_init ] --END-- [ RunTime:0.000000s ]
ERR: 无法加载模块:Public

[ 2016-12-07T10:11:02+08:00 ] 127.0.0.1 /EASYBUY/Public/uploads/20161206/584600c13d544.png
INFO: [ app_init ] --START--
INFO: Run Behavior\BuildLiteBehavior [ RunTime:0.000000s ]
INFO: [ app_init ] --END-- [ RunTime:0.001000s ]
ERR: 无法加载模块:Public

[ 2016-12-07T10:11:02+08:00 ] 127.0.0.1 /EASYBUY/Public/uploads/20161206/584600e3dfe97.png
INFO: [ app_init ] --START--
INFO: Run Behavior\BuildLiteBehavior [ RunTime:0.000000s ]
INFO: [ app_init ] --END-- [ RunTime:0.000000s ]
ERR: 无法加载模块:Public

[ 2016-12-07T10:11:02+08:00 ] 127.0.0.1 /EASYBUY/Public/uploads/20161206/5846009bb70ed.png
INFO: [ app_init ] --START--
INFO: Run Behavior\BuildLiteBehavior [ RunTime:0.000000s ]
INFO: [ app_init ] --END-- [ RunTime:0.001000s ]
ERR: 无法加载模块:Public

[ 2016-12-07T10:11:02+08:00 ] 127.0.0.1 /EASYBUY/Public/uploads/20161206/584600c13d544.png
INFO: [ app_init ] --START--
INFO: Run Behavior\BuildLiteBehavior [ RunTime:0.000000s ]
INFO: [ app_init ] --END-- [ RunTime:0.001001s ]
ERR: 无法加载模块:Public

[ 2016-12-07T10:11:02+08:00 ] 127.0.0.1 /EASYBUY/Public/uploads/20161206/584600f81b1ec.png
INFO: [ app_init ] --START--
INFO: Run Behavior\BuildLiteBehavior [ RunTime:0.000000s ]
INFO: [ app_init ] --END-- [ RunTime:0.000000s ]
ERR: 无法加载模块:Public

[ 2016-12-07T10:11:43+08:00 ] 127.0.0.1 /EASYBUY/Public/uploads/20161206/584600f81b1ec.png
INFO: [ app_init ] --START--
INFO: Run Behavior\BuildLiteBehavior [ RunTime:0.000000s ]
INFO: [ app_init ] --END-- [ RunTime:0.000000s ]
ERR: 无法加载模块:Public

[ 2016-12-07T10:11:43+08:00 ] 127.0.0.1 /EASYBUY/Public/uploads/20161206/584600e3dfe97.png
INFO: [ app_init ] --START--
INFO: Run Behavior\BuildLiteBehavior [ RunTime:0.001000s ]
INFO: [ app_init ] --END-- [ RunTime:0.001000s ]
ERR: 无法加载模块:Public

[ 2016-12-07T10:11:43+08:00 ] 127.0.0.1 /EASYBUY/Public/uploads/20161206/5846009bb70ed.png
INFO: [ app_init ] --START--
INFO: Run Behavior\BuildLiteBehavior [ RunTime:0.000000s ]
INFO: [ app_init ] --END-- [ RunTime:0.000000s ]
ERR: 无法加载模块:Public

[ 2016-12-07T10:11:43+08:00 ] 127.0.0.1 /EASYBUY/Public/uploads/20161206/584600c13d544.png
INFO: [ app_init ] --START--
INFO: Run Behavior\BuildLiteBehavior [ RunTime:0.000000s ]
INFO: [ app_init ] --END-- [ RunTime:0.001000s ]
ERR: 无法加载模块:Public

[ 2016-12-07T10:36:07+08:00 ] 127.0.0.1 /EASYBUY/Public/uploads/20161206/584600e3dfe97.png
INFO: [ app_init ] --START--
INFO: Run Behavior\BuildLiteBehavior [ RunTime:0.000000s ]
INFO: [ app_init ] --END-- [ RunTime:0.000000s ]
ERR: 无法加载模块:Public

[ 2016-12-07T10:36:07+08:00 ] 127.0.0.1 /EASYBUY/Public/uploads/20161206/584600f81b1ec.png
INFO: [ app_init ] --START--
INFO: Run Behavior\BuildLiteBehavior [ RunTime:0.000000s ]
INFO: [ app_init ] --END-- [ RunTime:0.001000s ]
ERR: 无法加载模块:Public

[ 2016-12-07T10:36:07+08:00 ] 127.0.0.1 /EASYBUY/Public/uploads/20161206/5846009bb70ed.png
INFO: [ app_init ] --START--
INFO: Run Behavior\BuildLiteBehavior [ RunTime:0.000000s ]
INFO: [ app_init ] --END-- [ RunTime:0.000000s ]
ERR: 无法加载模块:Public

[ 2016-12-07T10:36:07+08:00 ] 127.0.0.1 /EASYBUY/Public/uploads/20161206/584600c13d544.png
INFO: [ app_init ] --START--
INFO: Run Behavior\BuildLiteBehavior [ RunTime:0.000000s ]
INFO: [ app_init ] --END-- [ RunTime:0.000000s ]
ERR: 无法加载模块:Public

[ 2016-12-07T10:36:07+08:00 ] 127.0.0.1 /EASYBUY/Public/uploads/20161206/584600e3dfe97.png
INFO: [ app_init ] --START--
INFO: Run Behavior\BuildLiteBehavior [ RunTime:0.000000s ]
INFO: [ app_init ] --END-- [ RunTime:0.001000s ]
ERR: 无法加载模块:Public

[ 2016-12-07T10:36:07+08:00 ] 127.0.0.1 /EASYBUY/Public/uploads/20161206/584600f81b1ec.png
INFO: [ app_init ] --START--
INFO: Run Behavior\BuildLiteBehavior [ RunTime:0.000000s ]
INFO: [ app_init ] --END-- [ RunTime:0.000000s ]
ERR: 无法加载模块:Public

[ 2016-12-07T10:36:07+08:00 ] 127.0.0.1 /EASYBUY/Public/uploads/20161206/5846009bb70ed.png
INFO: [ app_init ] --START--
INFO: Run Behavior\BuildLiteBehavior [ RunTime:0.000000s ]
INFO: [ app_init ] --END-- [ RunTime:0.000000s ]
ERR: 无法加载模块:Public

[ 2016-12-07T10:36:07+08:00 ] 127.0.0.1 /EASYBUY/Public/uploads/20161206/584600c13d544.png
INFO: [ app_init ] --START--
INFO: Run Behavior\BuildLiteBehavior [ RunTime:0.000000s ]
INFO: [ app_init ] --END-- [ RunTime:0.001000s ]
ERR: 无法加载模块:Public

[ 2016-12-07T10:53:18+08:00 ] 127.0.0.1 /EASYBUY/Public/uploads/20161206/584600e3dfe97.png
INFO: [ app_init ] --START--
INFO: Run Behavior\BuildLiteBehavior [ RunTime:0.000000s ]
INFO: [ app_init ] --END-- [ RunTime:0.000000s ]
ERR: 无法加载模块:Public

[ 2016-12-07T10:53:18+08:00 ] 127.0.0.1 /EASYBUY/Public/uploads/20161206/584600f81b1ec.png
INFO: [ app_init ] --START--
INFO: Run Behavior\BuildLiteBehavior [ RunTime:0.000000s ]
INFO: [ app_init ] --END-- [ RunTime:0.001000s ]
ERR: 无法加载模块:Public

[ 2016-12-07T10:53:18+08:00 ] 127.0.0.1 /EASYBUY/Public/uploads/20161206/5846009bb70ed.png
INFO: [ app_init ] --START--
INFO: Run Behavior\BuildLiteBehavior [ RunTime:0.000000s ]
INFO: [ app_init ] --END-- [ RunTime:0.000000s ]
ERR: 无法加载模块:Public

[ 2016-12-07T10:53:18+08:00 ] 127.0.0.1 /EASYBUY/Public/uploads/20161206/584600c13d544.png
INFO: [ app_init ] --START--
INFO: Run Behavior\BuildLiteBehavior [ RunTime:0.000000s ]
INFO: [ app_init ] --END-- [ RunTime:0.001001s ]
ERR: 无法加载模块:Public

[ 2016-12-07T10:53:18+08:00 ] 127.0.0.1 /EASYBUY/Public/uploads/20161206/584600c13d544.png
INFO: [ app_init ] --START--
INFO: Run Behavior\BuildLiteBehavior [ RunTime:0.001000s ]
INFO: [ app_init ] --END-- [ RunTime:0.002000s ]
ERR: 无法加载模块:Public

[ 2016-12-07T10:53:18+08:00 ] 127.0.0.1 /EASYBUY/Public/uploads/20161206/5846009bb70ed.png
INFO: [ app_init ] --START--
INFO: Run Behavior\BuildLiteBehavior [ RunTime:0.003000s ]
INFO: [ app_init ] --END-- [ RunTime:0.007000s ]
ERR: 无法加载模块:Public

[ 2016-12-07T10:53:18+08:00 ] 127.0.0.1 /EASYBUY/Public/uploads/20161206/584600f81b1ec.png
INFO: [ app_init ] --START--
INFO: Run Behavior\BuildLiteBehavior [ RunTime:0.000000s ]
INFO: [ app_init ] --END-- [ RunTime:0.001000s ]
ERR: 无法加载模块:Public

[ 2016-12-07T10:53:18+08:00 ] 127.0.0.1 /EASYBUY/Public/uploads/20161206/584600e3dfe97.png
INFO: [ app_init ] --START--
INFO: Run Behavior\BuildLiteBehavior [ RunTime:0.000000s ]
INFO: [ app_init ] --END-- [ RunTime:0.001000s ]
ERR: 无法加载模块:Public

[ 2016-12-07T11:07:31+08:00 ] 127.0.0.1 /EASYBUY/Public/uploads/20161206/5846009bb70ed.png
INFO: [ app_init ] --START--
INFO: Run Behavior\BuildLiteBehavior [ RunTime:0.000000s ]
INFO: [ app_init ] --END-- [ RunTime:0.000000s ]
ERR: 无法加载模块:Public

[ 2016-12-07T11:07:31+08:00 ] 127.0.0.1 /EASYBUY/Public/uploads/20161206/584600e3dfe97.png
INFO: [ app_init ] --START--
INFO: Run Behavior\BuildLiteBehavior [ RunTime:0.000000s ]
INFO: [ app_init ] --END-- [ RunTime:0.000000s ]
ERR: 无法加载模块:Public

[ 2016-12-07T11:07:32+08:00 ] 127.0.0.1 /EASYBUY/Public/uploads/20161206/584600c13d544.png
INFO: [ app_init ] --START--
INFO: Run Behavior\BuildLiteBehavior [ RunTime:0.000000s ]
INFO: [ app_init ] --END-- [ RunTime:0.001000s ]
ERR: 无法加载模块:Public

[ 2016-12-07T11:07:32+08:00 ] 127.0.0.1 /EASYBUY/Public/uploads/20161206/584600f81b1ec.png
INFO: [ app_init ] --START--
INFO: Run Behavior\BuildLiteBehavior [ RunTime:0.001000s ]
INFO: [ app_init ] --END-- [ RunTime:0.001000s ]
ERR: 无法加载模块:Public

[ 2016-12-07T11:07:32+08:00 ] 127.0.0.1 /EASYBUY/Public/uploads/20161206/5846009bb70ed.png
INFO: [ app_init ] --START--
INFO: Run Behavior\BuildLiteBehavior [ RunTime:0.000000s ]
INFO: [ app_init ] --END-- [ RunTime:0.001000s ]
ERR: 无法加载模块:Public

[ 2016-12-07T11:07:32+08:00 ] 127.0.0.1 /EASYBUY/Public/uploads/20161206/5846009bb70ed.png
INFO: [ app_init ] --START--
INFO: Run Behavior\BuildLiteBehavior [ RunTime:0.000000s ]
INFO: [ app_init ] --END-- [ RunTime:0.001000s ]
ERR: 无法加载模块:Public

[ 2016-12-07T11:07:33+08:00 ] 127.0.0.1 /EASYBUY/Public/uploads/20161206/5846009bb70ed.png
INFO: [ app_init ] --START--
INFO: Run Behavior\BuildLiteBehavior [ RunTime:0.000000s ]
INFO: [ app_init ] --END-- [ RunTime:0.001000s ]
ERR: 无法加载模块:Public

[ 2016-12-07T14:35:02+08:00 ] 127.0.0.1 /EASYBUY/Public/uploads/20161206/584600e3dfe97.png
INFO: [ app_init ] --START--
INFO: Run Behavior\BuildLiteBehavior [ RunTime:0.000000s ]
INFO: [ app_init ] --END-- [ RunTime:0.000000s ]
ERR: 无法加载模块:Public

[ 2016-12-07T14:35:02+08:00 ] 127.0.0.1 /EASYBUY/Public/uploads/20161206/584600f81b1ec.png
INFO: [ app_init ] --START--
INFO: Run Behavior\BuildLiteBehavior [ RunTime:0.000000s ]
INFO: [ app_init ] --END-- [ RunTime:0.001000s ]
ERR: 无法加载模块:Public

[ 2016-12-07T14:35:02+08:00 ] 127.0.0.1 /EASYBUY/Public/uploads/20161206/584600c13d544.png
INFO: [ app_init ] --START--
INFO: Run Behavior\BuildLiteBehavior [ RunTime:0.000000s ]
INFO: [ app_init ] --END-- [ RunTime:0.001000s ]
ERR: 无法加载模块:Public

[ 2016-12-07T14:35:02+08:00 ] 127.0.0.1 /EASYBUY/Public/uploads/20161206/5846009bb70ed.png
INFO: [ app_init ] --START--
INFO: Run Behavior\BuildLiteBehavior [ RunTime:0.000000s ]
INFO: [ app_init ] --END-- [ RunTime:0.001000s ]
ERR: 无法加载模块:Public

[ 2016-12-07T14:35:02+08:00 ] 127.0.0.1 /EASYBUY/Public/uploads/20161206/584600e3dfe97.png
INFO: [ app_init ] --START--
INFO: Run Behavior\BuildLiteBehavior [ RunTime:0.000000s ]
INFO: [ app_init ] --END-- [ RunTime:0.001000s ]
ERR: 无法加载模块:Public

[ 2016-12-07T14:35:02+08:00 ] 127.0.0.1 /EASYBUY/Public/home/css/AjaxLoader.gif
INFO: [ app_init ] --START--
INFO: Run Behavior\BuildLiteBehavior [ RunTime:0.000000s ]
INFO: [ app_init ] --END-- [ RunTime:0.001000s ]
ERR: 无法加载模块:Public

