[ 2016-12-08T08:04:35+08:00 ] 127.0.0.1 /EASYBUY/Public/uploads/20161206/584600e3dfe97.png
INFO: [ app_init ] --START--
INFO: Run Behavior\BuildLiteBehavior [ RunTime:0.000000s ]
INFO: [ app_init ] --END-- [ RunTime:0.001000s ]
ERR: 无法加载模块:Public

[ 2016-12-08T08:04:35+08:00 ] 127.0.0.1 /EASYBUY/Public/uploads/20161206/584600f81b1ec.png
INFO: [ app_init ] --START--
INFO: Run Behavior\BuildLiteBehavior [ RunTime:0.000000s ]
INFO: [ app_init ] --END-- [ RunTime:0.001000s ]
ERR: 无法加载模块:Public

[ 2016-12-08T08:04:35+08:00 ] 127.0.0.1 /EASYBUY/Public/uploads/20161206/584600c13d544.png
INFO: [ app_init ] --START--
INFO: Run Behavior\BuildLiteBehavior [ RunTime:0.000000s ]
INFO: [ app_init ] --END-- [ RunTime:0.001000s ]
ERR: 无法加载模块:Public

[ 2016-12-08T08:04:35+08:00 ] 127.0.0.1 /EASYBUY/Public/home/css/AjaxLoader.gif
INFO: [ app_init ] --START--
INFO: Run Behavior\BuildLiteBehavior [ RunTime:0.000000s ]
INFO: [ app_init ] --END-- [ RunTime:0.000000s ]
ERR: 无法加载模块:Public

[ 2016-12-08T08:04:59+08:00 ] 127.0.0.1 /EASYBUY/Public/uploads/20161206/584600e3dfe97.png
INFO: [ app_init ] --START--
INFO: Run Behavior\BuildLiteBehavior [ RunTime:0.000000s ]
INFO: [ app_init ] --END-- [ RunTime:0.000000s ]
ERR: 无法加载模块:Public

[ 2016-12-08T08:04:59+08:00 ] 127.0.0.1 /EASYBUY/Public/uploads/20161206/5846009bb70ed.png
INFO: [ app_init ] --START--
INFO: Run Behavior\BuildLiteBehavior [ RunTime:0.000000s ]
INFO: [ app_init ] --END-- [ RunTime:0.001000s ]
ERR: 无法加载模块:Public

[ 2016-12-08T08:04:59+08:00 ] 127.0.0.1 /EASYBUY/Public/uploads/20161206/584600f81b1ec.png
INFO: [ app_init ] --START--
INFO: Run Behavior\BuildLiteBehavior [ RunTime:0.000000s ]
INFO: [ app_init ] --END-- [ RunTime:0.001001s ]
ERR: 无法加载模块:Public

[ 2016-12-08T08:04:59+08:00 ] 127.0.0.1 /EASYBUY/Public/uploads/20161206/584600c13d544.png
INFO: [ app_init ] --START--
INFO: Run Behavior\BuildLiteBehavior [ RunTime:0.000000s ]
INFO: [ app_init ] --END-- [ RunTime:0.001000s ]
ERR: 无法加载模块:Public

[ 2016-12-08T08:04:59+08:00 ] 127.0.0.1 /EASYBUY/Public/uploads/20161206/584600e3dfe97.png
INFO: [ app_init ] --START--
INFO: Run Behavior\BuildLiteBehavior [ RunTime:0.000000s ]
INFO: [ app_init ] --END-- [ RunTime:0.001000s ]
ERR: 无法加载模块:Public

[ 2016-12-08T08:05:16+08:00 ] 127.0.0.1 /EASYBUY/Public/uploads/20161206/584600e3dfe97.png
INFO: [ app_init ] --START--
INFO: Run Behavior\BuildLiteBehavior [ RunTime:0.000000s ]
INFO: [ app_init ] --END-- [ RunTime:0.001000s ]
ERR: 无法加载模块:Public

[ 2016-12-08T08:05:16+08:00 ] 127.0.0.1 /EASYBUY/Public/uploads/20161206/584600f81b1ec.png
INFO: [ app_init ] --START--
INFO: Run Behavior\BuildLiteBehavior [ RunTime:0.000000s ]
INFO: [ app_init ] --END-- [ RunTime:0.001000s ]
ERR: 无法加载模块:Public

[ 2016-12-08T08:05:16+08:00 ] 127.0.0.1 /EASYBUY/Public/uploads/20161206/5846009bb70ed.png
INFO: [ app_init ] --START--
INFO: Run Behavior\BuildLiteBehavior [ RunTime:0.000000s ]
INFO: [ app_init ] --END-- [ RunTime:0.000000s ]
ERR: 无法加载模块:Public

[ 2016-12-08T08:05:16+08:00 ] 127.0.0.1 /EASYBUY/Public/uploads/20161206/584600c13d544.png
INFO: [ app_init ] --START--
INFO: Run Behavior\BuildLiteBehavior [ RunTime:0.000000s ]
INFO: [ app_init ] --END-- [ RunTime:0.001000s ]
ERR: 无法加载模块:Public

[ 2016-12-08T08:05:16+08:00 ] 127.0.0.1 /EASYBUY/Public/uploads/20161206/584600f81b1ec.png
INFO: [ app_init ] --START--
INFO: Run Behavior\BuildLiteBehavior [ RunTime:0.001000s ]
INFO: [ app_init ] --END-- [ RunTime:0.001000s ]
ERR: 无法加载模块:Public

[ 2016-12-08T08:05:16+08:00 ] 127.0.0.1 /EASYBUY/Public/uploads/20161206/584600e3dfe97.png
INFO: [ app_init ] --START--
INFO: Run Behavior\BuildLiteBehavior [ RunTime:0.000000s ]
INFO: [ app_init ] --END-- [ RunTime:0.001000s ]
ERR: 无法加载模块:Public

[ 2016-12-08T08:05:16+08:00 ] 127.0.0.1 /EASYBUY/Public/uploads/20161206/584600c13d544.png
INFO: [ app_init ] --START--
INFO: Run Behavior\BuildLiteBehavior [ RunTime:0.000000s ]
INFO: [ app_init ] --END-- [ RunTime:0.001000s ]
ERR: 无法加载模块:Public

[ 2016-12-08T08:05:16+08:00 ] 127.0.0.1 /EASYBUY/Public/uploads/20161206/5846009bb70ed.png
INFO: [ app_init ] --START--
INFO: Run Behavior\BuildLiteBehavior [ RunTime:0.000000s ]
INFO: [ app_init ] --END-- [ RunTime:0.001000s ]
ERR: 无法加载模块:Public

[ 2016-12-08T08:07:01+08:00 ] 127.0.0.1 /EASYBUY/Public/uploads/20161206/584600e3dfe97.png
INFO: [ app_init ] --START--
INFO: Run Behavior\BuildLiteBehavior [ RunTime:0.000000s ]
INFO: [ app_init ] --END-- [ RunTime:0.000000s ]
ERR: 无法加载模块:Public

[ 2016-12-08T08:07:01+08:00 ] 127.0.0.1 /EASYBUY/Public/uploads/20161206/5846009bb70ed.png
INFO: [ app_init ] --START--
INFO: Run Behavior\BuildLiteBehavior [ RunTime:0.000000s ]
INFO: [ app_init ] --END-- [ RunTime:0.001000s ]
ERR: 无法加载模块:Public

[ 2016-12-08T08:07:01+08:00 ] 127.0.0.1 /EASYBUY/Public/uploads/20161206/584600f81b1ec.png
INFO: [ app_init ] --START--
INFO: Run Behavior\BuildLiteBehavior [ RunTime:0.000000s ]
INFO: [ app_init ] --END-- [ RunTime:0.001001s ]
ERR: 无法加载模块:Public

[ 2016-12-08T08:07:01+08:00 ] 127.0.0.1 /EASYBUY/Public/uploads/20161206/584600c13d544.png
INFO: [ app_init ] --START--
INFO: Run Behavior\BuildLiteBehavior [ RunTime:0.000000s ]
INFO: [ app_init ] --END-- [ RunTime:0.001001s ]
ERR: 无法加载模块:Public

[ 2016-12-08T08:07:06+08:00 ] 127.0.0.1 /EASYBUY/Public/uploads/20161206/584600c13d544.png
INFO: [ app_init ] --START--
INFO: Run Behavior\BuildLiteBehavior [ RunTime:0.001000s ]
INFO: [ app_init ] --END-- [ RunTime:0.001000s ]
ERR: 无法加载模块:Public

[ 2016-12-08T08:07:06+08:00 ] 127.0.0.1 /EASYBUY/Public/uploads/20161206/5846009bb70ed.png
INFO: [ app_init ] --START--
INFO: Run Behavior\BuildLiteBehavior [ RunTime:0.001000s ]
INFO: [ app_init ] --END-- [ RunTime:0.001000s ]
ERR: 无法加载模块:Public

[ 2016-12-08T08:07:06+08:00 ] 127.0.0.1 /EASYBUY/Public/uploads/20161206/584600e3dfe97.png
INFO: [ app_init ] --START--
INFO: Run Behavior\BuildLiteBehavior [ RunTime:0.000000s ]
INFO: [ app_init ] --END-- [ RunTime:0.001000s ]
ERR: 无法加载模块:Public

[ 2016-12-08T08:07:06+08:00 ] 127.0.0.1 /EASYBUY/Public/uploads/20161206/584600f81b1ec.png
INFO: [ app_init ] --START--
INFO: Run Behavior\BuildLiteBehavior [ RunTime:0.000000s ]
INFO: [ app_init ] --END-- [ RunTime:0.002000s ]
ERR: 无法加载模块:Public

[ 2016-12-08T08:52:43+08:00 ] 127.0.0.1 /EASYBUY/Public/uploads/20161206/584600e3dfe97.png
INFO: [ app_init ] --START--
INFO: Run Behavior\BuildLiteBehavior [ RunTime:0.000000s ]
INFO: [ app_init ] --END-- [ RunTime:0.000000s ]
ERR: 无法加载模块:Public

[ 2016-12-08T08:52:43+08:00 ] 127.0.0.1 /EASYBUY/Public/uploads/20161206/584600f81b1ec.png
INFO: [ app_init ] --START--
INFO: Run Behavior\BuildLiteBehavior [ RunTime:0.001000s ]
INFO: [ app_init ] --END-- [ RunTime:0.001000s ]
ERR: 无法加载模块:Public

[ 2016-12-08T08:52:43+08:00 ] 127.0.0.1 /EASYBUY/Public/uploads/20161206/5846009bb70ed.png
INFO: [ app_init ] --START--
INFO: Run Behavior\BuildLiteBehavior [ RunTime:0.000000s ]
INFO: [ app_init ] --END-- [ RunTime:0.001000s ]
ERR: 无法加载模块:Public

[ 2016-12-08T08:52:43+08:00 ] 127.0.0.1 /EASYBUY/Public/uploads/20161206/584600c13d544.png
INFO: [ app_init ] --START--
INFO: Run Behavior\BuildLiteBehavior [ RunTime:0.000000s ]
INFO: [ app_init ] --END-- [ RunTime:0.000000s ]
ERR: 无法加载模块:Public

[ 2016-12-08T08:52:43+08:00 ] 127.0.0.1 /EASYBUY/Public/uploads/20161206/584600e3dfe97.png
INFO: [ app_init ] --START--
INFO: Run Behavior\BuildLiteBehavior [ RunTime:0.000000s ]
INFO: [ app_init ] --END-- [ RunTime:0.001000s ]
ERR: 无法加载模块:Public

[ 2016-12-08T08:52:43+08:00 ] 127.0.0.1 /EASYBUY/Public/uploads/20161206/584600c13d544.png
INFO: [ app_init ] --START--
INFO: Run Behavior\BuildLiteBehavior [ RunTime:0.000000s ]
INFO: [ app_init ] --END-- [ RunTime:0.001000s ]
ERR: 无法加载模块:Public

[ 2016-12-08T08:52:43+08:00 ] 127.0.0.1 /EASYBUY/Public/uploads/20161206/584600f81b1ec.png
INFO: [ app_init ] --START--
INFO: Run Behavior\BuildLiteBehavior [ RunTime:0.000000s ]
INFO: [ app_init ] --END-- [ RunTime:0.001000s ]
ERR: 无法加载模块:Public

[ 2016-12-08T08:52:43+08:00 ] 127.0.0.1 /EASYBUY/Public/uploads/20161206/5846009bb70ed.png
INFO: [ app_init ] --START--
INFO: Run Behavior\BuildLiteBehavior [ RunTime:0.000000s ]
INFO: [ app_init ] --END-- [ RunTime:0.001001s ]
ERR: 无法加载模块:Public

[ 2016-12-08T08:53:40+08:00 ] 127.0.0.1 /EASYBUY/Public/uploads/20161206/5846009bb70ed.png
INFO: [ app_init ] --START--
INFO: Run Behavior\BuildLiteBehavior [ RunTime:0.000000s ]
INFO: [ app_init ] --END-- [ RunTime:0.001000s ]
ERR: 无法加载模块:Public

[ 2016-12-08T08:53:40+08:00 ] 127.0.0.1 /EASYBUY/Public/uploads/20161206/584600e3dfe97.png
INFO: [ app_init ] --START--
INFO: Run Behavior\BuildLiteBehavior [ RunTime:0.000000s ]
INFO: [ app_init ] --END-- [ RunTime:0.001000s ]
ERR: 无法加载模块:Public

[ 2016-12-08T08:53:40+08:00 ] 127.0.0.1 /EASYBUY/Public/uploads/20161206/584600c13d544.png
INFO: [ app_init ] --START--
INFO: Run Behavior\BuildLiteBehavior [ RunTime:0.000000s ]
INFO: [ app_init ] --END-- [ RunTime:0.001000s ]
ERR: 无法加载模块:Public

[ 2016-12-08T08:53:40+08:00 ] 127.0.0.1 /EASYBUY/Public/uploads/20161206/584600f81b1ec.png
INFO: [ app_init ] --START--
INFO: Run Behavior\BuildLiteBehavior [ RunTime:0.000000s ]
INFO: [ app_init ] --END-- [ RunTime:0.001000s ]
ERR: 无法加载模块:Public

[ 2016-12-08T08:53:40+08:00 ] 127.0.0.1 /EASYBUY/Public/uploads/20161206/584600e3dfe97.png
INFO: [ app_init ] --START--
INFO: Run Behavior\BuildLiteBehavior [ RunTime:0.000000s ]
INFO: [ app_init ] --END-- [ RunTime:0.001000s ]
ERR: 无法加载模块:Public

[ 2016-12-08T08:53:40+08:00 ] 127.0.0.1 /EASYBUY/Public/uploads/20161206/584600f81b1ec.png
INFO: [ app_init ] --START--
INFO: Run Behavior\BuildLiteBehavior [ RunTime:0.000000s ]
INFO: [ app_init ] --END-- [ RunTime:0.001000s ]
ERR: 无法加载模块:Public

[ 2016-12-08T08:53:40+08:00 ] 127.0.0.1 /EASYBUY/Public/uploads/20161206/5846009bb70ed.png
INFO: [ app_init ] --START--
INFO: Run Behavior\BuildLiteBehavior [ RunTime:0.000000s ]
INFO: [ app_init ] --END-- [ RunTime:0.002000s ]
ERR: 无法加载模块:Public

[ 2016-12-08T08:53:40+08:00 ] 127.0.0.1 /EASYBUY/Public/uploads/20161206/584600c13d544.png
INFO: [ app_init ] --START--
INFO: Run Behavior\BuildLiteBehavior [ RunTime:0.000000s ]
INFO: [ app_init ] --END-- [ RunTime:0.001000s ]
ERR: 无法加载模块:Public

[ 2016-12-08T08:53:40+08:00 ] 127.0.0.1 /EASYBUY/Public/uploads/20161206/584600e3dfe97.png
INFO: [ app_init ] --START--
INFO: Run Behavior\BuildLiteBehavior [ RunTime:0.000000s ]
INFO: [ app_init ] --END-- [ RunTime:0.001000s ]
ERR: 无法加载模块:Public

[ 2016-12-08T08:53:41+08:00 ] 127.0.0.1 /EASYBUY/Public/uploads/20161206/584600f81b1ec.png
INFO: [ app_init ] --START--
INFO: Run Behavior\BuildLiteBehavior [ RunTime:0.000000s ]
INFO: [ app_init ] --END-- [ RunTime:0.001000s ]
ERR: 无法加载模块:Public

[ 2016-12-08T08:53:41+08:00 ] 127.0.0.1 /EASYBUY/Public/uploads/20161206/5846009bb70ed.png
INFO: [ app_init ] --START--
INFO: Run Behavior\BuildLiteBehavior [ RunTime:0.000000s ]
INFO: [ app_init ] --END-- [ RunTime:0.001000s ]
ERR: 无法加载模块:Public

[ 2016-12-08T08:53:41+08:00 ] 127.0.0.1 /EASYBUY/Public/uploads/20161206/584600e3dfe97.png
INFO: [ app_init ] --START--
INFO: Run Behavior\BuildLiteBehavior [ RunTime:0.001000s ]
INFO: [ app_init ] --END-- [ RunTime:0.002000s ]
ERR: 无法加载模块:Public

[ 2016-12-08T08:53:41+08:00 ] 127.0.0.1 /EASYBUY/Public/uploads/20161206/584600c13d544.png
INFO: [ app_init ] --START--
INFO: Run Behavior\BuildLiteBehavior [ RunTime:0.000000s ]
INFO: [ app_init ] --END-- [ RunTime:0.002000s ]
ERR: 无法加载模块:Public

[ 2016-12-08T08:53:49+08:00 ] 127.0.0.1 /EASYBUY/Public/uploads/20161206/5846005eae90d.png
INFO: [ app_init ] --START--
INFO: Run Behavior\BuildLiteBehavior [ RunTime:0.000000s ]
INFO: [ app_init ] --END-- [ RunTime:0.001000s ]
ERR: 无法加载模块:Public

[ 2016-12-08T08:53:49+08:00 ] 127.0.0.1 /EASYBUY/Public/uploads/20161206/584600e3dfe97.png
INFO: [ app_init ] --START--
INFO: Run Behavior\BuildLiteBehavior [ RunTime:0.000000s ]
INFO: [ app_init ] --END-- [ RunTime:0.001000s ]
ERR: 无法加载模块:Public

[ 2016-12-08T08:53:49+08:00 ] 127.0.0.1 /EASYBUY/Public/uploads/20161206/584600f81b1ec.png
INFO: [ app_init ] --START--
INFO: Run Behavior\BuildLiteBehavior [ RunTime:0.000000s ]
INFO: [ app_init ] --END-- [ RunTime:0.001000s ]
ERR: 无法加载模块:Public

[ 2016-12-08T08:53:49+08:00 ] 127.0.0.1 /EASYBUY/Public/uploads/20161206/5846009bb70ed.png
INFO: [ app_init ] --START--
INFO: Run Behavior\BuildLiteBehavior [ RunTime:0.000000s ]
INFO: [ app_init ] --END-- [ RunTime:0.003000s ]
ERR: 无法加载模块:Public

[ 2016-12-08T08:53:49+08:00 ] 127.0.0.1 /EASYBUY/Public/uploads/20161206/584600c13d544.png
INFO: [ app_init ] --START--
INFO: Run Behavior\BuildLiteBehavior [ RunTime:0.000000s ]
INFO: [ app_init ] --END-- [ RunTime:0.001000s ]
ERR: 无法加载模块:Public

[ 2016-12-08T08:53:49+08:00 ] 127.0.0.1 /EASYBUY/Public/uploads/20161206/5846005eae90d.png
INFO: [ app_init ] --START--
INFO: Run Behavior\BuildLiteBehavior [ RunTime:0.000000s ]
INFO: [ app_init ] --END-- [ RunTime:0.000000s ]
ERR: 无法加载模块:Public

[ 2016-12-08T08:53:55+08:00 ] 127.0.0.1 /EASYBUY/Public/uploads/20161206/5846009bb70ed.png
INFO: [ app_init ] --START--
INFO: Run Behavior\BuildLiteBehavior [ RunTime:0.000000s ]
INFO: [ app_init ] --END-- [ RunTime:0.001000s ]
ERR: 无法加载模块:Public

[ 2016-12-08T08:53:55+08:00 ] 127.0.0.1 /EASYBUY/Public/uploads/20161206/584600e3dfe97.png
INFO: [ app_init ] --START--
INFO: Run Behavior\BuildLiteBehavior [ RunTime:0.000000s ]
INFO: [ app_init ] --END-- [ RunTime:0.001000s ]
ERR: 无法加载模块:Public

[ 2016-12-08T08:53:55+08:00 ] 127.0.0.1 /EASYBUY/Public/uploads/20161206/584600c13d544.png
INFO: [ app_init ] --START--
INFO: Run Behavior\BuildLiteBehavior [ RunTime:0.001000s ]
INFO: [ app_init ] --END-- [ RunTime:0.001000s ]
ERR: 无法加载模块:Public

[ 2016-12-08T08:53:55+08:00 ] 127.0.0.1 /EASYBUY/Public/uploads/20161206/584600f81b1ec.png
INFO: [ app_init ] --START--
INFO: Run Behavior\BuildLiteBehavior [ RunTime:0.000000s ]
INFO: [ app_init ] --END-- [ RunTime:0.000000s ]
ERR: 无法加载模块:Public

[ 2016-12-08T09:04:39+08:00 ] 127.0.0.1 /EASYBUY/Public/home/css/grabbing.png
INFO: [ app_init ] --START--
INFO: Run Behavior\BuildLiteBehavior [ RunTime:0.000000s ]
INFO: [ app_init ] --END-- [ RunTime:0.000000s ]
ERR: 无法加载模块:Public

[ 2016-12-08T09:21:51+08:00 ] 127.0.0.1 /EASYBUY/Public/home/css/AjaxLoader.gif
INFO: [ app_init ] --START--
INFO: Run Behavior\BuildLiteBehavior [ RunTime:0.000000s ]
INFO: [ app_init ] --END-- [ RunTime:0.001000s ]
ERR: 无法加载模块:Public

[ 2016-12-08T09:21:53+08:00 ] 127.0.0.1 /EASYBUY/products.html
INFO: [ app_init ] --START--
INFO: Run Behavior\BuildLiteBehavior [ RunTime:0.000000s ]
INFO: [ app_init ] --END-- [ RunTime:0.001001s ]
ERR: 无法加载模块:Products

[ 2016-12-08T09:21:58+08:00 ] 127.0.0.1 /EASYBUY/products.html
INFO: [ app_init ] --START--
INFO: Run Behavior\BuildLiteBehavior [ RunTime:0.000000s ]
INFO: [ app_init ] --END-- [ RunTime:0.001000s ]
ERR: 无法加载模块:Products

[ 2016-12-08T09:45:52+08:00 ] 127.0.0.1 /EASYBUY/products.html
INFO: [ app_init ] --START--
INFO: Run Behavior\BuildLiteBehavior [ RunTime:0.000000s ]
INFO: [ app_init ] --END-- [ RunTime:0.000000s ]
ERR: 无法加载模块:Products

[ 2016-12-08T09:45:57+08:00 ] 127.0.0.1 /EASYBUY/products.html
INFO: [ app_init ] --START--
INFO: Run Behavior\BuildLiteBehavior [ RunTime:0.000000s ]
INFO: [ app_init ] --END-- [ RunTime:0.001000s ]
ERR: 无法加载模块:Products

[ 2016-12-08T09:55:15+08:00 ] ::1 /EASYBUY/Public/home/css/AjaxLoader.gif
INFO: [ app_init ] --START--
INFO: Run Behavior\BuildLiteBehavior [ RunTime:0.000000s ]
INFO: [ app_init ] --END-- [ RunTime:0.001000s ]
ERR: 无法加载模块:Public

[ 2016-12-08T09:55:46+08:00 ] ::1 /EASYBUY/checkout.html
INFO: [ app_init ] --START--
INFO: Run Behavior\BuildLiteBehavior [ RunTime:0.000000s ]
INFO: [ app_init ] --END-- [ RunTime:0.001000s ]
ERR: 无法加载模块:Checkout

[ 2016-12-08T09:55:50+08:00 ] ::1 /EASYBUY/index.html
INFO: [ app_init ] --START--
INFO: Run Behavior\BuildLiteBehavior [ RunTime:0.000000s ]
INFO: [ app_init ] --END-- [ RunTime:0.001000s ]
ERR: 无法加载模块:Index

[ 2016-12-08T19:29:37+08:00 ] ::1 /EASYBUY/Public/home/css/AjaxLoader.gif
INFO: [ app_init ] --START--
INFO: Run Behavior\BuildLiteBehavior [ RunTime:0.000000s ]
INFO: [ app_init ] --END-- [ RunTime:0.001000s ]
ERR: 无法加载模块:Public

