[ 2016-12-06T08:07:15+08:00 ] ::1 /EASYBUY2/
INFO: [ app_init ] --START--
INFO: Run Behavior\BuildLiteBehavior [ RunTime:0.000000s ]
INFO: [ app_init ] --END-- [ RunTime:0.001000s ]

[ 2016-12-06T08:31:36+08:00 ] ::1 /EASYBUY2/
INFO: [ app_init ] --START--
INFO: Run Behavior\BuildLiteBehavior [ RunTime:0.000000s ]
INFO: [ app_init ] --END-- [ RunTime:0.005000s ]

[ 2016-12-06T08:53:22+08:00 ] ::1 /EASYBUY2/index.php/home/Brand/delete?id=7
INFO: [ app_init ] --START--
INFO: Run Behavior\BuildLiteBehavior [ RunTime:0.000000s ]
INFO: [ app_init ] --END-- [ RunTime:0.001000s ]

[ 2016-12-06T08:53:24+08:00 ] ::1 /EASYBUY2/index.php/home/Brand/delete?id=7
INFO: [ app_init ] --START--
INFO: Run Behavior\BuildLiteBehavior [ RunTime:0.000000s ]
INFO: [ app_init ] --END-- [ RunTime:0.001000s ]

[ 2016-12-06T09:26:37+08:00 ] ::1 /EASYBUY2/index.php/home/Brand/delete?id=12
INFO: [ app_init ] --START--
INFO: Run Behavior\BuildLiteBehavior [ RunTime:0.000000s ]
INFO: [ app_init ] --END-- [ RunTime:0.001000s ]

[ 2016-12-06T09:26:39+08:00 ] ::1 /EASYBUY2/index.php/home/Brand/delete?id=12
INFO: [ app_init ] --START--
INFO: Run Behavior\BuildLiteBehavior [ RunTime:0.000000s ]
INFO: [ app_init ] --END-- [ RunTime:0.002000s ]

[ 2016-12-06T09:43:28+08:00 ] ::1 /EASYBUY2/
INFO: [ app_init ] --START--
INFO: Run Behavior\BuildLiteBehavior [ RunTime:0.000000s ]
INFO: [ app_init ] --END-- [ RunTime:0.001000s ]

[ 2016-12-06T09:59:16+08:00 ] ::1 /EASYBUY2/index.php/home/Brand/delete?id=1
INFO: [ app_init ] --START--
INFO: Run Behavior\BuildLiteBehavior [ RunTime:0.000000s ]
INFO: [ app_init ] --END-- [ RunTime:0.000000s ]

[ 2016-12-06T09:59:19+08:00 ] ::1 /EASYBUY2/index.php/home/Brand/delete?id=2
INFO: [ app_init ] --START--
INFO: Run Behavior\BuildLiteBehavior [ RunTime:0.000000s ]
INFO: [ app_init ] --END-- [ RunTime:0.001000s ]

[ 2016-12-06T10:07:36+08:00 ] ::1 /EASYBUY2/
INFO: [ app_init ] --START--
INFO: Run Behavior\BuildLiteBehavior [ RunTime:0.000000s ]
INFO: [ app_init ] --END-- [ RunTime:0.001000s ]

[ 2016-12-06T10:15:29+08:00 ] ::1 /EASYBUY2/
INFO: [ app_init ] --START--
INFO: Run Behavior\BuildLiteBehavior [ RunTime:0.000000s ]
INFO: [ app_init ] --END-- [ RunTime:0.001000s ]

[ 2016-12-06T10:19:16+08:00 ] ::1 /EASYBUY2/
INFO: [ app_init ] --START--
INFO: Run Behavior\BuildLiteBehavior [ RunTime:0.000000s ]
INFO: [ app_init ] --END-- [ RunTime:0.000000s ]

[ 2016-12-06T10:21:18+08:00 ] ::1 /EASYBUY2/
INFO: [ app_init ] --START--
INFO: Run Behavior\BuildLiteBehavior [ RunTime:0.000000s ]
INFO: [ app_init ] --END-- [ RunTime:0.001000s ]

[ 2016-12-06T10:25:55+08:00 ] ::1 /EASYBUY2/
INFO: [ app_init ] --START--
INFO: Run Behavior\BuildLiteBehavior [ RunTime:0.000000s ]
INFO: [ app_init ] --END-- [ RunTime:0.001001s ]

[ 2016-12-06T10:34:48+08:00 ] ::1 /EASYBUY2/
INFO: [ app_init ] --START--
INFO: Run Behavior\BuildLiteBehavior [ RunTime:0.000000s ]
INFO: [ app_init ] --END-- [ RunTime:0.001000s ]

[ 2016-12-06T10:34:49+08:00 ] ::1 /EASYBUY2/
INFO: [ app_init ] --START--
INFO: Run Behavior\BuildLiteBehavior [ RunTime:0.000000s ]
INFO: [ app_init ] --END-- [ RunTime:0.001000s ]

[ 2016-12-06T10:35:57+08:00 ] ::1 /EASYBUY2/
INFO: [ app_init ] --START--
INFO: Run Behavior\BuildLiteBehavior [ RunTime:0.000000s ]
INFO: [ app_init ] --END-- [ RunTime:0.001000s ]

[ 2016-12-06T10:54:00+08:00 ] ::1 /EASYBUY2/
INFO: [ app_init ] --START--
INFO: Run Behavior\BuildLiteBehavior [ RunTime:0.000000s ]
INFO: [ app_init ] --END-- [ RunTime:0.001000s ]

[ 2016-12-06T10:54:27+08:00 ] ::1 /EASYBUY2/
INFO: [ app_init ] --START--
INFO: Run Behavior\BuildLiteBehavior [ RunTime:0.000000s ]
INFO: [ app_init ] --END-- [ RunTime:0.000000s ]

[ 2016-12-06T11:05:26+08:00 ] ::1 /EASYBUY2/
INFO: [ app_init ] --START--
INFO: Run Behavior\BuildLiteBehavior [ RunTime:0.000000s ]
INFO: [ app_init ] --END-- [ RunTime:0.001000s ]

[ 2016-12-06T11:05:47+08:00 ] ::1 /EASYBUY2/
INFO: [ app_init ] --START--
INFO: Run Behavior\BuildLiteBehavior [ RunTime:0.000000s ]
INFO: [ app_init ] --END-- [ RunTime:0.001000s ]

[ 2016-12-06T11:06:41+08:00 ] ::1 /EASYBUY2/
INFO: [ app_init ] --START--
INFO: Run Behavior\BuildLiteBehavior [ RunTime:0.000000s ]
INFO: [ app_init ] --END-- [ RunTime:0.001000s ]

[ 2016-12-06T11:07:12+08:00 ] ::1 /EASYBUY2/
INFO: [ app_init ] --START--
INFO: Run Behavior\BuildLiteBehavior [ RunTime:0.000000s ]
INFO: [ app_init ] --END-- [ RunTime:0.000000s ]

[ 2016-12-06T11:07:42+08:00 ] ::1 /EASYBUY2/
INFO: [ app_init ] --START--
INFO: Run Behavior\BuildLiteBehavior [ RunTime:0.000000s ]
INFO: [ app_init ] --END-- [ RunTime:0.001000s ]

[ 2016-12-06T11:08:00+08:00 ] ::1 /EASYBUY2/
INFO: [ app_init ] --START--
INFO: Run Behavior\BuildLiteBehavior [ RunTime:0.000000s ]
INFO: [ app_init ] --END-- [ RunTime:0.002000s ]

[ 2016-12-06T11:08:56+08:00 ] ::1 /EASYBUY2/
INFO: [ app_init ] --START--
INFO: Run Behavior\BuildLiteBehavior [ RunTime:0.000000s ]
INFO: [ app_init ] --END-- [ RunTime:0.001000s ]

[ 2016-12-06T11:11:03+08:00 ] ::1 /EASYBUY2/index.php/home/index/logout
INFO: [ app_init ] --START--
INFO: Run Behavior\BuildLiteBehavior [ RunTime:0.000000s ]
INFO: [ app_init ] --END-- [ RunTime:0.001000s ]

[ 2016-12-06T11:11:03+08:00 ] ::1 /EASYBUY2/index.php/home/index/login
INFO: [ app_init ] --START--
INFO: Run Behavior\BuildLiteBehavior [ RunTime:0.000000s ]
INFO: [ app_init ] --END-- [ RunTime:0.000000s ]

[ 2016-12-06T14:09:47+08:00 ] ::1 /EASYBUY2/index.php/home/index/logout
INFO: [ app_init ] --START--
INFO: Run Behavior\BuildLiteBehavior [ RunTime:0.001000s ]
INFO: [ app_init ] --END-- [ RunTime:0.016001s ]

[ 2016-12-06T14:09:55+08:00 ] ::1 /EASYBUY2/
INFO: [ app_init ] --START--
INFO: Run Behavior\BuildLiteBehavior [ RunTime:0.000000s ]
INFO: [ app_init ] --END-- [ RunTime:0.001000s ]

[ 2016-12-06T14:18:51+08:00 ] ::1 /EASYBUY2/
INFO: [ app_init ] --START--
INFO: Run Behavior\BuildLiteBehavior [ RunTime:0.000000s ]
INFO: [ app_init ] --END-- [ RunTime:0.000000s ]

[ 2016-12-06T14:19:59+08:00 ] ::1 /EASYBUY2/index.php/home/index/login
INFO: [ app_init ] --START--
INFO: Run Behavior\BuildLiteBehavior [ RunTime:0.000000s ]
INFO: [ app_init ] --END-- [ RunTime:0.001000s ]

[ 2016-12-06T14:20:09+08:00 ] ::1 /EASYBUY2/index.php/home/index/dologin
INFO: [ app_init ] --START--
INFO: Run Behavior\BuildLiteBehavior [ RunTime:0.000000s ]
INFO: [ app_init ] --END-- [ RunTime:0.000000s ]

[ 2016-12-06T14:20:11+08:00 ] ::1 /EASYBUY2/index.php/home/index/index/
INFO: [ app_init ] --START--
INFO: Run Behavior\BuildLiteBehavior [ RunTime:0.000000s ]
INFO: [ app_init ] --END-- [ RunTime:0.001000s ]

[ 2016-12-06T14:39:13+08:00 ] ::1 /EASYBUY2/
INFO: [ app_init ] --START--
INFO: Run Behavior\BuildLiteBehavior [ RunTime:0.001000s ]
INFO: [ app_init ] --END-- [ RunTime:0.008001s ]

[ 2016-12-06T14:56:58+08:00 ] ::1 /easybuy2/home/index/index
INFO: [ app_init ] --START--
INFO: Run Behavior\BuildLiteBehavior [ RunTime:0.000062s ]
INFO: [ app_init ] --END-- [ RunTime:0.000792s ]
ERR: SQLSTATE[HY000] [1045] Access denied for user 'root'@'localhost' (using password: YES)

[ 2016-12-06T14:58:26+08:00 ] ::1 /easybuy2/home/index/index
INFO: [ app_init ] --START--
INFO: Run Behavior\BuildLiteBehavior [ RunTime:0.000049s ]
INFO: [ app_init ] --END-- [ RunTime:0.000930s ]

[ 2016-12-06T14:58:30+08:00 ] ::1 /EASYBUY2/
INFO: [ app_init ] --START--
INFO: Run Behavior\BuildLiteBehavior [ RunTime:0.000096s ]
INFO: [ app_init ] --END-- [ RunTime:0.001332s ]

[ 2016-12-06T15:05:35+08:00 ] ::1 /easybuy2/home/order/checkout
INFO: [ app_init ] --START--
INFO: Run Behavior\BuildLiteBehavior [ RunTime:0.000086s ]
INFO: [ app_init ] --END-- [ RunTime:0.001726s ]

[ 2016-12-06T15:05:35+08:00 ] ::1 /easybuy2/home/order/css/flexslider.css
INFO: [ app_init ] --START--
INFO: Run Behavior\BuildLiteBehavior [ RunTime:0.000053s ]
INFO: [ app_init ] --END-- [ RunTime:0.000861s ]
ERR: 非法操作:css

[ 2016-12-06T15:05:35+08:00 ] ::1 /easybuy2/home/order/js/jquery.flexslider.js
INFO: [ app_init ] --START--
INFO: Run Behavior\BuildLiteBehavior [ RunTime:0.000124s ]
INFO: [ app_init ] --END-- [ RunTime:0.002105s ]
ERR: 非法操作:js

[ 2016-12-06T15:07:06+08:00 ] ::1 /easybuy2/home/order/checkout
INFO: [ app_init ] --START--
INFO: Run Behavior\BuildLiteBehavior [ RunTime:0.000085s ]
INFO: [ app_init ] --END-- [ RunTime:0.001288s ]

[ 2016-12-06T15:07:06+08:00 ] ::1 /easybuy2/home/order/css/flexslider.css
INFO: [ app_init ] --START--
INFO: Run Behavior\BuildLiteBehavior [ RunTime:0.000032s ]
INFO: [ app_init ] --END-- [ RunTime:0.000618s ]
ERR: 非法操作:css

[ 2016-12-06T15:07:06+08:00 ] ::1 /easybuy2/home/order/js/jquery.flexslider.js
INFO: [ app_init ] --START--
INFO: Run Behavior\BuildLiteBehavior [ RunTime:0.000031s ]
INFO: [ app_init ] --END-- [ RunTime:0.000502s ]
ERR: 非法操作:js

[ 2016-12-06T15:16:36+08:00 ] ::1 /easybuy2/home/order/order
INFO: [ app_init ] --START--
INFO: Run Behavior\BuildLiteBehavior [ RunTime:0.000032s ]
INFO: [ app_init ] --END-- [ RunTime:0.000560s ]

[ 2016-12-06T15:18:06+08:00 ] ::1 /easybuy2/home/order/order
INFO: [ app_init ] --START--
INFO: Run Behavior\BuildLiteBehavior [ RunTime:0.000050s ]
INFO: [ app_init ] --END-- [ RunTime:0.000873s ]

[ 2016-12-06T15:22:03+08:00 ] ::1 /easybuy2/home/order/over
INFO: [ app_init ] --START--
INFO: Run Behavior\BuildLiteBehavior [ RunTime:0.000027s ]
INFO: [ app_init ] --END-- [ RunTime:0.000527s ]

[ 2016-12-06T15:22:13+08:00 ] ::1 /easybuy2/home/order/payment
INFO: [ app_init ] --START--
INFO: Run Behavior\BuildLiteBehavior [ RunTime:0.000026s ]
INFO: [ app_init ] --END-- [ RunTime:0.000572s ]

[ 2016-12-06T15:22:14+08:00 ] ::1 /easybuy2/home/order/css/flexslider.css
INFO: [ app_init ] --START--
INFO: Run Behavior\BuildLiteBehavior [ RunTime:0.000030s ]
INFO: [ app_init ] --END-- [ RunTime:0.000566s ]
ERR: 非法操作:css

[ 2016-12-06T15:22:14+08:00 ] ::1 /easybuy2/home/order/jquery-1.7.1.min.js
INFO: [ app_init ] --START--
INFO: Run Behavior\BuildLiteBehavior [ RunTime:0.000028s ]
INFO: [ app_init ] --END-- [ RunTime:0.000588s ]
ERR: 非法操作:jquery-1.7.1.min.js

[ 2016-12-06T15:22:14+08:00 ] ::1 /easybuy2/home/order/js/jquery.flexslider.js
INFO: [ app_init ] --START--
INFO: Run Behavior\BuildLiteBehavior [ RunTime:0.000028s ]
INFO: [ app_init ] --END-- [ RunTime:0.000449s ]
ERR: 非法操作:js

[ 2016-12-06T15:22:36+08:00 ] ::1 /easybuy2/home/addressManagment
INFO: [ app_init ] --START--
INFO: Run Behavior\BuildLiteBehavior [ RunTime:0.000027s ]
INFO: [ app_init ] --END-- [ RunTime:0.000509s ]
ERR: 无法加载控制器:AddressManagment

[ 2016-12-06T15:22:54+08:00 ] ::1 /easybuy2/home/addressManagment
INFO: [ app_init ] --START--
INFO: Run Behavior\BuildLiteBehavior [ RunTime:0.000027s ]
INFO: [ app_init ] --END-- [ RunTime:0.000560s ]
ERR: 无法加载控制器:AddressManagment

[ 2016-12-06T15:23:12+08:00 ] ::1 /easybuy2/home/personal/addressManagment
INFO: [ app_init ] --START--
INFO: Run Behavior\BuildLiteBehavior [ RunTime:0.000027s ]
INFO: [ app_init ] --END-- [ RunTime:0.000580s ]
ERR: 模板不存在:./Application/Home/View/Personal/addressmanagment.html

[ 2016-12-06T15:23:39+08:00 ] ::1 /easybuy2/home/personal/addressManagment
INFO: [ app_init ] --START--
INFO: Run Behavior\BuildLiteBehavior [ RunTime:0.000048s ]
INFO: [ app_init ] --END-- [ RunTime:0.000759s ]
ERR: 模板不存在:./Application/Home/View/Personal/addressmanagment.html

[ 2016-12-06T15:24:11+08:00 ] ::1 /easybuy2/home/personal/personalCenter
INFO: [ app_init ] --START--
INFO: Run Behavior\BuildLiteBehavior [ RunTime:0.000048s ]
INFO: [ app_init ] --END-- [ RunTime:0.000814s ]

[ 2016-12-06T15:24:11+08:00 ] ::1 /easybuy2/home/personal/js/jquery.flexslider.js
INFO: [ app_init ] --START--
INFO: Run Behavior\BuildLiteBehavior [ RunTime:0.000051s ]
INFO: [ app_init ] --END-- [ RunTime:0.000742s ]
ERR: 非法操作:js

[ 2016-12-06T15:24:11+08:00 ] ::1 /easybuy2/home/personal/js/classie.js
INFO: [ app_init ] --START--
INFO: Run Behavior\BuildLiteBehavior [ RunTime:0.000029s ]
INFO: [ app_init ] --END-- [ RunTime:0.000448s ]
ERR: 非法操作:js

[ 2016-12-06T15:24:11+08:00 ] ::1 /easybuy2/home/personal/css/flexslider.css
INFO: [ app_init ] --START--
INFO: Run Behavior\BuildLiteBehavior [ RunTime:0.000072s ]
INFO: [ app_init ] --END-- [ RunTime:0.000873s ]
ERR: 非法操作:css

[ 2016-12-06T15:24:11+08:00 ] ::1 /easybuy2/home/personal/js/uisearch.js
INFO: [ app_init ] --START--
INFO: Run Behavior\BuildLiteBehavior [ RunTime:0.000050s ]
INFO: [ app_init ] --END-- [ RunTime:0.000924s ]
ERR: 非法操作:js

[ 2016-12-06T15:24:42+08:00 ] ::1 /easybuy2/home/personal/addressManagment
INFO: [ app_init ] --START--
INFO: Run Behavior\BuildLiteBehavior [ RunTime:0.000032s ]
INFO: [ app_init ] --END-- [ RunTime:0.000719s ]
ERR: 模板不存在:./Application/Home/View/Personal/addressmanagment.html

[ 2016-12-06T15:25:01+08:00 ] ::1 /easybuy2/home/personal/addressManagement
INFO: [ app_init ] --START--
INFO: Run Behavior\BuildLiteBehavior [ RunTime:0.000027s ]
INFO: [ app_init ] --END-- [ RunTime:0.000447s ]
ERR: 非法操作:addressmanagement

[ 2016-12-06T15:25:04+08:00 ] ::1 /easybuy2/home/personal/addressManagement
INFO: [ app_init ] --START--
INFO: Run Behavior\BuildLiteBehavior [ RunTime:0.000027s ]
INFO: [ app_init ] --END-- [ RunTime:0.000480s ]
ERR: 非法操作:addressmanagement

[ 2016-12-06T15:25:28+08:00 ] ::1 /easybuy2/home/personal/addressManagement
INFO: [ app_init ] --START--
INFO: Run Behavior\BuildLiteBehavior [ RunTime:0.000030s ]
INFO: [ app_init ] --END-- [ RunTime:0.000928s ]

[ 2016-12-06T15:25:28+08:00 ] ::1 /easybuy2/home/personal/js/classie.js
INFO: [ app_init ] --START--
INFO: Run Behavior\BuildLiteBehavior [ RunTime:0.000051s ]
INFO: [ app_init ] --END-- [ RunTime:0.001090s ]
ERR: 非法操作:js

[ 2016-12-06T15:25:28+08:00 ] ::1 /easybuy2/home/personal/js/uisearch.js
INFO: [ app_init ] --START--
INFO: Run Behavior\BuildLiteBehavior [ RunTime:0.000040s ]
INFO: [ app_init ] --END-- [ RunTime:0.000568s ]
ERR: 非法操作:js

[ 2016-12-06T15:25:50+08:00 ] ::1 /easybuy2/home/products/products
INFO: [ app_init ] --START--
INFO: Run Behavior\BuildLiteBehavior [ RunTime:0.000026s ]
INFO: [ app_init ] --END-- [ RunTime:0.000514s ]

[ 2016-12-06T15:25:50+08:00 ] ::1 /easybuy2/home/products/images/p1.jpg
INFO: [ app_init ] --START--
INFO: Run Behavior\BuildLiteBehavior [ RunTime:0.000049s ]
INFO: [ app_init ] --END-- [ RunTime:0.000735s ]

[ 2016-12-06T15:25:50+08:00 ] ::1 /easybuy2/home/products/css/jquery-ui.css
INFO: [ app_init ] --START--
INFO: Run Behavior\BuildLiteBehavior [ RunTime:0.000055s ]
INFO: [ app_init ] --END-- [ RunTime:0.000798s ]
ERR: 非法操作:css

[ 2016-12-06T15:25:50+08:00 ] ::1 /easybuy2/home/products/js/jquery-ui.min.js
INFO: [ app_init ] --START--
INFO: Run Behavior\BuildLiteBehavior [ RunTime:0.000052s ]
INFO: [ app_init ] --END-- [ RunTime:0.000931s ]
ERR: 非法操作:js

[ 2016-12-06T15:25:50+08:00 ] ::1 /easybuy2/home/products/images/do.png
INFO: [ app_init ] --START--
INFO: Run Behavior\BuildLiteBehavior [ RunTime:0.000054s ]
INFO: [ app_init ] --END-- [ RunTime:0.000828s ]

[ 2016-12-06T15:25:50+08:00 ] ::1 /easybuy2/home/products/images/p1.jpg
INFO: [ app_init ] --START--
INFO: Run Behavior\BuildLiteBehavior [ RunTime:0.000046s ]
INFO: [ app_init ] --END-- [ RunTime:0.000534s ]

[ 2016-12-06T15:25:55+08:00 ] ::1 /easybuy2/home/products/single
INFO: [ app_init ] --START--
INFO: Run Behavior\BuildLiteBehavior [ RunTime:0.000030s ]
INFO: [ app_init ] --END-- [ RunTime:0.000484s ]

[ 2016-12-06T15:25:56+08:00 ] ::1 /easybuy2/home/products/images/si.jpg
INFO: [ app_init ] --START--
INFO: Run Behavior\BuildLiteBehavior [ RunTime:0.000035s ]
INFO: [ app_init ] --END-- [ RunTime:0.000605s ]

[ 2016-12-06T15:25:56+08:00 ] ::1 /easybuy2/home/products/images/si2.jpg
INFO: [ app_init ] --START--
INFO: Run Behavior\BuildLiteBehavior [ RunTime:0.000131s ]
INFO: [ app_init ] --END-- [ RunTime:0.000975s ]

[ 2016-12-06T15:25:56+08:00 ] ::1 /easybuy2/home/products/images/si1.jpg
INFO: [ app_init ] --START--
INFO: Run Behavior\BuildLiteBehavior [ RunTime:0.000049s ]
INFO: [ app_init ] --END-- [ RunTime:0.000787s ]

[ 2016-12-06T15:26:51+08:00 ] ::1 /easybuy2/home/products/single
INFO: [ app_init ] --START--
INFO: Run Behavior\BuildLiteBehavior [ RunTime:0.000048s ]
INFO: [ app_init ] --END-- [ RunTime:0.000747s ]

[ 2016-12-06T15:41:26+08:00 ] ::1 /easybuy2/home/products/index.html
INFO: [ app_init ] --START--
INFO: Run Behavior\BuildLiteBehavior [ RunTime:0.000241s ]
INFO: [ app_init ] --END-- [ RunTime:0.012748s ]
ERR: 非法操作:index

[ 2016-12-06T15:41:43+08:00 ] ::1 /easybuy2/home/index/index
INFO: [ app_init ] --START--
INFO: Run Behavior\BuildLiteBehavior [ RunTime:0.000055s ]
INFO: [ app_init ] --END-- [ RunTime:0.001128s ]

[ 2016-12-06T15:41:45+08:00 ] ::1 /EASYBUY2/
INFO: [ app_init ] --START--
INFO: Run Behavior\BuildLiteBehavior [ RunTime:0.000045s ]
INFO: [ app_init ] --END-- [ RunTime:0.000673s ]

[ 2016-12-06T15:42:29+08:00 ] ::1 /easybuy2/home/products/single
INFO: [ app_init ] --START--
INFO: Run Behavior\BuildLiteBehavior [ RunTime:0.000030s ]
INFO: [ app_init ] --END-- [ RunTime:0.000660s ]

[ 2016-12-06T15:44:01+08:00 ] ::1 /easybuy2/home/index/index
INFO: [ app_init ] --START--
INFO: Run Behavior\BuildLiteBehavior [ RunTime:0.000036s ]
INFO: [ app_init ] --END-- [ RunTime:0.000749s ]

[ 2016-12-06T15:44:01+08:00 ] ::1 /EASYBUY2/
INFO: [ app_init ] --START--
INFO: Run Behavior\BuildLiteBehavior [ RunTime:0.000035s ]
INFO: [ app_init ] --END-- [ RunTime:0.000754s ]

[ 2016-12-06T15:44:04+08:00 ] ::1 /EASYBUY2/index.php/home/products/products
INFO: [ app_init ] --START--
INFO: Run Behavior\BuildLiteBehavior [ RunTime:0.000026s ]
INFO: [ app_init ] --END-- [ RunTime:0.000408s ]

[ 2016-12-06T15:44:05+08:00 ] ::1 /EASYBUY2/index.php/home/products/js/jquery-ui.min.js
INFO: [ app_init ] --START--
INFO: Run Behavior\BuildLiteBehavior [ RunTime:0.000057s ]
INFO: [ app_init ] --END-- [ RunTime:0.000853s ]
ERR: 非法操作:js

[ 2016-12-06T15:44:05+08:00 ] ::1 /EASYBUY2/index.php/home/products/images/do.png
INFO: [ app_init ] --START--
INFO: Run Behavior\BuildLiteBehavior [ RunTime:0.000115s ]
INFO: [ app_init ] --END-- [ RunTime:0.001101s ]

[ 2016-12-06T15:44:05+08:00 ] ::1 /EASYBUY2/index.php/home/products/images/p1.jpg
INFO: [ app_init ] --START--
INFO: Run Behavior\BuildLiteBehavior [ RunTime:0.000053s ]
INFO: [ app_init ] --END-- [ RunTime:0.000796s ]

[ 2016-12-06T15:44:05+08:00 ] ::1 /EASYBUY2/index.php/home/products/css/jquery-ui.css
INFO: [ app_init ] --START--
INFO: Run Behavior\BuildLiteBehavior [ RunTime:0.000054s ]
INFO: [ app_init ] --END-- [ RunTime:0.027169s ]
ERR: 非法操作:css

[ 2016-12-06T15:52:28+08:00 ] ::1 /EASYBUY2/index.php/home/products/single.html
INFO: [ app_init ] --START--
INFO: Run Behavior\BuildLiteBehavior [ RunTime:0.000055s ]
INFO: [ app_init ] --END-- [ RunTime:0.001480s ]

[ 2016-12-06T16:01:31+08:00 ] ::1 /EASYBUY2/index.php/home/products/products
INFO: [ app_init ] --START--
INFO: Run Behavior\BuildLiteBehavior [ RunTime:0.000027s ]
INFO: [ app_init ] --END-- [ RunTime:0.000534s ]

[ 2016-12-06T16:01:32+08:00 ] ::1 /EASYBUY2/index.php/home/products/images/do.png
INFO: [ app_init ] --START--
INFO: Run Behavior\BuildLiteBehavior [ RunTime:0.000031s ]
INFO: [ app_init ] --END-- [ RunTime:0.000514s ]

[ 2016-12-06T16:02:06+08:00 ] ::1 /EASYBUY2/index.php/home/products/products
INFO: [ app_init ] --START--
INFO: Run Behavior\BuildLiteBehavior [ RunTime:0.000061s ]
INFO: [ app_init ] --END-- [ RunTime:0.002085s ]

[ 2016-12-06T16:03:01+08:00 ] ::1 /EASYBUY2/index.php/home/products/single
INFO: [ app_init ] --START--
INFO: Run Behavior\BuildLiteBehavior [ RunTime:0.000029s ]
INFO: [ app_init ] --END-- [ RunTime:0.000532s ]

[ 2016-12-06T16:03:37+08:00 ] ::1 /EASYBUY2/index.php/home/personal/addressManagement
INFO: [ app_init ] --START--
INFO: Run Behavior\BuildLiteBehavior [ RunTime:0.000029s ]
INFO: [ app_init ] --END-- [ RunTime:0.000473s ]

[ 2016-12-06T16:03:38+08:00 ] ::1 /EASYBUY2/index.php/home/personal/js/uisearch.js
INFO: [ app_init ] --START--
INFO: Run Behavior\BuildLiteBehavior [ RunTime:0.000049s ]
INFO: [ app_init ] --END-- [ RunTime:0.000892s ]
ERR: 非法操作:js

[ 2016-12-06T16:03:38+08:00 ] ::1 /EASYBUY2/index.php/home/personal/js/classie.js
INFO: [ app_init ] --START--
INFO: Run Behavior\BuildLiteBehavior [ RunTime:0.000052s ]
INFO: [ app_init ] --END-- [ RunTime:0.000789s ]
ERR: 非法操作:js

[ 2016-12-06T16:03:49+08:00 ] ::1 /EASYBUY2/index.php/home/personal/addressManagement.html
INFO: [ app_init ] --START--
INFO: Run Behavior\BuildLiteBehavior [ RunTime:0.000041s ]
INFO: [ app_init ] --END-- [ RunTime:0.000773s ]

[ 2016-12-06T16:03:49+08:00 ] ::1 /EASYBUY2/index.php/home/personal/js/classie.js
INFO: [ app_init ] --START--
INFO: Run Behavior\BuildLiteBehavior [ RunTime:0.000052s ]
INFO: [ app_init ] --END-- [ RunTime:0.000886s ]
ERR: 非法操作:js

[ 2016-12-06T16:03:49+08:00 ] ::1 /EASYBUY2/index.php/home/personal/js/uisearch.js
INFO: [ app_init ] --START--
INFO: Run Behavior\BuildLiteBehavior [ RunTime:0.000032s ]
INFO: [ app_init ] --END-- [ RunTime:0.000557s ]
ERR: 非法操作:js

[ 2016-12-06T16:03:51+08:00 ] ::1 /EASYBUY2/index.php/home/personal/personalCenter.html
INFO: [ app_init ] --START--
INFO: Run Behavior\BuildLiteBehavior [ RunTime:0.000027s ]
INFO: [ app_init ] --END-- [ RunTime:0.000419s ]

[ 2016-12-06T16:03:51+08:00 ] ::1 /EASYBUY2/index.php/home/personal/js/jquery.flexslider.js
INFO: [ app_init ] --START--
INFO: Run Behavior\BuildLiteBehavior [ RunTime:0.000052s ]
INFO: [ app_init ] --END-- [ RunTime:0.001094s ]
ERR: 非法操作:js

[ 2016-12-06T16:03:51+08:00 ] ::1 /EASYBUY2/index.php/home/personal/css/flexslider.css
INFO: [ app_init ] --START--
INFO: Run Behavior\BuildLiteBehavior [ RunTime:0.000051s ]
INFO: [ app_init ] --END-- [ RunTime:0.000864s ]
ERR: 非法操作:css

[ 2016-12-06T16:03:51+08:00 ] ::1 /EASYBUY2/index.php/home/personal/js/uisearch.js
INFO: [ app_init ] --START--
INFO: Run Behavior\BuildLiteBehavior [ RunTime:0.000027s ]
INFO: [ app_init ] --END-- [ RunTime:0.000410s ]
ERR: 非法操作:js

[ 2016-12-06T16:03:51+08:00 ] ::1 /EASYBUY2/index.php/home/personal/js/classie.js
INFO: [ app_init ] --START--
INFO: Run Behavior\BuildLiteBehavior [ RunTime:0.000051s ]
INFO: [ app_init ] --END-- [ RunTime:0.000845s ]
ERR: 非法操作:js

[ 2016-12-06T16:04:06+08:00 ] ::1 /EASYBUY2/index.php/home/products/products
INFO: [ app_init ] --START--
INFO: Run Behavior\BuildLiteBehavior [ RunTime:0.000027s ]
INFO: [ app_init ] --END-- [ RunTime:0.000443s ]

[ 2016-12-06T16:17:22+08:00 ] ::1 /EASYBUY2/index.php/home/products/single.html
INFO: [ app_init ] --START--
INFO: Run Behavior\BuildLiteBehavior [ RunTime:0.000030s ]
INFO: [ app_init ] --END-- [ RunTime:0.000522s ]

[ 2016-12-06T16:17:24+08:00 ] ::1 /EASYBUY2/index.php/home/products/checkout.html
INFO: [ app_init ] --START--
INFO: Run Behavior\BuildLiteBehavior [ RunTime:0.000026s ]
INFO: [ app_init ] --END-- [ RunTime:0.000437s ]
ERR: 非法操作:checkout

[ 2016-12-06T16:17:36+08:00 ] ::1 /EASYBUY2/index.php/home/personal/addressManagement
INFO: [ app_init ] --START--
INFO: Run Behavior\BuildLiteBehavior [ RunTime:0.000027s ]
INFO: [ app_init ] --END-- [ RunTime:0.000409s ]

[ 2016-12-06T16:17:36+08:00 ] ::1 /EASYBUY2/index.php/home/personal/js/classie.js
INFO: [ app_init ] --START--
INFO: Run Behavior\BuildLiteBehavior [ RunTime:0.000050s ]
INFO: [ app_init ] --END-- [ RunTime:0.000736s ]
ERR: 非法操作:js

[ 2016-12-06T16:17:36+08:00 ] ::1 /EASYBUY2/index.php/home/personal/js/uisearch.js
INFO: [ app_init ] --START--
INFO: Run Behavior\BuildLiteBehavior [ RunTime:0.000029s ]
INFO: [ app_init ] --END-- [ RunTime:0.000490s ]
ERR: 非法操作:js

[ 2016-12-06T16:17:42+08:00 ] ::1 /EASYBUY2/index.php/home/personal/personalCenter.html
INFO: [ app_init ] --START--
INFO: Run Behavior\BuildLiteBehavior [ RunTime:0.000026s ]
INFO: [ app_init ] --END-- [ RunTime:0.000432s ]

[ 2016-12-06T16:17:42+08:00 ] ::1 /EASYBUY2/index.php/home/personal/js/jquery.flexslider.js
INFO: [ app_init ] --START--
INFO: Run Behavior\BuildLiteBehavior [ RunTime:0.000056s ]
INFO: [ app_init ] --END-- [ RunTime:0.000829s ]
ERR: 非法操作:js

[ 2016-12-06T16:17:42+08:00 ] ::1 /EASYBUY2/index.php/home/personal/css/flexslider.css
INFO: [ app_init ] --START--
INFO: Run Behavior\BuildLiteBehavior [ RunTime:0.000067s ]
INFO: [ app_init ] --END-- [ RunTime:0.000863s ]
ERR: 非法操作:css

[ 2016-12-06T16:17:42+08:00 ] ::1 /EASYBUY2/index.php/home/personal/js/classie.js
INFO: [ app_init ] --START--
INFO: Run Behavior\BuildLiteBehavior [ RunTime:0.000068s ]
INFO: [ app_init ] --END-- [ RunTime:0.001216s ]
ERR: 非法操作:js

[ 2016-12-06T16:17:42+08:00 ] ::1 /EASYBUY2/index.php/home/personal/js/uisearch.js
INFO: [ app_init ] --START--
INFO: Run Behavior\BuildLiteBehavior [ RunTime:0.000052s ]
INFO: [ app_init ] --END-- [ RunTime:0.000961s ]
ERR: 非法操作:js

[ 2016-12-06T16:18:01+08:00 ] ::1 /EASYBUY2/index.php/home/order/order
INFO: [ app_init ] --START--
INFO: Run Behavior\BuildLiteBehavior [ RunTime:0.000032s ]
INFO: [ app_init ] --END-- [ RunTime:0.000528s ]

[ 2016-12-06T16:18:57+08:00 ] ::1 /EASYBUY2/index.php/home/order/payment.html
INFO: [ app_init ] --START--
INFO: Run Behavior\BuildLiteBehavior [ RunTime:0.000027s ]
INFO: [ app_init ] --END-- [ RunTime:0.000440s ]

[ 2016-12-06T16:18:57+08:00 ] ::1 /EASYBUY2/index.php/home/order/js/jquery.flexslider.js
INFO: [ app_init ] --START--
INFO: Run Behavior\BuildLiteBehavior [ RunTime:0.000052s ]
INFO: [ app_init ] --END-- [ RunTime:0.000792s ]
ERR: 非法操作:js

[ 2016-12-06T16:18:57+08:00 ] ::1 /EASYBUY2/index.php/home/order/jquery-1.7.1.min.js
INFO: [ app_init ] --START--
INFO: Run Behavior\BuildLiteBehavior [ RunTime:0.000052s ]
INFO: [ app_init ] --END-- [ RunTime:0.000737s ]
ERR: 非法操作:jquery-1.7.1.min.js

[ 2016-12-06T16:18:57+08:00 ] ::1 /EASYBUY2/index.php/home/order/css/flexslider.css
INFO: [ app_init ] --START--
INFO: Run Behavior\BuildLiteBehavior [ RunTime:0.000059s ]
INFO: [ app_init ] --END-- [ RunTime:0.000783s ]
ERR: 非法操作:css

[ 2016-12-06T16:19:04+08:00 ] ::1 /EASYBUY2/index.php/home/order/over.html
INFO: [ app_init ] --START--
INFO: Run Behavior\BuildLiteBehavior [ RunTime:0.000026s ]
INFO: [ app_init ] --END-- [ RunTime:0.000553s ]

[ 2016-12-06T16:21:53+08:00 ] ::1 /EASYBUY2/index.php/home/order/order
INFO: [ app_init ] --START--
INFO: Run Behavior\BuildLiteBehavior [ RunTime:0.000030s ]
INFO: [ app_init ] --END-- [ RunTime:0.000531s ]

[ 2016-12-06T16:56:33+08:00 ] ::1 /EASYBUY2/index.php/home/order/order
INFO: [ app_init ] --START--
INFO: Run Behavior\BuildLiteBehavior [ RunTime:0.000057s ]
INFO: [ app_init ] --END-- [ RunTime:0.036297s ]

[ 2016-12-06T16:57:46+08:00 ] ::1 /EASYBUY2/index.php/home/order/order
INFO: [ app_init ] --START--
INFO: Run Behavior\BuildLiteBehavior [ RunTime:0.000389s ]
INFO: [ app_init ] --END-- [ RunTime:0.012484s ]

[ 2016-12-06T17:02:24+08:00 ] ::1 /EASYBUY2/index.php/home/order/order
INFO: [ app_init ] --START--
INFO: Run Behavior\BuildLiteBehavior [ RunTime:0.000043s ]
INFO: [ app_init ] --END-- [ RunTime:0.007132s ]

[ 2016-12-06T17:02:26+08:00 ] ::1 /EASYBUY2/index.php/home/order/order
INFO: [ app_init ] --START--
INFO: Run Behavior\BuildLiteBehavior [ RunTime:0.000087s ]
INFO: [ app_init ] --END-- [ RunTime:0.001566s ]

[ 2016-12-06T17:03:01+08:00 ] ::1 /EASYBUY2/index.php/home/order/order
INFO: [ app_init ] --START--
INFO: Run Behavior\BuildLiteBehavior [ RunTime:0.000029s ]
INFO: [ app_init ] --END-- [ RunTime:0.000508s ]

[ 2016-12-06T19:59:32+08:00 ] ::1 /easybuy2/home/index/index
INFO: [ app_init ] --START--
INFO: Run Behavior\BuildLiteBehavior [ RunTime:0.000027s ]
INFO: [ app_init ] --END-- [ RunTime:0.000714s ]

[ 2016-12-06T19:59:32+08:00 ] ::1 /easybuy2/home/index/index
INFO: [ app_init ] --START--
INFO: Run Behavior\BuildLiteBehavior [ RunTime:0.000049s ]
INFO: [ app_init ] --END-- [ RunTime:0.000987s ]

[ 2016-12-06T19:59:34+08:00 ] ::1 /EASYBUY2/
INFO: [ app_init ] --START--
INFO: Run Behavior\BuildLiteBehavior [ RunTime:0.000053s ]
INFO: [ app_init ] --END-- [ RunTime:0.000913s ]

[ 2016-12-06T19:59:40+08:00 ] ::1 /EASYBUY2/index.php/home/products/index
INFO: [ app_init ] --START--
INFO: Run Behavior\BuildLiteBehavior [ RunTime:0.000045s ]
INFO: [ app_init ] --END-- [ RunTime:0.000690s ]

[ 2016-12-06T19:59:45+08:00 ] ::1 /EASYBUY2/index.php/home/producks/single
INFO: [ app_init ] --START--
INFO: Run Behavior\BuildLiteBehavior [ RunTime:0.000034s ]
INFO: [ app_init ] --END-- [ RunTime:0.000777s ]
ERR: 无法加载控制器:Producks

[ 2016-12-06T20:19:16+08:00 ] ::1 /EASYBUY2/index.php/home/producks/single
INFO: [ app_init ] --START--
INFO: Run Behavior\BuildLiteBehavior [ RunTime:0.000048s ]
INFO: [ app_init ] --END-- [ RunTime:0.001204s ]
ERR: 无法加载控制器:Producks

[ 2016-12-06T20:19:21+08:00 ] ::1 /EASYBUY2/index.php/home/producks/single
INFO: [ app_init ] --START--
INFO: Run Behavior\BuildLiteBehavior [ RunTime:0.000030s ]
INFO: [ app_init ] --END-- [ RunTime:0.000527s ]
ERR: 无法加载控制器:Producks

[ 2016-12-06T20:21:06+08:00 ] ::1 /EASYBUY2/index.php/home/products/index
INFO: [ app_init ] --START--
INFO: Run Behavior\BuildLiteBehavior [ RunTime:0.000026s ]
INFO: [ app_init ] --END-- [ RunTime:0.000697s ]

[ 2016-12-06T20:21:07+08:00 ] ::1 /EASYBUY2/index.php/home/producks/single
INFO: [ app_init ] --START--
INFO: Run Behavior\BuildLiteBehavior [ RunTime:0.000059s ]
INFO: [ app_init ] --END-- [ RunTime:0.000971s ]
ERR: 无法加载控制器:Producks

[ 2016-12-06T20:21:11+08:00 ] ::1 /EASYBUY2/index.php/home/producks/single
INFO: [ app_init ] --START--
INFO: Run Behavior\BuildLiteBehavior [ RunTime:0.000054s ]
INFO: [ app_init ] --END-- [ RunTime:0.000833s ]
ERR: 无法加载控制器:Producks

[ 2016-12-06T20:21:44+08:00 ] ::1 /EASYBUY2/index.php/home/products/index
INFO: [ app_init ] --START--
INFO: Run Behavior\BuildLiteBehavior [ RunTime:0.000045s ]
INFO: [ app_init ] --END-- [ RunTime:0.000761s ]

[ 2016-12-06T20:21:45+08:00 ] ::1 /EASYBUY2/index.php/home/producks/index
INFO: [ app_init ] --START--
INFO: Run Behavior\BuildLiteBehavior [ RunTime:0.000056s ]
INFO: [ app_init ] --END-- [ RunTime:0.000987s ]
ERR: 无法加载控制器:Producks

[ 2016-12-06T20:21:48+08:00 ] ::1 /EASYBUY2/index.php/home/producks/index
INFO: [ app_init ] --START--
INFO: Run Behavior\BuildLiteBehavior [ RunTime:0.000026s ]
INFO: [ app_init ] --END-- [ RunTime:0.000474s ]
ERR: 无法加载控制器:Producks

[ 2016-12-06T20:22:53+08:00 ] ::1 /EASYBUY2/index.php/home/products/index
INFO: [ app_init ] --START--
INFO: Run Behavior\BuildLiteBehavior [ RunTime:0.000029s ]
INFO: [ app_init ] --END-- [ RunTime:0.000505s ]

[ 2016-12-06T20:22:55+08:00 ] ::1 /EASYBUY2/index.php/home/producks/index
INFO: [ app_init ] --START--
INFO: Run Behavior\BuildLiteBehavior [ RunTime:0.000164s ]
INFO: [ app_init ] --END-- [ RunTime:0.001523s ]
ERR: 无法加载控制器:Producks

[ 2016-12-06T20:22:59+08:00 ] ::1 /EASYBUY2/index.php/home/producks/index
INFO: [ app_init ] --START--
INFO: Run Behavior\BuildLiteBehavior [ RunTime:0.000042s ]
INFO: [ app_init ] --END-- [ RunTime:0.000754s ]
ERR: 无法加载控制器:Producks

[ 2016-12-06T20:24:20+08:00 ] ::1 /EASYBUY2/index.php/home/products/index
INFO: [ app_init ] --START--
INFO: Run Behavior\BuildLiteBehavior [ RunTime:0.000053s ]
INFO: [ app_init ] --END-- [ RunTime:0.000920s ]

[ 2016-12-06T20:24:21+08:00 ] ::1 /EASYBUY2/index.php/home/producks/index
INFO: [ app_init ] --START--
INFO: Run Behavior\BuildLiteBehavior [ RunTime:0.000030s ]
INFO: [ app_init ] --END-- [ RunTime:0.000481s ]
ERR: 无法加载控制器:Producks

[ 2016-12-06T20:25:20+08:00 ] ::1 /EASYBUY2/index.php/home/products/index
INFO: [ app_init ] --START--
INFO: Run Behavior\BuildLiteBehavior [ RunTime:0.000052s ]
INFO: [ app_init ] --END-- [ RunTime:0.000836s ]

[ 2016-12-06T20:25:21+08:00 ] ::1 /EASYBUY2/index.php/home/products/index
INFO: [ app_init ] --START--
INFO: Run Behavior\BuildLiteBehavior [ RunTime:0.000031s ]
INFO: [ app_init ] --END-- [ RunTime:0.000495s ]

[ 2016-12-06T20:25:23+08:00 ] ::1 /EASYBUY2/index.php/home/products/index
INFO: [ app_init ] --START--
INFO: Run Behavior\BuildLiteBehavior [ RunTime:0.000036s ]
INFO: [ app_init ] --END-- [ RunTime:0.000487s ]

[ 2016-12-06T20:25:54+08:00 ] ::1 /EASYBUY2/index.php/home/products/index
INFO: [ app_init ] --START--
INFO: Run Behavior\BuildLiteBehavior [ RunTime:0.000053s ]
INFO: [ app_init ] --END-- [ RunTime:0.000702s ]

[ 2016-12-06T20:25:55+08:00 ] ::1 /EASYBUY2/index.php/home/goods/index
INFO: [ app_init ] --START--
INFO: Run Behavior\BuildLiteBehavior [ RunTime:0.000075s ]
INFO: [ app_init ] --END-- [ RunTime:0.000725s ]

[ 2016-12-06T20:26:00+08:00 ] ::1 /EASYBUY2/index.php/home/goods/index
INFO: [ app_init ] --START--
INFO: Run Behavior\BuildLiteBehavior [ RunTime:0.000157s ]
INFO: [ app_init ] --END-- [ RunTime:0.002314s ]

[ 2016-12-06T20:26:04+08:00 ] ::1 /EASYBUY2/index.php/home/index/index
INFO: [ app_init ] --START--
INFO: Run Behavior\BuildLiteBehavior [ RunTime:0.000026s ]
INFO: [ app_init ] --END-- [ RunTime:0.000440s ]

[ 2016-12-06T20:26:05+08:00 ] ::1 /EASYBUY2/
INFO: [ app_init ] --START--
INFO: Run Behavior\BuildLiteBehavior [ RunTime:0.000044s ]
INFO: [ app_init ] --END-- [ RunTime:0.000794s ]

[ 2016-12-06T20:26:08+08:00 ] ::1 /EASYBUY2/index.php/home/products/index
INFO: [ app_init ] --START--
INFO: Run Behavior\BuildLiteBehavior [ RunTime:0.000049s ]
INFO: [ app_init ] --END-- [ RunTime:0.000708s ]

[ 2016-12-06T20:26:12+08:00 ] ::1 /EASYBUY2/index.php/home/goods/index
INFO: [ app_init ] --START--
INFO: Run Behavior\BuildLiteBehavior [ RunTime:0.000035s ]
INFO: [ app_init ] --END-- [ RunTime:0.000755s ]

[ 2016-12-06T20:26:16+08:00 ] ::1 /EASYBUY2/index.php/home/personal/addressManagement
INFO: [ app_init ] --START--
INFO: Run Behavior\BuildLiteBehavior [ RunTime:0.000039s ]
INFO: [ app_init ] --END-- [ RunTime:0.001084s ]

[ 2016-12-06T20:26:16+08:00 ] ::1 /EASYBUY2/index.php/home/personal/js/classie.js
INFO: [ app_init ] --START--
INFO: Run Behavior\BuildLiteBehavior [ RunTime:0.000052s ]
INFO: [ app_init ] --END-- [ RunTime:0.000834s ]
ERR: 非法操作:js

[ 2016-12-06T20:26:16+08:00 ] ::1 /EASYBUY2/index.php/home/personal/js/uisearch.js
INFO: [ app_init ] --START--
INFO: Run Behavior\BuildLiteBehavior [ RunTime:0.000030s ]
INFO: [ app_init ] --END-- [ RunTime:0.000545s ]
ERR: 非法操作:js

[ 2016-12-06T20:26:20+08:00 ] ::1 /EASYBUY2/index.php/home/personal/addressManagement
INFO: [ app_init ] --START--
INFO: Run Behavior\BuildLiteBehavior [ RunTime:0.000026s ]
INFO: [ app_init ] --END-- [ RunTime:0.000442s ]

[ 2016-12-06T20:26:20+08:00 ] ::1 /EASYBUY2/index.php/home/personal/js/uisearch.js
INFO: [ app_init ] --START--
INFO: Run Behavior\BuildLiteBehavior [ RunTime:0.000029s ]
INFO: [ app_init ] --END-- [ RunTime:0.000471s ]
ERR: 非法操作:js

[ 2016-12-06T20:26:20+08:00 ] ::1 /EASYBUY2/index.php/home/personal/js/classie.js
INFO: [ app_init ] --START--
INFO: Run Behavior\BuildLiteBehavior [ RunTime:0.000031s ]
INFO: [ app_init ] --END-- [ RunTime:0.000598s ]
ERR: 非法操作:js

[ 2016-12-06T20:26:23+08:00 ] ::1 /EASYBUY2/index.php/home/products/index
INFO: [ app_init ] --START--
INFO: Run Behavior\BuildLiteBehavior [ RunTime:0.000050s ]
INFO: [ app_init ] --END-- [ RunTime:0.001040s ]

[ 2016-12-06T20:26:32+08:00 ] ::1 /EASYBUY2/index.php/home/order/checkout
INFO: [ app_init ] --START--
INFO: Run Behavior\BuildLiteBehavior [ RunTime:0.000048s ]
INFO: [ app_init ] --END-- [ RunTime:0.000674s ]

[ 2016-12-06T20:26:34+08:00 ] ::1 /EASYBUY2/index.php/home/order/order
INFO: [ app_init ] --START--
INFO: Run Behavior\BuildLiteBehavior [ RunTime:0.000122s ]
INFO: [ app_init ] --END-- [ RunTime:0.001773s ]

[ 2016-12-06T20:27:33+08:00 ] ::1 /EASYBUY2/index.php/home/order/checkout
INFO: [ app_init ] --START--
INFO: Run Behavior\BuildLiteBehavior [ RunTime:0.000027s ]
INFO: [ app_init ] --END-- [ RunTime:0.000441s ]

[ 2016-12-06T20:27:34+08:00 ] ::1 /EASYBUY2/index.php/home/order/checkout
INFO: [ app_init ] --START--
INFO: Run Behavior\BuildLiteBehavior [ RunTime:0.000033s ]
INFO: [ app_init ] --END-- [ RunTime:0.000557s ]

[ 2016-12-06T20:37:53+08:00 ] ::1 /EASYBUY2/index.php/home/order/checkout
INFO: [ app_init ] --START--
INFO: Run Behavior\BuildLiteBehavior [ RunTime:0.000035s ]
INFO: [ app_init ] --END-- [ RunTime:0.000582s ]

[ 2016-12-06T20:37:54+08:00 ] ::1 /EASYBUY2/index.php/home/index/index
INFO: [ app_init ] --START--
INFO: Run Behavior\BuildLiteBehavior [ RunTime:0.000028s ]
INFO: [ app_init ] --END-- [ RunTime:0.000580s ]

[ 2016-12-06T20:37:54+08:00 ] ::1 /EASYBUY2/
INFO: [ app_init ] --START--
INFO: Run Behavior\BuildLiteBehavior [ RunTime:0.000044s ]
INFO: [ app_init ] --END-- [ RunTime:0.000812s ]

[ 2016-12-06T20:37:55+08:00 ] ::1 /EASYBUY2/index.php/home/index/login
INFO: [ app_init ] --START--
INFO: Run Behavior\BuildLiteBehavior [ RunTime:0.000029s ]
INFO: [ app_init ] --END-- [ RunTime:0.000657s ]

[ 2016-12-06T20:37:56+08:00 ] ::1 /EASYBUY2/index.php/home/index/login
INFO: [ app_init ] --START--
INFO: Run Behavior\BuildLiteBehavior [ RunTime:0.000030s ]
INFO: [ app_init ] --END-- [ RunTime:0.000519s ]

[ 2016-12-06T20:37:58+08:00 ] ::1 /EASYBUY2/index.php/home/index/account
INFO: [ app_init ] --START--
INFO: Run Behavior\BuildLiteBehavior [ RunTime:0.000028s ]
INFO: [ app_init ] --END-- [ RunTime:0.000628s ]

[ 2016-12-06T20:38:00+08:00 ] ::1 /EASYBUY2/index.php/home/index/account?
INFO: [ app_init ] --START--
INFO: Run Behavior\BuildLiteBehavior [ RunTime:0.000028s ]
INFO: [ app_init ] --END-- [ RunTime:0.000653s ]

