[ 2016-12-11T18:56:13+08:00 ] ::1 /SWIM/
INFO: [ app_init ] --START--
INFO: Run Behavior\BuildLiteBehavior [ RunTime:0.000000s ]
INFO: [ app_init ] --END-- [ RunTime:0.002000s ]

[ 2016-12-11T18:58:40+08:00 ] ::1 /SWIM/
INFO: [ app_init ] --START--
INFO: Run Behavior\BuildLiteBehavior [ RunTime:0.000000s ]
INFO: [ app_init ] --END-- [ RunTime:0.001000s ]

[ 2016-12-11T18:59:18+08:00 ] ::1 /SWIM/
INFO: [ app_init ] --START--
INFO: Run Behavior\BuildLiteBehavior [ RunTime:0.000000s ]
INFO: [ app_init ] --END-- [ RunTime:0.000000s ]

[ 2016-12-11T18:59:59+08:00 ] ::1 /SWIM/
INFO: [ app_init ] --START--
INFO: Run Behavior\BuildLiteBehavior [ RunTime:0.000000s ]
INFO: [ app_init ] --END-- [ RunTime:0.001000s ]

[ 2016-12-11T19:00:44+08:00 ] ::1 /SWIM/
INFO: [ app_init ] --START--
INFO: Run Behavior\BuildLiteBehavior [ RunTime:0.000000s ]
INFO: [ app_init ] --END-- [ RunTime:0.001000s ]

[ 2016-12-11T19:01:04+08:00 ] ::1 /SWIM/home/
INFO: [ app_init ] --START--
INFO: Run Behavior\BuildLiteBehavior [ RunTime:0.000000s ]
INFO: [ app_init ] --END-- [ RunTime:0.001000s ]

[ 2016-12-11T19:01:23+08:00 ] ::1 /SWIM/home/products
INFO: [ app_init ] --START--
INFO: Run Behavior\BuildLiteBehavior [ RunTime:0.000000s ]
INFO: [ app_init ] --END-- [ RunTime:0.001000s ]

[ 2016-12-11T19:08:34+08:00 ] ::1 /SWIM/home/
INFO: [ app_init ] --START--
INFO: Run Behavior\BuildLiteBehavior [ RunTime:0.000000s ]
INFO: [ app_init ] --END-- [ RunTime:0.001000s ]

[ 2016-12-11T19:08:36+08:00 ] ::1 /SWIM/index.php/home/products
INFO: [ app_init ] --START--
INFO: Run Behavior\BuildLiteBehavior [ RunTime:0.000000s ]
INFO: [ app_init ] --END-- [ RunTime:0.000000s ]

[ 2016-12-11T19:08:51+08:00 ] ::1 /SWIM/home/order
INFO: [ app_init ] --START--
INFO: Run Behavior\BuildLiteBehavior [ RunTime:0.000000s ]
INFO: [ app_init ] --END-- [ RunTime:0.000000s ]
ERR: 非法操作:index

[ 2016-12-11T19:09:01+08:00 ] ::1 /SWIM/home/orders
INFO: [ app_init ] --START--
INFO: Run Behavior\BuildLiteBehavior [ RunTime:0.000000s ]
INFO: [ app_init ] --END-- [ RunTime:0.001000s ]
ERR: 无法加载控制器:Orders

[ 2016-12-11T19:12:45+08:00 ] ::1 /SWIM/home/orders/checkout
INFO: [ app_init ] --START--
INFO: Run Behavior\BuildLiteBehavior [ RunTime:0.000000s ]
INFO: [ app_init ] --END-- [ RunTime:0.001000s ]
ERR: 无法加载控制器:Orders

[ 2016-12-11T19:12:56+08:00 ] ::1 /SWIM/home/orders/checkout/userid/3
INFO: [ app_init ] --START--
INFO: Run Behavior\BuildLiteBehavior [ RunTime:0.000000s ]
INFO: [ app_init ] --END-- [ RunTime:0.001000s ]
ERR: 无法加载控制器:Orders

[ 2016-12-11T19:13:01+08:00 ] ::1 /SWIM/home/orders/checkout/userid/3
INFO: [ app_init ] --START--
INFO: Run Behavior\BuildLiteBehavior [ RunTime:0.000000s ]
INFO: [ app_init ] --END-- [ RunTime:0.001000s ]
ERR: 无法加载控制器:Orders

[ 2016-12-11T19:13:04+08:00 ] ::1 /SWIM/home/orders/checkout/userid/1
INFO: [ app_init ] --START--
INFO: Run Behavior\BuildLiteBehavior [ RunTime:0.000000s ]
INFO: [ app_init ] --END-- [ RunTime:0.001000s ]
ERR: 无法加载控制器:Orders

[ 2016-12-11T19:14:55+08:00 ] ::1 /SWIM/home/
INFO: [ app_init ] --START--
INFO: Run Behavior\BuildLiteBehavior [ RunTime:0.000000s ]
INFO: [ app_init ] --END-- [ RunTime:0.000000s ]

[ 2016-12-11T19:15:01+08:00 ] ::1 /SWIM/index.php/home/goods/checkout/goodid/1
INFO: [ app_init ] --START--
INFO: Run Behavior\BuildLiteBehavior [ RunTime:0.000000s ]
INFO: [ app_init ] --END-- [ RunTime:0.001000s ]
ERR: 1048:Column 'userid' cannot be null
 [ SQL语句 ] : INSERT INTO `shopingcar` (`userid`,`goodid`) VALUES (NULL,'1')
ERR: 1048:Column 'userid' cannot be null
 [ SQL语句 ] : INSERT INTO `shopingcar` (`userid`,`goodid`) VALUES (NULL,'1')

[ 2016-12-11T19:15:14+08:00 ] ::1 /SWIM/index.php/home/goods/checkout/goodid/1
INFO: [ app_init ] --START--
INFO: Run Behavior\BuildLiteBehavior [ RunTime:0.000000s ]
INFO: [ app_init ] --END-- [ RunTime:0.001001s ]
ERR: 1048:Column 'userid' cannot be null
 [ SQL语句 ] : INSERT INTO `shopingcar` (`userid`,`goodid`) VALUES (NULL,'1')
ERR: 1048:Column 'userid' cannot be null
 [ SQL语句 ] : INSERT INTO `shopingcar` (`userid`,`goodid`) VALUES (NULL,'1')

[ 2016-12-11T19:20:53+08:00 ] ::1 /SWIM/home/
INFO: [ app_init ] --START--
INFO: Run Behavior\BuildLiteBehavior [ RunTime:0.000000s ]
INFO: [ app_init ] --END-- [ RunTime:0.001000s ]

[ 2016-12-11T19:20:58+08:00 ] ::1 /SWIM/index.php/home/goods/checkout/goodid/3
INFO: [ app_init ] --START--
INFO: Run Behavior\BuildLiteBehavior [ RunTime:0.000000s ]
INFO: [ app_init ] --END-- [ RunTime:0.001000s ]
ERR: 1048:Column 'userid' cannot be null
 [ SQL语句 ] : INSERT INTO `shopingcar` (`userid`,`goodid`) VALUES (NULL,'3')
ERR: 1048:Column 'userid' cannot be null
 [ SQL语句 ] : INSERT INTO `shopingcar` (`userid`,`goodid`) VALUES (NULL,'3')

[ 2016-12-11T19:21:55+08:00 ] ::1 /SWIM/home/
INFO: [ app_init ] --START--
INFO: Run Behavior\BuildLiteBehavior [ RunTime:0.000000s ]
INFO: [ app_init ] --END-- [ RunTime:0.001000s ]

[ 2016-12-11T19:21:59+08:00 ] ::1 /SWIM/index.php/home/goods/checkout/goodid/1
INFO: [ app_init ] --START--
INFO: Run Behavior\BuildLiteBehavior [ RunTime:0.000000s ]
INFO: [ app_init ] --END-- [ RunTime:0.001000s ]
ERR: 1048:Column 'userid' cannot be null
 [ SQL语句 ] : INSERT INTO `shopingcar` (`userid`,`goodid`) VALUES (NULL,'1')
ERR: 1048:Column 'userid' cannot be null
 [ SQL语句 ] : INSERT INTO `shopingcar` (`userid`,`goodid`) VALUES (NULL,'1')

[ 2016-12-11T19:22:41+08:00 ] ::1 /SWIM/home/
INFO: [ app_init ] --START--
INFO: Run Behavior\BuildLiteBehavior [ RunTime:0.000000s ]
INFO: [ app_init ] --END-- [ RunTime:0.000000s ]

[ 2016-12-11T19:22:42+08:00 ] ::1 /SWIM/home/
INFO: [ app_init ] --START--
INFO: Run Behavior\BuildLiteBehavior [ RunTime:0.000000s ]
INFO: [ app_init ] --END-- [ RunTime:0.001000s ]

[ 2016-12-11T19:22:47+08:00 ] ::1 /SWIM/index.php/home/goods/checkout/goodid/3
INFO: [ app_init ] --START--
INFO: Run Behavior\BuildLiteBehavior [ RunTime:0.000000s ]
INFO: [ app_init ] --END-- [ RunTime:0.001000s ]
ERR: 1048:Column 'userid' cannot be null
 [ SQL语句 ] : INSERT INTO `shopingcar` (`userid`,`goodid`) VALUES (NULL,'3')
ERR: 1048:Column 'userid' cannot be null
 [ SQL语句 ] : INSERT INTO `shopingcar` (`userid`,`goodid`) VALUES (NULL,'3')

[ 2016-12-11T19:23:24+08:00 ] ::1 /SWIM/home/
INFO: [ app_init ] --START--
INFO: Run Behavior\BuildLiteBehavior [ RunTime:0.000000s ]
INFO: [ app_init ] --END-- [ RunTime:0.001000s ]

[ 2016-12-11T19:23:25+08:00 ] ::1 /SWIM/home/
INFO: [ app_init ] --START--
INFO: Run Behavior\BuildLiteBehavior [ RunTime:0.000000s ]
INFO: [ app_init ] --END-- [ RunTime:0.000000s ]

[ 2016-12-11T19:23:30+08:00 ] ::1 /SWIM/index.php/home/goods/checkout/goodid/2
INFO: [ app_init ] --START--
INFO: Run Behavior\BuildLiteBehavior [ RunTime:0.000000s ]
INFO: [ app_init ] --END-- [ RunTime:0.000000s ]
ERR: 1048:Column 'userid' cannot be null
 [ SQL语句 ] : INSERT INTO `shopingcar` (`userid`,`goodid`) VALUES (NULL,'2')
ERR: 1048:Column 'userid' cannot be null
 [ SQL语句 ] : INSERT INTO `shopingcar` (`userid`,`goodid`) VALUES (NULL,'2')

[ 2016-12-11T19:39:41+08:00 ] ::1 /SWIM/index.php/home/index/index/
INFO: [ app_init ] --START--
INFO: Run Behavior\BuildLiteBehavior [ RunTime:0.000000s ]
INFO: [ app_init ] --END-- [ RunTime:0.001000s ]

[ 2016-12-11T19:39:46+08:00 ] ::1 /SWIM/index.php/home/goods/checkout/goodid/2
INFO: [ app_init ] --START--
INFO: Run Behavior\BuildLiteBehavior [ RunTime:0.000000s ]
INFO: [ app_init ] --END-- [ RunTime:0.001000s ]

[ 2016-12-11T19:39:48+08:00 ] ::1 /SWIM/index.php/home/order/checkout
INFO: [ app_init ] --START--
INFO: Run Behavior\BuildLiteBehavior [ RunTime:0.000000s ]
INFO: [ app_init ] --END-- [ RunTime:0.001000s ]

[ 2016-12-11T19:42:56+08:00 ] ::1 /SWIM/index.php/home/order/checkout
INFO: [ app_init ] --START--
INFO: Run Behavior\BuildLiteBehavior [ RunTime:0.000000s ]
INFO: [ app_init ] --END-- [ RunTime:0.010000s ]

[ 2016-12-11T19:42:57+08:00 ] ::1 /SWIM/index.php/home/order/checkout
INFO: [ app_init ] --START--
INFO: Run Behavior\BuildLiteBehavior [ RunTime:0.000000s ]
INFO: [ app_init ] --END-- [ RunTime:0.001000s ]

[ 2016-12-11T19:42:59+08:00 ] ::1 /SWIM/index.php/home/order/checkout
INFO: [ app_init ] --START--
INFO: Run Behavior\BuildLiteBehavior [ RunTime:0.000000s ]
INFO: [ app_init ] --END-- [ RunTime:0.001000s ]

[ 2016-12-11T19:47:01+08:00 ] ::1 /SWIM/index.php/home/order/checkout
INFO: [ app_init ] --START--
INFO: Run Behavior\BuildLiteBehavior [ RunTime:0.000000s ]
INFO: [ app_init ] --END-- [ RunTime:0.001000s ]

[ 2016-12-11T19:47:07+08:00 ] ::1 /SWIM/index.php/home/order/order/userid/4
INFO: [ app_init ] --START--
INFO: Run Behavior\BuildLiteBehavior [ RunTime:0.000000s ]
INFO: [ app_init ] --END-- [ RunTime:0.001000s ]

[ 2016-12-11T19:47:44+08:00 ] ::1 /SWIM/index.php/home/order/order/userid/4/shopid/5
INFO: [ app_init ] --START--
INFO: Run Behavior\BuildLiteBehavior [ RunTime:0.000000s ]
INFO: [ app_init ] --END-- [ RunTime:0.001000s ]

[ 2016-12-11T19:48:30+08:00 ] ::1 /SWIM/index.php/home/order/order/userid/4/shopid/products.html
INFO: [ app_init ] --START--
INFO: Run Behavior\BuildLiteBehavior [ RunTime:0.000000s ]
INFO: [ app_init ] --END-- [ RunTime:0.000000s ]

[ 2016-12-11T19:48:39+08:00 ] ::1 /SWIM/index.php/home/order/payment/userid//shopid/
INFO: [ app_init ] --START--
INFO: Run Behavior\BuildLiteBehavior [ RunTime:0.000000s ]
INFO: [ app_init ] --END-- [ RunTime:0.001000s ]
ERR: 1048:Column 'userid' cannot be null
 [ SQL语句 ] : INSERT INTO `orders` (`userid`,`ordernumber`,`ordertime`,`discount`,`orderaddress`,`orderstate`) VALUES (NULL,'814578247','1481456919',NULL,NULL,'2')
ERR: 1048:Column 'userid' cannot be null
 [ SQL语句 ] : INSERT INTO `orders` (`userid`,`ordernumber`,`ordertime`,`discount`,`orderaddress`,`orderstate`) VALUES (NULL,'814578247','1481456919',NULL,NULL,'2')

[ 2016-12-11T19:51:06+08:00 ] ::1 /SWIM/index.php/home/order/payment/userid//shopid/
INFO: [ app_init ] --START--
INFO: Run Behavior\BuildLiteBehavior [ RunTime:0.000000s ]
INFO: [ app_init ] --END-- [ RunTime:0.001000s ]
ERR: 1048:Column 'userid' cannot be null
 [ SQL语句 ] : INSERT INTO `orders` (`userid`,`ordernumber`,`ordertime`,`discount`,`orderaddress`,`orderstate`) VALUES (NULL,'126531982','1481457066',NULL,NULL,'2')
ERR: 1048:Column 'userid' cannot be null
 [ SQL语句 ] : INSERT INTO `orders` (`userid`,`ordernumber`,`ordertime`,`discount`,`orderaddress`,`orderstate`) VALUES (NULL,'126531982','1481457066',NULL,NULL,'2')

[ 2016-12-11T19:51:14+08:00 ] ::1 /SWIM/index.php/home/order/order/userid/4/shopid/products.html
INFO: [ app_init ] --START--
INFO: Run Behavior\BuildLiteBehavior [ RunTime:0.000000s ]
INFO: [ app_init ] --END-- [ RunTime:0.001000s ]

[ 2016-12-11T19:51:19+08:00 ] ::1 /SWIM/index.php/home/order/payment/shopid/
INFO: [ app_init ] --START--
INFO: Run Behavior\BuildLiteBehavior [ RunTime:0.000000s ]
INFO: [ app_init ] --END-- [ RunTime:0.000000s ]
ERR: 1048:Column 'userid' cannot be null
 [ SQL语句 ] : INSERT INTO `orders` (`userid`,`ordernumber`,`ordertime`,`discount`,`orderaddress`,`orderstate`) VALUES (NULL,'321676635','1481457079',NULL,NULL,'2')
ERR: 1048:Column 'userid' cannot be null
 [ SQL语句 ] : INSERT INTO `orders` (`userid`,`ordernumber`,`ordertime`,`discount`,`orderaddress`,`orderstate`) VALUES (NULL,'321676635','1481457079',NULL,NULL,'2')

[ 2016-12-11T19:52:53+08:00 ] ::1 /SWIM/index.php/home/order/payment/shopid/
INFO: [ app_init ] --START--
INFO: Run Behavior\BuildLiteBehavior [ RunTime:0.000000s ]
INFO: [ app_init ] --END-- [ RunTime:0.001000s ]
ERR: 1048:Column 'userid' cannot be null
 [ SQL语句 ] : INSERT INTO `orders` (`userid`,`ordernumber`,`ordertime`,`discount`,`orderaddress`,`orderstate`) VALUES (NULL,'635116577','1481457173',NULL,NULL,'2')
ERR: 1048:Column 'userid' cannot be null
 [ SQL语句 ] : INSERT INTO `orders` (`userid`,`ordernumber`,`ordertime`,`discount`,`orderaddress`,`orderstate`) VALUES (NULL,'635116577','1481457173',NULL,NULL,'2')

[ 2016-12-11T19:53:09+08:00 ] ::1 /SWIM/index.php/home/order/order/userid/4/shopid/products.html
INFO: [ app_init ] --START--
INFO: Run Behavior\BuildLiteBehavior [ RunTime:0.000000s ]
INFO: [ app_init ] --END-- [ RunTime:0.001000s ]

[ 2016-12-11T19:53:10+08:00 ] ::1 /SWIM/index.php/home/order/order/userid/4/shopid/products.html
INFO: [ app_init ] --START--
INFO: Run Behavior\BuildLiteBehavior [ RunTime:0.000000s ]
INFO: [ app_init ] --END-- [ RunTime:0.000000s ]

[ 2016-12-11T19:53:11+08:00 ] ::1 /SWIM/index.php/home/order/order/userid/4/shopid/products.html
INFO: [ app_init ] --START--
INFO: Run Behavior\BuildLiteBehavior [ RunTime:0.000000s ]
INFO: [ app_init ] --END-- [ RunTime:0.001000s ]

[ 2016-12-11T19:53:12+08:00 ] ::1 /SWIM/index.php/home/order/order/userid/4/shopid/products.html
INFO: [ app_init ] --START--
INFO: Run Behavior\BuildLiteBehavior [ RunTime:0.000000s ]
INFO: [ app_init ] --END-- [ RunTime:0.001000s ]

[ 2016-12-11T19:53:13+08:00 ] ::1 /SWIM/index.php/home/order/order/userid/4/shopid/products.html
INFO: [ app_init ] --START--
INFO: Run Behavior\BuildLiteBehavior [ RunTime:0.000000s ]
INFO: [ app_init ] --END-- [ RunTime:0.001000s ]

[ 2016-12-11T19:53:19+08:00 ] ::1 /SWIM/index.php/home/order/order/userid/4/shopid/5
INFO: [ app_init ] --START--
INFO: Run Behavior\BuildLiteBehavior [ RunTime:0.000000s ]
INFO: [ app_init ] --END-- [ RunTime:0.000000s ]

[ 2016-12-11T19:53:20+08:00 ] ::1 /SWIM/index.php/home/order/order/userid/4/shopid/5
INFO: [ app_init ] --START--
INFO: Run Behavior\BuildLiteBehavior [ RunTime:0.000000s ]
INFO: [ app_init ] --END-- [ RunTime:0.001000s ]

[ 2016-12-11T19:53:21+08:00 ] ::1 /SWIM/index.php/home/order/order/userid/4/shopid/5
INFO: [ app_init ] --START--
INFO: Run Behavior\BuildLiteBehavior [ RunTime:0.000000s ]
INFO: [ app_init ] --END-- [ RunTime:0.001000s ]

[ 2016-12-11T19:53:23+08:00 ] ::1 /SWIM/index.php/home/order/payment/userid/4/shopid/5
INFO: [ app_init ] --START--
INFO: Run Behavior\BuildLiteBehavior [ RunTime:0.000000s ]
INFO: [ app_init ] --END-- [ RunTime:0.001000s ]
ERR: 1048:Column 'userid' cannot be null
 [ SQL语句 ] : INSERT INTO `orders` (`userid`,`ordernumber`,`ordertime`,`discount`,`orderaddress`,`orderstate`) VALUES (NULL,'540881347','1481457203',NULL,NULL,'2')
ERR: 1048:Column 'userid' cannot be null
 [ SQL语句 ] : INSERT INTO `orders` (`userid`,`ordernumber`,`ordertime`,`discount`,`orderaddress`,`orderstate`) VALUES (NULL,'540881347','1481457203',NULL,NULL,'2')

[ 2016-12-11T19:54:19+08:00 ] ::1 /SWIM/index.php/home/order/order/userid/4/shopid/5
INFO: [ app_init ] --START--
INFO: Run Behavior\BuildLiteBehavior [ RunTime:0.000000s ]
INFO: [ app_init ] --END-- [ RunTime:0.001000s ]

[ 2016-12-11T19:54:24+08:00 ] ::1 /SWIM/index.php/home/order/order/userid/4/shopid/5
INFO: [ app_init ] --START--
INFO: Run Behavior\BuildLiteBehavior [ RunTime:0.000000s ]
INFO: [ app_init ] --END-- [ RunTime:0.001000s ]

[ 2016-12-11T19:54:25+08:00 ] ::1 /SWIM/index.php/home/order/order/userid/4/shopid/5
INFO: [ app_init ] --START--
INFO: Run Behavior\BuildLiteBehavior [ RunTime:0.000000s ]
INFO: [ app_init ] --END-- [ RunTime:0.000000s ]

[ 2016-12-11T19:54:26+08:00 ] ::1 /SWIM/index.php/home/order/order/userid/4/shopid/5
INFO: [ app_init ] --START--
INFO: Run Behavior\BuildLiteBehavior [ RunTime:0.000000s ]
INFO: [ app_init ] --END-- [ RunTime:0.001000s ]

[ 2016-12-11T19:54:27+08:00 ] ::1 /SWIM/index.php/home/order/order/userid/4/shopid/5
INFO: [ app_init ] --START--
INFO: Run Behavior\BuildLiteBehavior [ RunTime:0.000000s ]
INFO: [ app_init ] --END-- [ RunTime:0.001000s ]

[ 2016-12-11T19:54:30+08:00 ] ::1 /SWIM/index.php/home/order/order/userid/4/shopid/5
INFO: [ app_init ] --START--
INFO: Run Behavior\BuildLiteBehavior [ RunTime:0.000000s ]
INFO: [ app_init ] --END-- [ RunTime:0.000000s ]

[ 2016-12-11T19:54:31+08:00 ] ::1 /SWIM/index.php/home/order/order/userid/4/shopid/5
INFO: [ app_init ] --START--
INFO: Run Behavior\BuildLiteBehavior [ RunTime:0.000000s ]
INFO: [ app_init ] --END-- [ RunTime:0.001001s ]

[ 2016-12-11T19:55:50+08:00 ] ::1 /SWIM/index.php/home/order/checkout
INFO: [ app_init ] --START--
INFO: Run Behavior\BuildLiteBehavior [ RunTime:0.000000s ]
INFO: [ app_init ] --END-- [ RunTime:0.001000s ]

[ 2016-12-11T19:55:57+08:00 ] ::1 /SWIM/index.php/home/order/order/userid/4/shopid/5
INFO: [ app_init ] --START--
INFO: Run Behavior\BuildLiteBehavior [ RunTime:0.000000s ]
INFO: [ app_init ] --END-- [ RunTime:0.000000s ]

[ 2016-12-11T19:56:26+08:00 ] ::1 /SWIM/index.php/home/order/order/userid/4/shopid/5
INFO: [ app_init ] --START--
INFO: Run Behavior\BuildLiteBehavior [ RunTime:0.000000s ]
INFO: [ app_init ] --END-- [ RunTime:0.001000s ]

[ 2016-12-11T19:56:31+08:00 ] ::1 /SWIM/index.php/home/order/checkout
INFO: [ app_init ] --START--
INFO: Run Behavior\BuildLiteBehavior [ RunTime:0.000000s ]
INFO: [ app_init ] --END-- [ RunTime:0.001000s ]

[ 2016-12-11T19:56:35+08:00 ] ::1 /SWIM/index.php/home/order/order/shopid/5
INFO: [ app_init ] --START--
INFO: Run Behavior\BuildLiteBehavior [ RunTime:0.000000s ]
INFO: [ app_init ] --END-- [ RunTime:0.001000s ]

[ 2016-12-11T19:56:44+08:00 ] ::1 /SWIM/index.php/home/order/payment/shopid/5
INFO: [ app_init ] --START--
INFO: Run Behavior\BuildLiteBehavior [ RunTime:0.000000s ]
INFO: [ app_init ] --END-- [ RunTime:0.000000s ]
ERR: 1048:Column 'userid' cannot be null
 [ SQL语句 ] : INSERT INTO `orders` (`userid`,`ordernumber`,`ordertime`,`discount`,`orderaddress`,`orderstate`) VALUES (NULL,'502511596','1481457404',NULL,NULL,'2')
ERR: 1048:Column 'userid' cannot be null
 [ SQL语句 ] : INSERT INTO `orders` (`userid`,`ordernumber`,`ordertime`,`discount`,`orderaddress`,`orderstate`) VALUES (NULL,'502511596','1481457404',NULL,NULL,'2')

[ 2016-12-11T20:03:28+08:00 ] ::1 /SWIM/index.php/home/order/payment/shopid/5
INFO: [ app_init ] --START--
INFO: Run Behavior\BuildLiteBehavior [ RunTime:0.000000s ]
INFO: [ app_init ] --END-- [ RunTime:0.001000s ]
ERR: 1048:Column 'userid' cannot be null
 [ SQL语句 ] : INSERT INTO `orders` (`userid`,`ordernumber`,`ordertime`,`discount`,`orderaddress`,`orderstate`) VALUES (NULL,'457962036','1481457808',NULL,NULL,'2')
ERR: 1048:Column 'userid' cannot be null
 [ SQL语句 ] : INSERT INTO `orders` (`userid`,`ordernumber`,`ordertime`,`discount`,`orderaddress`,`orderstate`) VALUES (NULL,'457962036','1481457808',NULL,NULL,'2')

[ 2016-12-11T20:04:44+08:00 ] ::1 /SWIM/index.php/home/order/payment/shopid/5
INFO: [ app_init ] --START--
INFO: Run Behavior\BuildLiteBehavior [ RunTime:0.000000s ]
INFO: [ app_init ] --END-- [ RunTime:0.001000s ]
ERR: 1048:Column 'discount' cannot be null
 [ SQL语句 ] : INSERT INTO `orders` (`userid`,`ordernumber`,`ordertime`,`discount`,`orderaddress`,`orderstate`) VALUES ('4','742864990','1481457884',NULL,NULL,'2')
ERR: 1048:Column 'discount' cannot be null
 [ SQL语句 ] : INSERT INTO `orders` (`userid`,`ordernumber`,`ordertime`,`discount`,`orderaddress`,`orderstate`) VALUES ('4','742864990','1481457884',NULL,NULL,'2')

[ 2016-12-11T20:05:42+08:00 ] ::1 /SWIM/index.php/home/order/payment/shopid/5
INFO: [ app_init ] --START--
INFO: Run Behavior\BuildLiteBehavior [ RunTime:0.000000s ]
INFO: [ app_init ] --END-- [ RunTime:0.001001s ]
ERR: 1048:Column 'discount' cannot be null
 [ SQL语句 ] : INSERT INTO `orders` (`userid`,`ordernumber`,`ordertime`,`discount`,`orderaddress`,`orderstate`) VALUES ('4','339474487','1481457942',NULL,NULL,'2')
ERR: 1048:Column 'discount' cannot be null
 [ SQL语句 ] : INSERT INTO `orders` (`userid`,`ordernumber`,`ordertime`,`discount`,`orderaddress`,`orderstate`) VALUES ('4','339474487','1481457942',NULL,NULL,'2')

[ 2016-12-11T20:05:43+08:00 ] ::1 /SWIM/index.php/home/order/payment/shopid/5
INFO: [ app_init ] --START--
INFO: Run Behavior\BuildLiteBehavior [ RunTime:0.000000s ]
INFO: [ app_init ] --END-- [ RunTime:0.001000s ]
ERR: 1048:Column 'discount' cannot be null
 [ SQL语句 ] : INSERT INTO `orders` (`userid`,`ordernumber`,`ordertime`,`discount`,`orderaddress`,`orderstate`) VALUES ('4','902276611','1481457943',NULL,NULL,'2')
ERR: 1048:Column 'discount' cannot be null
 [ SQL语句 ] : INSERT INTO `orders` (`userid`,`ordernumber`,`ordertime`,`discount`,`orderaddress`,`orderstate`) VALUES ('4','902276611','1481457943',NULL,NULL,'2')

[ 2016-12-11T20:05:51+08:00 ] ::1 /SWIM/index.php/home/order/payment/shopid/5
INFO: [ app_init ] --START--
INFO: Run Behavior\BuildLiteBehavior [ RunTime:0.000000s ]
INFO: [ app_init ] --END-- [ RunTime:0.001000s ]
ERR: 1048:Column 'discount' cannot be null
 [ SQL语句 ] : INSERT INTO `orders` (`userid`,`ordernumber`,`ordertime`,`discount`,`orderaddress`,`orderstate`) VALUES ('4','446591186','1481457951',NULL,NULL,'2')
ERR: 1048:Column 'discount' cannot be null
 [ SQL语句 ] : INSERT INTO `orders` (`userid`,`ordernumber`,`ordertime`,`discount`,`orderaddress`,`orderstate`) VALUES ('4','446591186','1481457951',NULL,NULL,'2')

[ 2016-12-11T20:12:58+08:00 ] ::1 /SWIM/index.php/home/order/payment/shopid/5
INFO: [ app_init ] --START--
INFO: Run Behavior\BuildLiteBehavior [ RunTime:0.000000s ]
INFO: [ app_init ] --END-- [ RunTime:0.000000s ]
ERR: 1048:Column 'discount' cannot be null
 [ SQL语句 ] : INSERT INTO `orders` (`userid`,`ordernumber`,`ordertime`,`discount`,`orderaddress`,`orderstate`) VALUES ('4','150317382','1481458378',NULL,NULL,'2')
ERR: 1048:Column 'discount' cannot be null
 [ SQL语句 ] : INSERT INTO `orders` (`userid`,`ordernumber`,`ordertime`,`discount`,`orderaddress`,`orderstate`) VALUES ('4','150317382','1481458378',NULL,NULL,'2')

[ 2016-12-11T20:13:04+08:00 ] ::1 /SWIM/index.php/home/order/order/shopid/5
INFO: [ app_init ] --START--
INFO: Run Behavior\BuildLiteBehavior [ RunTime:0.000000s ]
INFO: [ app_init ] --END-- [ RunTime:0.001000s ]

[ 2016-12-11T20:13:14+08:00 ] ::1 /SWIM/index.php/home/order/payment/shopid/5
INFO: [ app_init ] --START--
INFO: Run Behavior\BuildLiteBehavior [ RunTime:0.000000s ]
INFO: [ app_init ] --END-- [ RunTime:0.001000s ]
ERR: 1048:Column 'discount' cannot be null
 [ SQL语句 ] : INSERT INTO `orders` (`userid`,`ordernumber`,`ordertime`,`discount`,`orderaddress`,`orderstate`) VALUES ('4','861160278','1481458394',NULL,NULL,'2')
ERR: 1048:Column 'discount' cannot be null
 [ SQL语句 ] : INSERT INTO `orders` (`userid`,`ordernumber`,`ordertime`,`discount`,`orderaddress`,`orderstate`) VALUES ('4','861160278','1481458394',NULL,NULL,'2')

[ 2016-12-11T20:17:08+08:00 ] ::1 /SWIM/index.php/home/order/order/shopid/5
INFO: [ app_init ] --START--
INFO: Run Behavior\BuildLiteBehavior [ RunTime:0.000000s ]
INFO: [ app_init ] --END-- [ RunTime:0.001000s ]

[ 2016-12-11T20:18:46+08:00 ] ::1 /SWIM/index.php/home/order/payment/shopid/5
INFO: [ app_init ] --START--
INFO: Run Behavior\BuildLiteBehavior [ RunTime:0.000000s ]
INFO: [ app_init ] --END-- [ RunTime:0.001000s ]
ERR: 1048:Column 'discount' cannot be null
 [ SQL语句 ] : INSERT INTO `orders` (`userid`,`ordernumber`,`ordertime`,`discount`,`orderaddress`,`orderstate`) VALUES ('4','568347167','1481458726',NULL,'河北省石家庄市南二环东路20号','2')
ERR: 1048:Column 'discount' cannot be null
 [ SQL语句 ] : INSERT INTO `orders` (`userid`,`ordernumber`,`ordertime`,`discount`,`orderaddress`,`orderstate`) VALUES ('4','568347167','1481458726',NULL,'河北省石家庄市南二环东路20号','2')

[ 2016-12-11T20:19:16+08:00 ] ::1 /SWIM/index.php/home/order/payment/shopid/5
INFO: [ app_init ] --START--
INFO: Run Behavior\BuildLiteBehavior [ RunTime:0.000000s ]
INFO: [ app_init ] --END-- [ RunTime:0.000000s ]
ERR: 1048:Column 'discount' cannot be null
 [ SQL语句 ] : INSERT INTO `orders` (`userid`,`ordernumber`,`ordertime`,`discount`,`orderaddress`,`orderstate`) VALUES ('4','245156860','1481458756',NULL,'河北省石家庄市南二环东路20号','2')
ERR: 1048:Column 'discount' cannot be null
 [ SQL语句 ] : INSERT INTO `orders` (`userid`,`ordernumber`,`ordertime`,`discount`,`orderaddress`,`orderstate`) VALUES ('4','245156860','1481458756',NULL,'河北省石家庄市南二环东路20号','2')

[ 2016-12-11T20:20:34+08:00 ] ::1 /SWIM/index.php/home/order/payment/shopid/5
INFO: [ app_init ] --START--
INFO: Run Behavior\BuildLiteBehavior [ RunTime:0.000000s ]
INFO: [ app_init ] --END-- [ RunTime:0.001000s ]
ERR: 1048:Column 'discount' cannot be null
 [ SQL语句 ] : INSERT INTO `orders` (`userid`,`ordernumber`,`ordertime`,`discount`,`orderaddress`,`orderstate`) VALUES ('4','553350830','1481458834',NULL,'河北省石家庄市南二环东路20号','2')
ERR: 1048:Column 'discount' cannot be null
 [ SQL语句 ] : INSERT INTO `orders` (`userid`,`ordernumber`,`ordertime`,`discount`,`orderaddress`,`orderstate`) VALUES ('4','553350830','1481458834',NULL,'河北省石家庄市南二环东路20号','2')

[ 2016-12-11T20:20:41+08:00 ] ::1 /SWIM/index.php/home/order/payment/shopid/5
INFO: [ app_init ] --START--
INFO: Run Behavior\BuildLiteBehavior [ RunTime:0.000000s ]
INFO: [ app_init ] --END-- [ RunTime:0.001000s ]
ERR: 1048:Column 'discount' cannot be null
 [ SQL语句 ] : INSERT INTO `orders` (`userid`,`ordernumber`,`ordertime`,`discount`,`orderaddress`,`orderstate`) VALUES ('4','663681030','1481458841',NULL,'河北省石家庄市南二环东路20号','2')
ERR: 1048:Column 'discount' cannot be null
 [ SQL语句 ] : INSERT INTO `orders` (`userid`,`ordernumber`,`ordertime`,`discount`,`orderaddress`,`orderstate`) VALUES ('4','663681030','1481458841',NULL,'河北省石家庄市南二环东路20号','2')

[ 2016-12-11T20:20:58+08:00 ] ::1 /SWIM/index.php/home/order/order/shopid/5
INFO: [ app_init ] --START--
INFO: Run Behavior\BuildLiteBehavior [ RunTime:0.000000s ]
INFO: [ app_init ] --END-- [ RunTime:0.001000s ]

[ 2016-12-11T20:20:59+08:00 ] ::1 /SWIM/index.php/home/order/order/shopid/5
INFO: [ app_init ] --START--
INFO: Run Behavior\BuildLiteBehavior [ RunTime:0.000000s ]
INFO: [ app_init ] --END-- [ RunTime:0.001000s ]

[ 2016-12-11T20:21:05+08:00 ] ::1 /SWIM/index.php/home/order/payment/shopid/5
INFO: [ app_init ] --START--
INFO: Run Behavior\BuildLiteBehavior [ RunTime:0.000000s ]
INFO: [ app_init ] --END-- [ RunTime:0.001000s ]
ERR: 1048:Column 'discount' cannot be null
 [ SQL语句 ] : INSERT INTO `orders` (`userid`,`ordernumber`,`ordertime`,`discount`,`orderaddress`,`orderstate`) VALUES ('4','561920166','1481458865',NULL,'河北省石家庄市南二环东路20号','2')
ERR: 1048:Column 'discount' cannot be null
 [ SQL语句 ] : INSERT INTO `orders` (`userid`,`ordernumber`,`ordertime`,`discount`,`orderaddress`,`orderstate`) VALUES ('4','561920166','1481458865',NULL,'河北省石家庄市南二环东路20号','2')

[ 2016-12-11T20:22:51+08:00 ] ::1 /SWIM/index.php/home/order/order/shopid/5
INFO: [ app_init ] --START--
INFO: Run Behavior\BuildLiteBehavior [ RunTime:0.000000s ]
INFO: [ app_init ] --END-- [ RunTime:0.001001s ]

[ 2016-12-11T20:22:53+08:00 ] ::1 /SWIM/index.php/home/order/order/shopid/5
INFO: [ app_init ] --START--
INFO: Run Behavior\BuildLiteBehavior [ RunTime:0.000000s ]
INFO: [ app_init ] --END-- [ RunTime:0.001000s ]

[ 2016-12-11T20:22:59+08:00 ] ::1 /SWIM/index.php/home/order/payment/shopid/5
INFO: [ app_init ] --START--
INFO: Run Behavior\BuildLiteBehavior [ RunTime:0.000000s ]
INFO: [ app_init ] --END-- [ RunTime:0.001000s ]
ERR: 1048:Column 'discount' cannot be null
 [ SQL语句 ] : INSERT INTO `orders` (`userid`,`ordernumber`,`ordertime`,`discount`,`orderaddress`,`orderstate`) VALUES ('4','863110351','1481458979',NULL,NULL,'2')
ERR: 1048:Column 'discount' cannot be null
 [ SQL语句 ] : INSERT INTO `orders` (`userid`,`ordernumber`,`ordertime`,`discount`,`orderaddress`,`orderstate`) VALUES ('4','863110351','1481458979',NULL,NULL,'2')

[ 2016-12-11T20:24:51+08:00 ] ::1 /SWIM/index.php/home/order/payment/shopid/5
INFO: [ app_init ] --START--
INFO: Run Behavior\BuildLiteBehavior [ RunTime:0.000000s ]
INFO: [ app_init ] --END-- [ RunTime:0.001000s ]
ERR: 1048:Column 'discount' cannot be null
 [ SQL语句 ] : INSERT INTO `orders` (`userid`,`ordernumber`,`ordertime`,`discount`,`orderaddress`,`orderstate`) VALUES ('4','705593872','1481459091',NULL,NULL,'2')
ERR: 1048:Column 'discount' cannot be null
 [ SQL语句 ] : INSERT INTO `orders` (`userid`,`ordernumber`,`ordertime`,`discount`,`orderaddress`,`orderstate`) VALUES ('4','705593872','1481459091',NULL,NULL,'2')

[ 2016-12-11T20:33:26+08:00 ] ::1 /SWIM/index.php/home/order/order/shopid/5
INFO: [ app_init ] --START--
INFO: Run Behavior\BuildLiteBehavior [ RunTime:0.000000s ]
INFO: [ app_init ] --END-- [ RunTime:0.001000s ]

[ 2016-12-11T20:34:03+08:00 ] ::1 /SWIM/index.php/home/order/order/shopid/5
INFO: [ app_init ] --START--
INFO: Run Behavior\BuildLiteBehavior [ RunTime:0.000000s ]
INFO: [ app_init ] --END-- [ RunTime:0.001000s ]

[ 2016-12-11T20:46:27+08:00 ] ::1 /SWIM/index.php/home/order/order/shopid/5
INFO: [ app_init ] --START--
INFO: Run Behavior\BuildLiteBehavior [ RunTime:0.000000s ]
INFO: [ app_init ] --END-- [ RunTime:0.001000s ]

[ 2016-12-11T20:51:22+08:00 ] ::1 /SWIM/index.php/home/order/order/shopid/5
INFO: [ app_init ] --START--
INFO: Run Behavior\BuildLiteBehavior [ RunTime:0.000000s ]
INFO: [ app_init ] --END-- [ RunTime:0.000000s ]

[ 2016-12-11T20:51:32+08:00 ] ::1 /SWIM/index.php/home/order/payment/shopid/5
INFO: [ app_init ] --START--
INFO: Run Behavior\BuildLiteBehavior [ RunTime:0.000000s ]
INFO: [ app_init ] --END-- [ RunTime:0.001000s ]
ERR: 1048:Column 'discount' cannot be null
 [ SQL语句 ] : INSERT INTO `orders` (`userid`,`ordernumber`,`ordertime`,`discount`,`orderaddress`,`orderstate`) VALUES ('4','674584960','1481460692',NULL,NULL,'2')
ERR: 1048:Column 'discount' cannot be null
 [ SQL语句 ] : INSERT INTO `orders` (`userid`,`ordernumber`,`ordertime`,`discount`,`orderaddress`,`orderstate`) VALUES ('4','674584960','1481460692',NULL,NULL,'2')

[ 2016-12-11T20:53:37+08:00 ] ::1 /SWIM/index.php/home/order/order/shopid/5
INFO: [ app_init ] --START--
INFO: Run Behavior\BuildLiteBehavior [ RunTime:0.000000s ]
INFO: [ app_init ] --END-- [ RunTime:0.000000s ]

[ 2016-12-11T20:56:18+08:00 ] ::1 /SWIM/index.php/home/order/order/shopid/5
INFO: [ app_init ] --START--
INFO: Run Behavior\BuildLiteBehavior [ RunTime:0.000000s ]
INFO: [ app_init ] --END-- [ RunTime:0.001000s ]

[ 2016-12-11T20:56:42+08:00 ] ::1 /SWIM/index.php/home/order/order/shopid/5
INFO: [ app_init ] --START--
INFO: Run Behavior\BuildLiteBehavior [ RunTime:0.000000s ]
INFO: [ app_init ] --END-- [ RunTime:0.001000s ]

[ 2016-12-11T20:57:25+08:00 ] ::1 /SWIM/index.php/home/order/order/shopid/5
INFO: [ app_init ] --START--
INFO: Run Behavior\BuildLiteBehavior [ RunTime:0.000000s ]
INFO: [ app_init ] --END-- [ RunTime:0.001000s ]

[ 2016-12-11T20:57:31+08:00 ] ::1 /SWIM/index.php/home/order/order/shopid/5
INFO: [ app_init ] --START--
INFO: Run Behavior\BuildLiteBehavior [ RunTime:0.000000s ]
INFO: [ app_init ] --END-- [ RunTime:0.001000s ]

[ 2016-12-11T20:58:39+08:00 ] ::1 /SWIM/index.php/home/order/order/shopid/5
INFO: [ app_init ] --START--
INFO: Run Behavior\BuildLiteBehavior [ RunTime:0.000000s ]
INFO: [ app_init ] --END-- [ RunTime:0.001000s ]

[ 2016-12-11T20:59:49+08:00 ] ::1 /SWIM/index.php/home/order/order/shopid/5
INFO: [ app_init ] --START--
INFO: Run Behavior\BuildLiteBehavior [ RunTime:0.000000s ]
INFO: [ app_init ] --END-- [ RunTime:0.001000s ]

[ 2016-12-11T21:00:08+08:00 ] ::1 /SWIM/index.php/home/order/order/shopid/5
INFO: [ app_init ] --START--
INFO: Run Behavior\BuildLiteBehavior [ RunTime:0.000000s ]
INFO: [ app_init ] --END-- [ RunTime:0.001001s ]

[ 2016-12-11T21:00:24+08:00 ] ::1 /SWIM/index.php/home/order/payment/shopid/5
INFO: [ app_init ] --START--
INFO: Run Behavior\BuildLiteBehavior [ RunTime:0.000000s ]
INFO: [ app_init ] --END-- [ RunTime:0.000000s ]
ERR: 1048:Column 'discount' cannot be null
 [ SQL语句 ] : INSERT INTO `orders` (`userid`,`ordernumber`,`ordertime`,`discount`,`orderaddress`,`orderstate`) VALUES ('4','181326293','1481461224',NULL,NULL,'2')
ERR: 1048:Column 'discount' cannot be null
 [ SQL语句 ] : INSERT INTO `orders` (`userid`,`ordernumber`,`ordertime`,`discount`,`orderaddress`,`orderstate`) VALUES ('4','181326293','1481461224',NULL,NULL,'2')

