[ 2016-11-24T08:25:49+08:00 ] 127.0.0.1 /
INFO: [ app_init ] --START--
INFO: Run Behavior\BuildLiteBehavior [ RunTime:0.000099s ]
INFO: [ app_init ] --END-- [ RunTime:0.011708s ]

[ 2016-11-24T08:25:56+08:00 ] 127.0.0.1 /index.php/home/admin/view
INFO: [ app_init ] --START--
INFO: Run Behavior\BuildLiteBehavior [ RunTime:0.000148s ]
INFO: [ app_init ] --END-- [ RunTime:0.003388s ]

[ 2016-11-24T08:25:56+08:00 ] 127.0.0.1 /index.php/home/admin/view
INFO: [ app_init ] --START--
INFO: Run Behavior\BuildLiteBehavior [ RunTime:0.000121s ]
INFO: [ app_init ] --END-- [ RunTime:0.002226s ]

[ 2016-11-24T08:26:03+08:00 ] 127.0.0.1 /index.php/home/admin/index
INFO: [ app_init ] --START--
INFO: Run Behavior\BuildLiteBehavior [ RunTime:0.000097s ]
INFO: [ app_init ] --END-- [ RunTime:0.002030s ]

[ 2016-11-24T08:29:49+08:00 ] 127.0.0.1 /index.php/home/admin/index
INFO: [ app_init ] --START--
INFO: Run Behavior\BuildLiteBehavior [ RunTime:0.000133s ]
INFO: [ app_init ] --END-- [ RunTime:0.003417s ]

[ 2016-11-24T08:31:34+08:00 ] 127.0.0.1 /index.php/home/admin/index
INFO: [ app_init ] --START--
INFO: Run Behavior\BuildLiteBehavior [ RunTime:0.000097s ]
INFO: [ app_init ] --END-- [ RunTime:0.002301s ]

[ 2016-11-24T08:33:03+08:00 ] 127.0.0.1 /index.php/home/admin/index
INFO: [ app_init ] --START--
INFO: Run Behavior\BuildLiteBehavior [ RunTime:0.000116s ]
INFO: [ app_init ] --END-- [ RunTime:0.002082s ]

[ 2016-11-24T08:34:12+08:00 ] 127.0.0.1 /index.php/home/admin/index
INFO: [ app_init ] --START--
INFO: Run Behavior\BuildLiteBehavior [ RunTime:0.000097s ]
INFO: [ app_init ] --END-- [ RunTime:0.002784s ]

[ 2016-11-24T08:37:24+08:00 ] 127.0.0.1 /index.php/home/admin/index
INFO: [ app_init ] --START--
INFO: Run Behavior\BuildLiteBehavior [ RunTime:0.000134s ]
INFO: [ app_init ] --END-- [ RunTime:0.002415s ]

[ 2016-11-24T08:41:42+08:00 ] 127.0.0.1 /index.php/home/admin/view
INFO: [ app_init ] --START--
INFO: Run Behavior\BuildLiteBehavior [ RunTime:0.000088s ]
INFO: [ app_init ] --END-- [ RunTime:0.002097s ]

[ 2016-11-24T08:41:45+08:00 ] 127.0.0.1 /index.php/home/admin/index
INFO: [ app_init ] --START--
INFO: Run Behavior\BuildLiteBehavior [ RunTime:0.000127s ]
INFO: [ app_init ] --END-- [ RunTime:0.002066s ]

[ 2016-11-24T08:41:54+08:00 ] 127.0.0.1 /index.php/home/admin/index
INFO: [ app_init ] --START--
INFO: Run Behavior\BuildLiteBehavior [ RunTime:0.000087s ]
INFO: [ app_init ] --END-- [ RunTime:0.001975s ]

[ 2016-11-24T08:41:58+08:00 ] 127.0.0.1 /index.php/home/admin/view?id=1
INFO: [ app_init ] --START--
INFO: Run Behavior\BuildLiteBehavior [ RunTime:0.000091s ]
INFO: [ app_init ] --END-- [ RunTime:0.002177s ]

[ 2016-11-24T08:48:17+08:00 ] 127.0.0.1 /index.php/home/admin/index
INFO: [ app_init ] --START--
INFO: Run Behavior\BuildLiteBehavior [ RunTime:0.000089s ]
INFO: [ app_init ] --END-- [ RunTime:0.002299s ]

[ 2016-11-24T08:48:58+08:00 ] 127.0.0.1 /index.php/home/admin/index
INFO: [ app_init ] --START--
INFO: Run Behavior\BuildLiteBehavior [ RunTime:0.000090s ]
INFO: [ app_init ] --END-- [ RunTime:0.001912s ]

[ 2016-11-24T08:49:33+08:00 ] 127.0.0.1 /index.php/home/admin/index
INFO: [ app_init ] --START--
INFO: Run Behavior\BuildLiteBehavior [ RunTime:0.000088s ]
INFO: [ app_init ] --END-- [ RunTime:0.001864s ]

[ 2016-11-24T08:52:13+08:00 ] 127.0.0.1 /index.php/home/admin/index
INFO: [ app_init ] --START--
INFO: Run Behavior\BuildLiteBehavior [ RunTime:0.000087s ]
INFO: [ app_init ] --END-- [ RunTime:0.001888s ]

[ 2016-11-24T08:52:19+08:00 ] 127.0.0.1 /index.php/home/admin/view?id=1
INFO: [ app_init ] --START--
INFO: Run Behavior\BuildLiteBehavior [ RunTime:0.000216s ]
INFO: [ app_init ] --END-- [ RunTime:0.002251s ]

[ 2016-11-24T08:52:22+08:00 ] 127.0.0.1 /index.php/home/admin/index
INFO: [ app_init ] --START--
INFO: Run Behavior\BuildLiteBehavior [ RunTime:0.000091s ]
INFO: [ app_init ] --END-- [ RunTime:0.002067s ]

[ 2016-11-24T08:52:23+08:00 ] 127.0.0.1 /index.php/home/admin/delete?id=1
INFO: [ app_init ] --START--
INFO: Run Behavior\BuildLiteBehavior [ RunTime:0.000093s ]
INFO: [ app_init ] --END-- [ RunTime:0.002462s ]

[ 2016-11-24T08:52:27+08:00 ] 127.0.0.1 /index.php/home/admin/update?id=1
INFO: [ app_init ] --START--
INFO: Run Behavior\BuildLiteBehavior [ RunTime:0.000126s ]
INFO: [ app_init ] --END-- [ RunTime:0.002349s ]

[ 2016-11-24T08:52:31+08:00 ] 127.0.0.1 /index.php/home/admin/index
INFO: [ app_init ] --START--
INFO: Run Behavior\BuildLiteBehavior [ RunTime:0.000090s ]
INFO: [ app_init ] --END-- [ RunTime:0.001761s ]

[ 2016-11-24T08:53:08+08:00 ] 127.0.0.1 /index.php/home/admin/index
INFO: [ app_init ] --START--
INFO: Run Behavior\BuildLiteBehavior [ RunTime:0.000093s ]
INFO: [ app_init ] --END-- [ RunTime:0.002026s ]

[ 2016-11-24T08:53:10+08:00 ] 127.0.0.1 /index.php/home/admin/delete?id=1
INFO: [ app_init ] --START--
INFO: Run Behavior\BuildLiteBehavior [ RunTime:0.000091s ]
INFO: [ app_init ] --END-- [ RunTime:0.001818s ]

[ 2016-11-24T08:53:10+08:00 ] 127.0.0.1 /index.php/home/admin/delete?id=1
INFO: [ app_init ] --START--
INFO: Run Behavior\BuildLiteBehavior [ RunTime:0.000178s ]
INFO: [ app_init ] --END-- [ RunTime:0.002737s ]

[ 2016-11-24T08:55:05+08:00 ] 127.0.0.1 /index.php/home/admin/index
INFO: [ app_init ] --START--
INFO: Run Behavior\BuildLiteBehavior [ RunTime:0.000088s ]
INFO: [ app_init ] --END-- [ RunTime:0.001822s ]

[ 2016-11-24T08:55:12+08:00 ] 127.0.0.1 /index.php/home/admin/delete?id=1
INFO: [ app_init ] --START--
INFO: Run Behavior\BuildLiteBehavior [ RunTime:0.000127s ]
INFO: [ app_init ] --END-- [ RunTime:0.002396s ]

[ 2016-11-24T08:58:37+08:00 ] 127.0.0.1 /index.php/home/admin/index
INFO: [ app_init ] --START--
INFO: Run Behavior\BuildLiteBehavior [ RunTime:0.000097s ]
INFO: [ app_init ] --END-- [ RunTime:0.001994s ]

[ 2016-11-24T08:58:39+08:00 ] 127.0.0.1 /index.php/home/admin/delete?id=1
INFO: [ app_init ] --START--
INFO: Run Behavior\BuildLiteBehavior [ RunTime:0.000143s ]
INFO: [ app_init ] --END-- [ RunTime:0.002972s ]

[ 2016-11-24T08:58:51+08:00 ] 127.0.0.1 /index.php/home/admin/delete?id=56
INFO: [ app_init ] --START--
INFO: Run Behavior\BuildLiteBehavior [ RunTime:0.000089s ]
INFO: [ app_init ] --END-- [ RunTime:0.001794s ]

[ 2016-11-24T09:06:24+08:00 ] 127.0.0.1 /index.php/home/admin/index
INFO: [ app_init ] --START--
INFO: Run Behavior\BuildLiteBehavior [ RunTime:0.000091s ]
INFO: [ app_init ] --END-- [ RunTime:0.002160s ]

[ 2016-11-24T09:06:26+08:00 ] 127.0.0.1 /index.php/home/admin/view?id=1
INFO: [ app_init ] --START--
INFO: Run Behavior\BuildLiteBehavior [ RunTime:0.000090s ]
INFO: [ app_init ] --END-- [ RunTime:0.001801s ]

[ 2016-11-24T09:06:40+08:00 ] 127.0.0.1 /index.php/home/admin/index
INFO: [ app_init ] --START--
INFO: Run Behavior\BuildLiteBehavior [ RunTime:0.000087s ]
INFO: [ app_init ] --END-- [ RunTime:0.001990s ]

[ 2016-11-24T09:06:42+08:00 ] 127.0.0.1 /index.php/home/admin/view?id=1
INFO: [ app_init ] --START--
INFO: Run Behavior\BuildLiteBehavior [ RunTime:0.000089s ]
INFO: [ app_init ] --END-- [ RunTime:0.002008s ]

[ 2016-11-24T09:08:01+08:00 ] 127.0.0.1 /index.php/home/admin/view?id=1
INFO: [ app_init ] --START--
INFO: Run Behavior\BuildLiteBehavior [ RunTime:0.000090s ]
INFO: [ app_init ] --END-- [ RunTime:0.001902s ]

[ 2016-11-24T09:09:49+08:00 ] 127.0.0.1 /index.php/home/admin/view?id=1
INFO: [ app_init ] --START--
INFO: Run Behavior\BuildLiteBehavior [ RunTime:0.000182s ]
INFO: [ app_init ] --END-- [ RunTime:0.004093s ]

[ 2016-11-24T09:09:51+08:00 ] 127.0.0.1 /index.php/home/admin/view?id=1
INFO: [ app_init ] --START--
INFO: Run Behavior\BuildLiteBehavior [ RunTime:0.000153s ]
INFO: [ app_init ] --END-- [ RunTime:0.003643s ]

[ 2016-11-24T09:09:53+08:00 ] 127.0.0.1 /index.php/home/admin/update?id=1
INFO: [ app_init ] --START--
INFO: Run Behavior\BuildLiteBehavior [ RunTime:0.000088s ]
INFO: [ app_init ] --END-- [ RunTime:0.002057s ]

[ 2016-11-24T09:09:53+08:00 ] 127.0.0.1 /index.php/home/admin/update?id=1
INFO: [ app_init ] --START--
INFO: Run Behavior\BuildLiteBehavior [ RunTime:0.000099s ]
INFO: [ app_init ] --END-- [ RunTime:0.002118s ]

[ 2016-11-24T09:09:55+08:00 ] 127.0.0.1 /index.php/home/admin/index
INFO: [ app_init ] --START--
INFO: Run Behavior\BuildLiteBehavior [ RunTime:0.000103s ]
INFO: [ app_init ] --END-- [ RunTime:0.003848s ]

[ 2016-11-24T09:09:59+08:00 ] 127.0.0.1 /index.php/home/admin/view?id=1
INFO: [ app_init ] --START--
INFO: Run Behavior\BuildLiteBehavior [ RunTime:0.000100s ]
INFO: [ app_init ] --END-- [ RunTime:0.002237s ]

[ 2016-11-24T09:10:01+08:00 ] 127.0.0.1 /index.php/home/admin/update?id=1
INFO: [ app_init ] --START--
INFO: Run Behavior\BuildLiteBehavior [ RunTime:0.000099s ]
INFO: [ app_init ] --END-- [ RunTime:0.001857s ]

[ 2016-11-24T09:10:01+08:00 ] 127.0.0.1 /index.php/home/admin/update?id=1
INFO: [ app_init ] --START--
INFO: Run Behavior\BuildLiteBehavior [ RunTime:0.000093s ]
INFO: [ app_init ] --END-- [ RunTime:0.002818s ]

[ 2016-11-24T09:10:03+08:00 ] 127.0.0.1 /index.php/home/admin/index
INFO: [ app_init ] --START--
INFO: Run Behavior\BuildLiteBehavior [ RunTime:0.000089s ]
INFO: [ app_init ] --END-- [ RunTime:0.001945s ]

[ 2016-11-24T09:10:03+08:00 ] 127.0.0.1 /index.php/home/admin/index
INFO: [ app_init ] --START--
INFO: Run Behavior\BuildLiteBehavior [ RunTime:0.000098s ]
INFO: [ app_init ] --END-- [ RunTime:0.002137s ]

[ 2016-11-24T09:10:17+08:00 ] 127.0.0.1 /index.php/home/admin/delete?id=1
INFO: [ app_init ] --START--
INFO: Run Behavior\BuildLiteBehavior [ RunTime:0.000518s ]
INFO: [ app_init ] --END-- [ RunTime:0.002941s ]

[ 2016-11-24T09:10:58+08:00 ] 127.0.0.1 /index.php/home/admin/view?id=1
INFO: [ app_init ] --START--
INFO: Run Behavior\BuildLiteBehavior [ RunTime:0.000176s ]
INFO: [ app_init ] --END-- [ RunTime:0.004162s ]

[ 2016-11-24T09:13:14+08:00 ] 127.0.0.1 /index.php/home/admin/index
INFO: [ app_init ] --START--
INFO: Run Behavior\BuildLiteBehavior [ RunTime:0.000154s ]
INFO: [ app_init ] --END-- [ RunTime:0.003948s ]

[ 2016-11-24T09:14:13+08:00 ] 127.0.0.1 /index.php/home/admin/index
INFO: [ app_init ] --START--
INFO: Run Behavior\BuildLiteBehavior [ RunTime:0.000098s ]
INFO: [ app_init ] --END-- [ RunTime:0.001964s ]

[ 2016-11-24T09:14:16+08:00 ] 127.0.0.1 /index.php/home/admin/update?id=1
INFO: [ app_init ] --START--
INFO: Run Behavior\BuildLiteBehavior [ RunTime:0.000103s ]
INFO: [ app_init ] --END-- [ RunTime:0.002091s ]

[ 2016-11-24T09:18:06+08:00 ] 127.0.0.1 /index.php/home/admin/update?id=1
INFO: [ app_init ] --START--
INFO: Run Behavior\BuildLiteBehavior [ RunTime:0.000107s ]
INFO: [ app_init ] --END-- [ RunTime:0.002039s ]

[ 2016-11-24T09:18:11+08:00 ] 127.0.0.1 /index.php/home/admin/delete?id=1
INFO: [ app_init ] --START--
INFO: Run Behavior\BuildLiteBehavior [ RunTime:0.000147s ]
INFO: [ app_init ] --END-- [ RunTime:0.002644s ]

[ 2016-11-24T09:19:15+08:00 ] 127.0.0.1 /index.php/home/admin/index
INFO: [ app_init ] --START--
INFO: Run Behavior\BuildLiteBehavior [ RunTime:0.000100s ]
INFO: [ app_init ] --END-- [ RunTime:0.002352s ]

[ 2016-11-24T09:19:17+08:00 ] 127.0.0.1 /index.php/home/admin/view?id=2
INFO: [ app_init ] --START--
INFO: Run Behavior\BuildLiteBehavior [ RunTime:0.000116s ]
INFO: [ app_init ] --END-- [ RunTime:0.002492s ]

[ 2016-11-24T09:19:19+08:00 ] 127.0.0.1 /index.php/home/admin/update?id=2
INFO: [ app_init ] --START--
INFO: Run Behavior\BuildLiteBehavior [ RunTime:0.000100s ]
INFO: [ app_init ] --END-- [ RunTime:0.002259s ]

[ 2016-11-24T09:20:34+08:00 ] 127.0.0.1 /index.php/home/admin/delete?id=2
INFO: [ app_init ] --START--
INFO: Run Behavior\BuildLiteBehavior [ RunTime:0.000098s ]
INFO: [ app_init ] --END-- [ RunTime:0.002031s ]

[ 2016-11-24T09:21:55+08:00 ] 127.0.0.1 /index.php/home/admin/index
INFO: [ app_init ] --START--
INFO: Run Behavior\BuildLiteBehavior [ RunTime:0.000137s ]
INFO: [ app_init ] --END-- [ RunTime:0.002359s ]

[ 2016-11-24T09:21:58+08:00 ] 127.0.0.1 /index.php/home/admin/delete?id=34
INFO: [ app_init ] --START--
INFO: Run Behavior\BuildLiteBehavior [ RunTime:0.000115s ]
INFO: [ app_init ] --END-- [ RunTime:0.002779s ]

[ 2016-11-24T09:21:59+08:00 ] 127.0.0.1 /index.php/Home/Admin/index
INFO: [ app_init ] --START--
INFO: Run Behavior\BuildLiteBehavior [ RunTime:0.000275s ]
INFO: [ app_init ] --END-- [ RunTime:0.002573s ]

[ 2016-11-24T09:22:03+08:00 ] 127.0.0.1 /index.php/home/admin/update?id=54
INFO: [ app_init ] --START--
INFO: Run Behavior\BuildLiteBehavior [ RunTime:0.000102s ]
INFO: [ app_init ] --END-- [ RunTime:0.004343s ]

[ 2016-11-24T09:22:23+08:00 ] 127.0.0.1 /index.php/home/admin/update?id=54
INFO: [ app_init ] --START--
INFO: Run Behavior\BuildLiteBehavior [ RunTime:0.000104s ]
INFO: [ app_init ] --END-- [ RunTime:0.002333s ]

[ 2016-11-24T09:24:29+08:00 ] 127.0.0.1 /index.php/Home/Admin/index
INFO: [ app_init ] --START--
INFO: Run Behavior\BuildLiteBehavior [ RunTime:0.000328s ]
INFO: [ app_init ] --END-- [ RunTime:0.003436s ]

[ 2016-11-24T09:25:34+08:00 ] 127.0.0.1 /index.php/home/admin/index
INFO: [ app_init ] --START--
INFO: Run Behavior\BuildLiteBehavior [ RunTime:0.000144s ]
INFO: [ app_init ] --END-- [ RunTime:0.003114s ]

[ 2016-11-24T09:25:39+08:00 ] 127.0.0.1 /index.php/home/admin/index
INFO: [ app_init ] --START--
INFO: Run Behavior\BuildLiteBehavior [ RunTime:0.000098s ]
INFO: [ app_init ] --END-- [ RunTime:0.002070s ]

[ 2016-11-24T09:26:04+08:00 ] 127.0.0.1 /
INFO: [ app_init ] --START--
INFO: Run Behavior\BuildLiteBehavior [ RunTime:0.000119s ]
INFO: [ app_init ] --END-- [ RunTime:0.002380s ]

[ 2016-11-24T09:26:06+08:00 ] 127.0.0.1 /index.php/home/admin/index
INFO: [ app_init ] --START--
INFO: Run Behavior\BuildLiteBehavior [ RunTime:0.000156s ]
INFO: [ app_init ] --END-- [ RunTime:0.002798s ]

[ 2016-11-24T09:26:06+08:00 ] 127.0.0.1 /index.php/home/admin/index
INFO: [ app_init ] --START--
INFO: Run Behavior\BuildLiteBehavior [ RunTime:0.000139s ]
INFO: [ app_init ] --END-- [ RunTime:0.002394s ]

[ 2016-11-24T09:26:27+08:00 ] 127.0.0.1 /index.php/home/admin/index
INFO: [ app_init ] --START--
INFO: Run Behavior\BuildLiteBehavior [ RunTime:0.000087s ]
INFO: [ app_init ] --END-- [ RunTime:0.001967s ]

[ 2016-11-24T09:27:08+08:00 ] 127.0.0.1 /index.php/home/admin/index
INFO: [ app_init ] --START--
INFO: Run Behavior\BuildLiteBehavior [ RunTime:0.000141s ]
INFO: [ app_init ] --END-- [ RunTime:0.003670s ]

[ 2016-11-24T09:27:44+08:00 ] 127.0.0.1 /index.php/home/admin/index
INFO: [ app_init ] --START--
INFO: Run Behavior\BuildLiteBehavior [ RunTime:0.000091s ]
INFO: [ app_init ] --END-- [ RunTime:0.002374s ]

[ 2016-11-24T09:30:09+08:00 ] 127.0.0.1 /index.php/home/admin/index
INFO: [ app_init ] --START--
INFO: Run Behavior\BuildLiteBehavior [ RunTime:0.000088s ]
INFO: [ app_init ] --END-- [ RunTime:0.001956s ]

[ 2016-11-24T09:30:11+08:00 ] 127.0.0.1 /index.php/home/admin/update?id=54
INFO: [ app_init ] --START--
INFO: Run Behavior\BuildLiteBehavior [ RunTime:0.000136s ]
INFO: [ app_init ] --END-- [ RunTime:0.002780s ]

[ 2016-11-24T09:39:53+08:00 ] 127.0.0.1 /index.php/home/admin/update?id=54
INFO: [ app_init ] --START--
INFO: Run Behavior\BuildLiteBehavior [ RunTime:0.000092s ]
INFO: [ app_init ] --END-- [ RunTime:0.002514s ]

[ 2016-11-24T09:39:55+08:00 ] 127.0.0.1 /index.php/home/admin/index?
INFO: [ app_init ] --START--
INFO: Run Behavior\BuildLiteBehavior [ RunTime:0.000088s ]
INFO: [ app_init ] --END-- [ RunTime:0.001889s ]

[ 2016-11-24T09:39:59+08:00 ] 127.0.0.1 /index.php/home/admin/update?id=54
INFO: [ app_init ] --START--
INFO: Run Behavior\BuildLiteBehavior [ RunTime:0.000090s ]
INFO: [ app_init ] --END-- [ RunTime:0.001770s ]

[ 2016-11-24T09:40:11+08:00 ] 127.0.0.1 /index.php/home/admin/update?id=54
INFO: [ app_init ] --START--
INFO: Run Behavior\BuildLiteBehavior [ RunTime:0.000088s ]
INFO: [ app_init ] --END-- [ RunTime:0.001869s ]

[ 2016-11-24T09:40:23+08:00 ] 127.0.0.1 /index.php/home/admin/index?
INFO: [ app_init ] --START--
INFO: Run Behavior\BuildLiteBehavior [ RunTime:0.000148s ]
INFO: [ app_init ] --END-- [ RunTime:0.003143s ]

[ 2016-11-24T09:40:26+08:00 ] 127.0.0.1 /index.php/home/admin/update?id=55
INFO: [ app_init ] --START--
INFO: Run Behavior\BuildLiteBehavior [ RunTime:0.000103s ]
INFO: [ app_init ] --END-- [ RunTime:0.001974s ]

[ 2016-11-24T09:40:40+08:00 ] 127.0.0.1 /index.php/home/admin/index?
INFO: [ app_init ] --START--
INFO: Run Behavior\BuildLiteBehavior [ RunTime:0.000137s ]
INFO: [ app_init ] --END-- [ RunTime:0.002487s ]

[ 2016-11-24T09:42:21+08:00 ] 127.0.0.1 /index.php/home/admin/index?
INFO: [ app_init ] --START--
INFO: Run Behavior\BuildLiteBehavior [ RunTime:0.000089s ]
INFO: [ app_init ] --END-- [ RunTime:0.002091s ]

[ 2016-11-24T09:42:23+08:00 ] 127.0.0.1 /index.php/home/admin/update?id=54
INFO: [ app_init ] --START--
INFO: Run Behavior\BuildLiteBehavior [ RunTime:0.000138s ]
INFO: [ app_init ] --END-- [ RunTime:0.003617s ]

[ 2016-11-24T09:42:27+08:00 ] 127.0.0.1 /index.php/home/admin/index?
INFO: [ app_init ] --START--
INFO: Run Behavior\BuildLiteBehavior [ RunTime:0.000189s ]
INFO: [ app_init ] --END-- [ RunTime:0.003662s ]

[ 2016-11-24T09:42:31+08:00 ] 127.0.0.1 /index.php/home/admin/update?id=54
INFO: [ app_init ] --START--
INFO: Run Behavior\BuildLiteBehavior [ RunTime:0.000119s ]
INFO: [ app_init ] --END-- [ RunTime:0.002103s ]

[ 2016-11-24T09:42:42+08:00 ] 127.0.0.1 /index.php/home/admin/index?
INFO: [ app_init ] --START--
INFO: Run Behavior\BuildLiteBehavior [ RunTime:0.000146s ]
INFO: [ app_init ] --END-- [ RunTime:0.002872s ]

[ 2016-11-24T09:45:08+08:00 ] 127.0.0.1 /index.php/home/admin/index?
INFO: [ app_init ] --START--
INFO: Run Behavior\BuildLiteBehavior [ RunTime:0.000134s ]
INFO: [ app_init ] --END-- [ RunTime:0.004581s ]

[ 2016-11-24T09:45:11+08:00 ] 127.0.0.1 /index.php/home/admin/update?id=56
INFO: [ app_init ] --START--
INFO: Run Behavior\BuildLiteBehavior [ RunTime:0.000088s ]
INFO: [ app_init ] --END-- [ RunTime:0.001869s ]

[ 2016-11-24T09:45:25+08:00 ] 127.0.0.1 /index.php/home/admin/index?
INFO: [ app_init ] --START--
INFO: Run Behavior\BuildLiteBehavior [ RunTime:0.000168s ]
INFO: [ app_init ] --END-- [ RunTime:0.003526s ]

[ 2016-11-24T09:46:00+08:00 ] 127.0.0.1 /index.php/home/admin/index?
INFO: [ app_init ] --START--
INFO: Run Behavior\BuildLiteBehavior [ RunTime:0.000092s ]
INFO: [ app_init ] --END-- [ RunTime:0.002447s ]

[ 2016-11-24T09:46:02+08:00 ] 127.0.0.1 /index.php/home/admin/update?id=58
INFO: [ app_init ] --START--
INFO: Run Behavior\BuildLiteBehavior [ RunTime:0.000125s ]
INFO: [ app_init ] --END-- [ RunTime:0.003845s ]

[ 2016-11-24T09:46:12+08:00 ] 127.0.0.1 /index.php/home/admin/index?
INFO: [ app_init ] --START--
INFO: Run Behavior\BuildLiteBehavior [ RunTime:0.000088s ]
INFO: [ app_init ] --END-- [ RunTime:0.001784s ]

[ 2016-11-24T09:53:35+08:00 ] 127.0.0.1 /index.php/home/admin/index?
INFO: [ app_init ] --START--
INFO: Run Behavior\BuildLiteBehavior [ RunTime:0.000089s ]
INFO: [ app_init ] --END-- [ RunTime:0.001913s ]

[ 2016-11-24T09:53:37+08:00 ] 127.0.0.1 /index.php/home/admin/update?id=54
INFO: [ app_init ] --START--
INFO: Run Behavior\BuildLiteBehavior [ RunTime:0.000092s ]
INFO: [ app_init ] --END-- [ RunTime:0.002566s ]

[ 2016-11-24T09:53:38+08:00 ] 127.0.0.1 /index.php/home/admin/index?
INFO: [ app_init ] --START--
INFO: Run Behavior\BuildLiteBehavior [ RunTime:0.000092s ]
INFO: [ app_init ] --END-- [ RunTime:0.002004s ]

[ 2016-11-24T09:53:40+08:00 ] 127.0.0.1 /index.php/home/admin/update?id=54
INFO: [ app_init ] --START--
INFO: Run Behavior\BuildLiteBehavior [ RunTime:0.000094s ]
INFO: [ app_init ] --END-- [ RunTime:0.002849s ]

[ 2016-11-24T09:53:42+08:00 ] 127.0.0.1 /index.php/home/admin/index?
INFO: [ app_init ] --START--
INFO: Run Behavior\BuildLiteBehavior [ RunTime:0.000094s ]
INFO: [ app_init ] --END-- [ RunTime:0.006527s ]

[ 2016-11-24T09:53:42+08:00 ] 127.0.0.1 /index.php/home/admin/index?
INFO: [ app_init ] --START--
INFO: Run Behavior\BuildLiteBehavior [ RunTime:0.000146s ]
INFO: [ app_init ] --END-- [ RunTime:0.003055s ]

[ 2016-11-24T09:53:46+08:00 ] 127.0.0.1 /index.php/home/admin/update?id=54
INFO: [ app_init ] --START--
INFO: Run Behavior\BuildLiteBehavior [ RunTime:0.000090s ]
INFO: [ app_init ] --END-- [ RunTime:0.002109s ]

[ 2016-11-24T09:53:55+08:00 ] 127.0.0.1 /index.php/home/admin/index?
INFO: [ app_init ] --START--
INFO: Run Behavior\BuildLiteBehavior [ RunTime:0.000088s ]
INFO: [ app_init ] --END-- [ RunTime:0.002449s ]

[ 2016-11-24T10:05:29+08:00 ] 127.0.0.1 /index.php/home/admin/index?
INFO: [ app_init ] --START--
INFO: Run Behavior\BuildLiteBehavior [ RunTime:0.000088s ]
INFO: [ app_init ] --END-- [ RunTime:0.001904s ]

[ 2016-11-24T10:05:32+08:00 ] 127.0.0.1 /index.php/home/admin/index
INFO: [ app_init ] --START--
INFO: Run Behavior\BuildLiteBehavior [ RunTime:0.000135s ]
INFO: [ app_init ] --END-- [ RunTime:0.002904s ]

[ 2016-11-24T10:05:37+08:00 ] 127.0.0.1 /index.php/home/admin/update?id=54
INFO: [ app_init ] --START--
INFO: Run Behavior\BuildLiteBehavior [ RunTime:0.000087s ]
INFO: [ app_init ] --END-- [ RunTime:0.002042s ]

[ 2016-11-24T10:05:42+08:00 ] 127.0.0.1 /index.php/home/admin/update?id=54
INFO: [ app_init ] --START--
INFO: Run Behavior\BuildLiteBehavior [ RunTime:0.000092s ]
INFO: [ app_init ] --END-- [ RunTime:0.002149s ]

[ 2016-11-24T10:05:51+08:00 ] 127.0.0.1 /index.php/home/admin/index?
INFO: [ app_init ] --START--
INFO: Run Behavior\BuildLiteBehavior [ RunTime:0.000089s ]
INFO: [ app_init ] --END-- [ RunTime:0.002576s ]

[ 2016-11-24T10:10:39+08:00 ] 127.0.0.1 /index.php/home/admin/update?id=54
INFO: [ app_init ] --START--
INFO: Run Behavior\BuildLiteBehavior [ RunTime:0.000090s ]
INFO: [ app_init ] --END-- [ RunTime:0.001994s ]

[ 2016-11-24T10:22:30+08:00 ] 127.0.0.1 /index.php/home/admin/index
INFO: [ app_init ] --START--
INFO: Run Behavior\BuildLiteBehavior [ RunTime:0.000089s ]
INFO: [ app_init ] --END-- [ RunTime:0.001801s ]

[ 2016-11-24T10:22:33+08:00 ] 127.0.0.1 /index.php/home/admin/insert
INFO: [ app_init ] --START--
INFO: Run Behavior\BuildLiteBehavior [ RunTime:0.000169s ]
INFO: [ app_init ] --END-- [ RunTime:0.004895s ]

[ 2016-11-24T10:22:33+08:00 ] 127.0.0.1 /index.php/home/admin/insert
INFO: [ app_init ] --START--
INFO: Run Behavior\BuildLiteBehavior [ RunTime:0.000148s ]
INFO: [ app_init ] --END-- [ RunTime:0.003403s ]

[ 2016-11-24T10:22:35+08:00 ] 127.0.0.1 /index.php/home/admin/index
INFO: [ app_init ] --START--
INFO: Run Behavior\BuildLiteBehavior [ RunTime:0.000147s ]
INFO: [ app_init ] --END-- [ RunTime:0.002332s ]

[ 2016-11-24T10:22:37+08:00 ] 127.0.0.1 /index.php/home/admin/insert
INFO: [ app_init ] --START--
INFO: Run Behavior\BuildLiteBehavior [ RunTime:0.000198s ]
INFO: [ app_init ] --END-- [ RunTime:0.003540s ]

[ 2016-11-24T10:22:38+08:00 ] 127.0.0.1 /index.php/home/admin/index
INFO: [ app_init ] --START--
INFO: Run Behavior\BuildLiteBehavior [ RunTime:0.000088s ]
INFO: [ app_init ] --END-- [ RunTime:0.001831s ]

[ 2016-11-24T10:22:39+08:00 ] 127.0.0.1 /index.php/home/admin/insert
INFO: [ app_init ] --START--
INFO: Run Behavior\BuildLiteBehavior [ RunTime:0.000201s ]
INFO: [ app_init ] --END-- [ RunTime:0.004949s ]

[ 2016-11-24T10:29:58+08:00 ] 127.0.0.1 /index.php/home/admin/insert
INFO: [ app_init ] --START--
INFO: Run Behavior\BuildLiteBehavior [ RunTime:0.000089s ]
INFO: [ app_init ] --END-- [ RunTime:0.002217s ]

[ 2016-11-24T10:30:08+08:00 ] 127.0.0.1 /index.php/home/admin/insert
INFO: [ app_init ] --START--
INFO: Run Behavior\BuildLiteBehavior [ RunTime:0.000101s ]
INFO: [ app_init ] --END-- [ RunTime:0.002573s ]

[ 2016-11-24T10:30:18+08:00 ] 127.0.0.1 /index.php/home/admin/update?id=54
INFO: [ app_init ] --START--
INFO: Run Behavior\BuildLiteBehavior [ RunTime:0.000192s ]
INFO: [ app_init ] --END-- [ RunTime:0.002724s ]

[ 2016-11-24T10:30:19+08:00 ] 127.0.0.1 /index.php/home/admin/index?
INFO: [ app_init ] --START--
INFO: Run Behavior\BuildLiteBehavior [ RunTime:0.000087s ]
INFO: [ app_init ] --END-- [ RunTime:0.001918s ]

[ 2016-11-24T10:30:32+08:00 ] 127.0.0.1 /index.php/home/admin/update?id=55
INFO: [ app_init ] --START--
INFO: Run Behavior\BuildLiteBehavior [ RunTime:0.000158s ]
INFO: [ app_init ] --END-- [ RunTime:0.004012s ]

[ 2016-11-24T10:30:32+08:00 ] 127.0.0.1 /index.php/home/admin/update?id=55
INFO: [ app_init ] --START--
INFO: Run Behavior\BuildLiteBehavior [ RunTime:0.000215s ]
INFO: [ app_init ] --END-- [ RunTime:0.002179s ]

[ 2016-11-24T10:30:45+08:00 ] 127.0.0.1 /index.php/home/admin/index?
INFO: [ app_init ] --START--
INFO: Run Behavior\BuildLiteBehavior [ RunTime:0.000150s ]
INFO: [ app_init ] --END-- [ RunTime:0.003054s ]

[ 2016-11-24T10:30:58+08:00 ] 127.0.0.1 /index.php/home/admin/index
INFO: [ app_init ] --START--
INFO: Run Behavior\BuildLiteBehavior [ RunTime:0.000088s ]
INFO: [ app_init ] --END-- [ RunTime:0.001996s ]

[ 2016-11-24T10:31:01+08:00 ] 127.0.0.1 /index.php/home/admin/insert
INFO: [ app_init ] --START--
INFO: Run Behavior\BuildLiteBehavior [ RunTime:0.000094s ]
INFO: [ app_init ] --END-- [ RunTime:0.001889s ]

[ 2016-11-24T10:33:35+08:00 ] 127.0.0.1 /index.php/home/admin/index
INFO: [ app_init ] --START--
INFO: Run Behavior\BuildLiteBehavior [ RunTime:0.000117s ]
INFO: [ app_init ] --END-- [ RunTime:0.002173s ]

[ 2016-11-24T10:34:03+08:00 ] 127.0.0.1 /index.php/home/admin/index
INFO: [ app_init ] --START--
INFO: Run Behavior\BuildLiteBehavior [ RunTime:0.000100s ]
INFO: [ app_init ] --END-- [ RunTime:0.002725s ]

[ 2016-11-24T10:34:38+08:00 ] 127.0.0.1 /index.php/home/admin/index
INFO: [ app_init ] --START--
INFO: Run Behavior\BuildLiteBehavior [ RunTime:0.000091s ]
INFO: [ app_init ] --END-- [ RunTime:0.003432s ]

[ 2016-11-24T10:35:08+08:00 ] 127.0.0.1 /index.php/home/admin/index
INFO: [ app_init ] --START--
INFO: Run Behavior\BuildLiteBehavior [ RunTime:0.000101s ]
INFO: [ app_init ] --END-- [ RunTime:0.002003s ]

[ 2016-11-24T10:35:19+08:00 ] 127.0.0.1 /index.php/home/admin/index
INFO: [ app_init ] --START--
INFO: Run Behavior\BuildLiteBehavior [ RunTime:0.000103s ]
INFO: [ app_init ] --END-- [ RunTime:0.002142s ]

[ 2016-11-24T10:35:45+08:00 ] 127.0.0.1 /index.php/home/admin/index
INFO: [ app_init ] --START--
INFO: Run Behavior\BuildLiteBehavior [ RunTime:0.000099s ]
INFO: [ app_init ] --END-- [ RunTime:0.001984s ]

[ 2016-11-24T10:37:24+08:00 ] 127.0.0.1 /index.php/home/admin/update?id=55
INFO: [ app_init ] --START--
INFO: Run Behavior\BuildLiteBehavior [ RunTime:0.000148s ]
INFO: [ app_init ] --END-- [ RunTime:0.008118s ]

[ 2016-11-24T10:37:24+08:00 ] 127.0.0.1 /index.php/home/admin/update?id=55
INFO: [ app_init ] --START--
INFO: Run Behavior\BuildLiteBehavior [ RunTime:0.000158s ]
INFO: [ app_init ] --END-- [ RunTime:0.002935s ]

[ 2016-11-24T10:37:25+08:00 ] 127.0.0.1 /index.php/home/admin/index?
INFO: [ app_init ] --START--
INFO: Run Behavior\BuildLiteBehavior [ RunTime:0.000420s ]
INFO: [ app_init ] --END-- [ RunTime:0.010372s ]

[ 2016-11-24T10:37:26+08:00 ] 127.0.0.1 /index.php/home/admin/index?
INFO: [ app_init ] --START--
INFO: Run Behavior\BuildLiteBehavior [ RunTime:0.000104s ]
INFO: [ app_init ] --END-- [ RunTime:0.003004s ]

[ 2016-11-24T10:46:40+08:00 ] 127.0.0.1 /index.php/home/admin/update?id=54
INFO: [ app_init ] --START--
INFO: Run Behavior\BuildLiteBehavior [ RunTime:0.000117s ]
INFO: [ app_init ] --END-- [ RunTime:0.002963s ]

[ 2016-11-24T10:47:11+08:00 ] 127.0.0.1 /index.php/home/admin/update?id=54
INFO: [ app_init ] --START--
INFO: Run Behavior\BuildLiteBehavior [ RunTime:0.000156s ]
INFO: [ app_init ] --END-- [ RunTime:0.003332s ]

[ 2016-11-24T10:47:11+08:00 ] 127.0.0.1 /index.php/home/admin/update?id=54
INFO: [ app_init ] --START--
INFO: Run Behavior\BuildLiteBehavior [ RunTime:0.000159s ]
INFO: [ app_init ] --END-- [ RunTime:0.002531s ]

[ 2016-11-24T10:51:27+08:00 ] 127.0.0.1 /index.php/home/admin/update?id=54
INFO: [ app_init ] --START--
INFO: Run Behavior\BuildLiteBehavior [ RunTime:0.000127s ]
INFO: [ app_init ] --END-- [ RunTime:0.003095s ]

[ 2016-11-24T10:53:01+08:00 ] 127.0.0.1 /index.php/home/admin/update?id=54
INFO: [ app_init ] --START--
INFO: Run Behavior\BuildLiteBehavior [ RunTime:0.000090s ]
INFO: [ app_init ] --END-- [ RunTime:0.002320s ]

[ 2016-11-24T10:53:21+08:00 ] 127.0.0.1 /index.php/home/admin/update?id=54
INFO: [ app_init ] --START--
INFO: Run Behavior\BuildLiteBehavior [ RunTime:0.000090s ]
INFO: [ app_init ] --END-- [ RunTime:0.001924s ]

[ 2016-11-24T10:53:32+08:00 ] 127.0.0.1 /index.php/home/admin/index
INFO: [ app_init ] --START--
INFO: Run Behavior\BuildLiteBehavior [ RunTime:0.000098s ]
INFO: [ app_init ] --END-- [ RunTime:0.001952s ]

[ 2016-11-24T10:53:42+08:00 ] 127.0.0.1 /
INFO: [ app_init ] --START--
INFO: Run Behavior\BuildLiteBehavior [ RunTime:0.000087s ]
INFO: [ app_init ] --END-- [ RunTime:0.002294s ]

[ 2016-11-24T10:53:45+08:00 ] 127.0.0.1 /index.php/home/admin/index
INFO: [ app_init ] --START--
INFO: Run Behavior\BuildLiteBehavior [ RunTime:0.000087s ]
INFO: [ app_init ] --END-- [ RunTime:0.002001s ]

[ 2016-11-24T10:54:52+08:00 ] 127.0.0.1 /index.php/home/admin/index
INFO: [ app_init ] --START--
INFO: Run Behavior\BuildLiteBehavior [ RunTime:0.000141s ]
INFO: [ app_init ] --END-- [ RunTime:0.003191s ]

[ 2016-11-24T10:54:54+08:00 ] 127.0.0.1 /index.php/home/admin/index
INFO: [ app_init ] --START--
INFO: Run Behavior\BuildLiteBehavior [ RunTime:0.000098s ]
INFO: [ app_init ] --END-- [ RunTime:0.001849s ]

[ 2016-11-24T10:55:21+08:00 ] ::1 /
INFO: [ app_init ] --START--
INFO: Run Behavior\BuildLiteBehavior [ RunTime:0.000089s ]
INFO: [ app_init ] --END-- [ RunTime:0.002560s ]

[ 2016-11-24T10:55:24+08:00 ] ::1 /index.php/home/admin/index
INFO: [ app_init ] --START--
INFO: Run Behavior\BuildLiteBehavior [ RunTime:0.000139s ]
INFO: [ app_init ] --END-- [ RunTime:0.002732s ]

[ 2016-11-24T10:59:57+08:00 ] ::1 /index.php/home/admin/index
INFO: [ app_init ] --START--
INFO: Run Behavior\BuildLiteBehavior [ RunTime:0.000089s ]
INFO: [ app_init ] --END-- [ RunTime:0.001936s ]

[ 2016-11-24T11:00:13+08:00 ] ::1 /index.php/home/admin/index
INFO: [ app_init ] --START--
INFO: Run Behavior\BuildLiteBehavior [ RunTime:0.000090s ]
INFO: [ app_init ] --END-- [ RunTime:0.001842s ]

[ 2016-11-24T11:00:49+08:00 ] ::1 /index.php/home/admin/index
INFO: [ app_init ] --START--
INFO: Run Behavior\BuildLiteBehavior [ RunTime:0.000159s ]
INFO: [ app_init ] --END-- [ RunTime:0.002573s ]

[ 2016-11-24T11:01:05+08:00 ] ::1 /
INFO: [ app_init ] --START--
INFO: Run Behavior\BuildLiteBehavior [ RunTime:0.000539s ]
INFO: [ app_init ] --END-- [ RunTime:0.004067s ]

[ 2016-11-24T11:01:07+08:00 ] ::1 /index.php/home/admin/index
INFO: [ app_init ] --START--
INFO: Run Behavior\BuildLiteBehavior [ RunTime:0.000151s ]
INFO: [ app_init ] --END-- [ RunTime:0.008405s ]

[ 2016-11-24T11:01:38+08:00 ] ::1 /index.php/home/admin/index
INFO: [ app_init ] --START--
INFO: Run Behavior\BuildLiteBehavior [ RunTime:0.000095s ]
INFO: [ app_init ] --END-- [ RunTime:0.004849s ]

[ 2016-11-24T11:01:49+08:00 ] ::1 /index.php/home/admin/view?id=54
INFO: [ app_init ] --START--
INFO: Run Behavior\BuildLiteBehavior [ RunTime:0.000193s ]
INFO: [ app_init ] --END-- [ RunTime:0.002578s ]

[ 2016-11-24T11:01:59+08:00 ] ::1 /index.php/home/admin/update?id=54
INFO: [ app_init ] --START--
INFO: Run Behavior\BuildLiteBehavior [ RunTime:0.000090s ]
INFO: [ app_init ] --END-- [ RunTime:0.002016s ]

[ 2016-11-24T11:02:01+08:00 ] ::1 /index.php/home/admin/save/adminid/
INFO: [ app_init ] --START--
INFO: Run Behavior\BuildLiteBehavior [ RunTime:0.000898s ]
INFO: [ app_init ] --END-- [ RunTime:0.004550s ]

[ 2016-11-24T11:06:54+08:00 ] ::1 /index.php/home/admin/save/adminid/
INFO: [ app_init ] --START--
INFO: Run Behavior\BuildLiteBehavior [ RunTime:0.000553s ]
INFO: [ app_init ] --END-- [ RunTime:0.004086s ]

[ 2016-11-24T11:07:16+08:00 ] ::1 /index.php/home/admin/index
INFO: [ app_init ] --START--
INFO: Run Behavior\BuildLiteBehavior [ RunTime:0.000580s ]
INFO: [ app_init ] --END-- [ RunTime:0.004657s ]

[ 2016-11-24T11:07:21+08:00 ] ::1 /index.php/home/admin/view?id=55
INFO: [ app_init ] --START--
INFO: Run Behavior\BuildLiteBehavior [ RunTime:0.000090s ]
INFO: [ app_init ] --END-- [ RunTime:0.002243s ]

[ 2016-11-24T11:07:21+08:00 ] ::1 /index.php/home/admin/view?id=55
INFO: [ app_init ] --START--
INFO: Run Behavior\BuildLiteBehavior [ RunTime:0.000144s ]
INFO: [ app_init ] --END-- [ RunTime:0.002712s ]

[ 2016-11-24T11:07:21+08:00 ] ::1 /index.php/home/admin/view?id=55
INFO: [ app_init ] --START--
INFO: Run Behavior\BuildLiteBehavior [ RunTime:0.000152s ]
INFO: [ app_init ] --END-- [ RunTime:0.003979s ]

[ 2016-11-24T11:07:26+08:00 ] ::1 /index.php/home/admin/index
INFO: [ app_init ] --START--
INFO: Run Behavior\BuildLiteBehavior [ RunTime:0.000107s ]
INFO: [ app_init ] --END-- [ RunTime:0.001747s ]

[ 2016-11-24T11:07:28+08:00 ] ::1 /index.php/home/admin/update?id=54
INFO: [ app_init ] --START--
INFO: Run Behavior\BuildLiteBehavior [ RunTime:0.000089s ]
INFO: [ app_init ] --END-- [ RunTime:0.001750s ]

[ 2016-11-24T11:16:36+08:00 ] ::1 /index.php/home/admin/update?id=54
INFO: [ app_init ] --START--
INFO: Run Behavior\BuildLiteBehavior [ RunTime:0.000142s ]
INFO: [ app_init ] --END-- [ RunTime:0.002476s ]

[ 2016-11-24T11:16:39+08:00 ] ::1 /index.php/home/admin/index
INFO: [ app_init ] --START--
INFO: Run Behavior\BuildLiteBehavior [ RunTime:0.000147s ]
INFO: [ app_init ] --END-- [ RunTime:0.002699s ]

[ 2016-11-24T11:16:41+08:00 ] ::1 /index.php/home/admin/update?id=54
INFO: [ app_init ] --START--
INFO: Run Behavior\BuildLiteBehavior [ RunTime:0.000292s ]
INFO: [ app_init ] --END-- [ RunTime:0.006290s ]

[ 2016-11-24T11:16:45+08:00 ] ::1 /index.php/Home/Admin/save/adminid%7Badminid.adminid%7D
INFO: [ app_init ] --START--
INFO: Run Behavior\BuildLiteBehavior [ RunTime:0.000087s ]
INFO: [ app_init ] --END-- [ RunTime:0.001724s ]

[ 2016-11-24T11:16:49+08:00 ] ::1 /index.php/home/admin/update?id=54
INFO: [ app_init ] --START--
INFO: Run Behavior\BuildLiteBehavior [ RunTime:0.000388s ]
INFO: [ app_init ] --END-- [ RunTime:0.003313s ]

[ 2016-11-24T11:16:52+08:00 ] ::1 /index.php/home/admin/index
INFO: [ app_init ] --START--
INFO: Run Behavior\BuildLiteBehavior [ RunTime:0.000090s ]
INFO: [ app_init ] --END-- [ RunTime:0.002018s ]

[ 2016-11-24T11:16:54+08:00 ] ::1 /index.php/home/admin/update?id=55
INFO: [ app_init ] --START--
INFO: Run Behavior\BuildLiteBehavior [ RunTime:0.000145s ]
INFO: [ app_init ] --END-- [ RunTime:0.002526s ]

[ 2016-11-24T11:17:08+08:00 ] ::1 /index.php/Home/Admin/save/adminid%7Badminid.adminid%7D
INFO: [ app_init ] --START--
INFO: Run Behavior\BuildLiteBehavior [ RunTime:0.000176s ]
INFO: [ app_init ] --END-- [ RunTime:0.002144s ]

[ 2016-11-24T11:17:37+08:00 ] ::1 /index.php/home/admin/update?id=55
INFO: [ app_init ] --START--
INFO: Run Behavior\BuildLiteBehavior [ RunTime:0.002439s ]
INFO: [ app_init ] --END-- [ RunTime:0.005455s ]

[ 2016-11-24T11:17:38+08:00 ] ::1 /index.php/home/admin/update?id=55
INFO: [ app_init ] --START--
INFO: Run Behavior\BuildLiteBehavior [ RunTime:0.000089s ]
INFO: [ app_init ] --END-- [ RunTime:0.002000s ]

[ 2016-11-24T11:17:40+08:00 ] ::1 /index.php/Home/Admin/save/adminid%7Badminid.adminid%7D
INFO: [ app_init ] --START--
INFO: Run Behavior\BuildLiteBehavior [ RunTime:0.000153s ]
INFO: [ app_init ] --END-- [ RunTime:0.004178s ]

[ 2016-11-24T11:17:51+08:00 ] ::1 /index.php/home/admin/insert
INFO: [ app_init ] --START--
INFO: Run Behavior\BuildLiteBehavior [ RunTime:0.000150s ]
INFO: [ app_init ] --END-- [ RunTime:0.002898s ]

[ 2016-11-24T11:17:55+08:00 ] ::1 /index.php/home/admin/insert
INFO: [ app_init ] --START--
INFO: Run Behavior\BuildLiteBehavior [ RunTime:0.000094s ]
INFO: [ app_init ] --END-- [ RunTime:0.001921s ]

[ 2016-11-24T11:18:06+08:00 ] ::1 /index.php/home/admin/view
INFO: [ app_init ] --START--
INFO: Run Behavior\BuildLiteBehavior [ RunTime:0.000090s ]
INFO: [ app_init ] --END-- [ RunTime:0.001969s ]

[ 2016-11-24T11:18:12+08:00 ] ::1 /index.php/home/admin/index
INFO: [ app_init ] --START--
INFO: Run Behavior\BuildLiteBehavior [ RunTime:0.000139s ]
INFO: [ app_init ] --END-- [ RunTime:0.002435s ]

[ 2016-11-24T11:18:14+08:00 ] ::1 /index.php/home/admin/view?id=54
INFO: [ app_init ] --START--
INFO: Run Behavior\BuildLiteBehavior [ RunTime:0.000093s ]
INFO: [ app_init ] --END-- [ RunTime:0.002542s ]

[ 2016-11-24T11:18:17+08:00 ] ::1 /index.php/home/admin/view
INFO: [ app_init ] --START--
INFO: Run Behavior\BuildLiteBehavior [ RunTime:0.000091s ]
INFO: [ app_init ] --END-- [ RunTime:0.001753s ]

[ 2016-11-24T11:18:20+08:00 ] ::1 /index.php/home/admin/index
INFO: [ app_init ] --START--
INFO: Run Behavior\BuildLiteBehavior [ RunTime:0.000087s ]
INFO: [ app_init ] --END-- [ RunTime:0.002033s ]

[ 2016-11-24T11:18:23+08:00 ] ::1 /index.php/home/admin/view?id=57
INFO: [ app_init ] --START--
INFO: Run Behavior\BuildLiteBehavior [ RunTime:0.000090s ]
INFO: [ app_init ] --END-- [ RunTime:0.001823s ]

[ 2016-11-24T11:18:28+08:00 ] ::1 /index.php/home/admin/index
INFO: [ app_init ] --START--
INFO: Run Behavior\BuildLiteBehavior [ RunTime:0.000147s ]
INFO: [ app_init ] --END-- [ RunTime:0.002386s ]

[ 2016-11-24T11:18:36+08:00 ] ::1 /index.php/home/admin/view
INFO: [ app_init ] --START--
INFO: Run Behavior\BuildLiteBehavior [ RunTime:0.000092s ]
INFO: [ app_init ] --END-- [ RunTime:0.001992s ]

