[ 2016-12-07T08:08:21+08:00 ] 127.0.0.1 /EASYBUY/admin
INFO: [ app_init ] --START--
INFO: Run Behavior\BuildLiteBehavior [ RunTime:0.000000s ]
INFO: [ app_init ] --END-- [ RunTime:0.001000s ]

[ 2016-12-07T08:08:33+08:00 ] 127.0.0.1 /EASYBUY/admin
INFO: [ app_init ] --START--
INFO: Run Behavior\BuildLiteBehavior [ RunTime:0.000000s ]
INFO: [ app_init ] --END-- [ RunTime:0.000000s ]

[ 2016-12-07T08:09:24+08:00 ] 127.0.0.1 /EASYBUY/admin/goods
INFO: [ app_init ] --START--
INFO: Run Behavior\BuildLiteBehavior [ RunTime:0.000000s ]
INFO: [ app_init ] --END-- [ RunTime:0.000000s ]

[ 2016-12-07T08:09:28+08:00 ] 127.0.0.1 /EASYBUY/index.php/admin/goods/delete?id=38
INFO: [ app_init ] --START--
INFO: Run Behavior\BuildLiteBehavior [ RunTime:0.000000s ]
INFO: [ app_init ] --END-- [ RunTime:0.000000s ]

[ 2016-12-07T08:09:32+08:00 ] 127.0.0.1 /EASYBUY/index.php/admin/index/login
INFO: [ app_init ] --START--
INFO: Run Behavior\BuildLiteBehavior [ RunTime:0.000000s ]
INFO: [ app_init ] --END-- [ RunTime:0.000000s ]

[ 2016-12-07T08:09:33+08:00 ] 127.0.0.1 /EASYBUY/index.php/admin/index/dologin
INFO: [ app_init ] --START--
INFO: Run Behavior\BuildLiteBehavior [ RunTime:0.000000s ]
INFO: [ app_init ] --END-- [ RunTime:0.000000s ]

[ 2016-12-07T08:09:34+08:00 ] 127.0.0.1 /EASYBUY/index.php/admin/index/index/
INFO: [ app_init ] --START--
INFO: Run Behavior\BuildLiteBehavior [ RunTime:0.000000s ]
INFO: [ app_init ] --END-- [ RunTime:0.000000s ]

[ 2016-12-07T08:11:08+08:00 ] 127.0.0.1 /EASYBUY/index.php/admin/index/index/
INFO: [ app_init ] --START--
INFO: Run Behavior\BuildLiteBehavior [ RunTime:0.000000s ]
INFO: [ app_init ] --END-- [ RunTime:0.001000s ]

[ 2016-12-07T08:11:11+08:00 ] 127.0.0.1 /EASYBUY/index.php/admin/goods/index
INFO: [ app_init ] --START--
INFO: Run Behavior\BuildLiteBehavior [ RunTime:0.000000s ]
INFO: [ app_init ] --END-- [ RunTime:0.000000s ]

[ 2016-12-07T08:52:24+08:00 ] 127.0.0.1 /EASYBUY/admin
INFO: [ app_init ] --START--
INFO: Run Behavior\BuildLiteBehavior [ RunTime:0.000000s ]
INFO: [ app_init ] --END-- [ RunTime:0.000000s ]

[ 2016-12-07T08:53:28+08:00 ] 127.0.0.1 /EASYBUY/index.php/admin/order/all
INFO: [ app_init ] --START--
INFO: Run Behavior\BuildLiteBehavior [ RunTime:0.000000s ]
INFO: [ app_init ] --END-- [ RunTime:0.000000s ]

[ 2016-12-07T08:53:36+08:00 ] 127.0.0.1 /EASYBUY/index.php/admin/goods/index
INFO: [ app_init ] --START--
INFO: Run Behavior\BuildLiteBehavior [ RunTime:0.000000s ]
INFO: [ app_init ] --END-- [ RunTime:0.000000s ]

[ 2016-12-07T08:57:55+08:00 ] 127.0.0.1 /EASYBUY/index.php/admin/goods/show?id=38
INFO: [ app_init ] --START--
INFO: Run Behavior\BuildLiteBehavior [ RunTime:0.000000s ]
INFO: [ app_init ] --END-- [ RunTime:0.000000s ]

[ 2016-12-07T08:58:08+08:00 ] 127.0.0.1 /EASYBUY/index.php/admin/goods/revise?id=38
INFO: [ app_init ] --START--
INFO: Run Behavior\BuildLiteBehavior [ RunTime:0.000000s ]
INFO: [ app_init ] --END-- [ RunTime:0.001000s ]

[ 2016-12-07T08:58:14+08:00 ] 127.0.0.1 /EASYBUY/index.php/admin/goods/show?id=36
INFO: [ app_init ] --START--
INFO: Run Behavior\BuildLiteBehavior [ RunTime:0.000000s ]
INFO: [ app_init ] --END-- [ RunTime:0.000000s ]

[ 2016-12-07T09:06:15+08:00 ] 127.0.0.1 /EASYBUY/index.php/admin/goods/insert
INFO: [ app_init ] --START--
INFO: Run Behavior\BuildLiteBehavior [ RunTime:0.000000s ]
INFO: [ app_init ] --END-- [ RunTime:0.000000s ]

[ 2016-12-07T09:06:37+08:00 ] 127.0.0.1 /EASYBUY/index.php/admin/goods/add
INFO: [ app_init ] --START--
INFO: Run Behavior\BuildLiteBehavior [ RunTime:0.000000s ]
INFO: [ app_init ] --END-- [ RunTime:0.000000s ]
ERR: 1364:Field 'brief' doesn't have a default value
 [ SQL语句 ] : INSERT INTO `goods` (`goodname`,`count`,`goodprice`,`mark1`,`mark2`,`introduction`,`grandid`,`categoriesid`,`imageurl`) VALUES ('2ewertf','111','111','111','111','','1','1','Public/uploads/20161207/5847609d135c2.png')
ERR: 1364:Field 'brief' doesn't have a default value
 [ SQL语句 ] : INSERT INTO `goods` (`goodname`,`count`,`goodprice`,`mark1`,`mark2`,`introduction`,`grandid`,`categoriesid`,`imageurl`) VALUES ('2ewertf','111','111','111','111','','1','1','Public/uploads/20161207/5847609d135c2.png')

[ 2016-12-07T09:06:54+08:00 ] 127.0.0.1 /EASYBUY/index.php/admin/goods/add
INFO: [ app_init ] --START--
INFO: Run Behavior\BuildLiteBehavior [ RunTime:0.000000s ]
INFO: [ app_init ] --END-- [ RunTime:0.000000s ]
ERR: 1364:Field 'brief' doesn't have a default value
 [ SQL语句 ] : INSERT INTO `goods` (`goodname`,`count`,`goodprice`,`mark1`,`mark2`,`introduction`,`grandid`,`categoriesid`,`imageurl`) VALUES ('2ewertf','111','111','111','111','','1','1','Public/uploads/20161207/584760ae24966.png')
ERR: 1364:Field 'brief' doesn't have a default value
 [ SQL语句 ] : INSERT INTO `goods` (`goodname`,`count`,`goodprice`,`mark1`,`mark2`,`introduction`,`grandid`,`categoriesid`,`imageurl`) VALUES ('2ewertf','111','111','111','111','','1','1','Public/uploads/20161207/584760ae24966.png')

[ 2016-12-07T09:21:52+08:00 ] 127.0.0.1 /EASYBUY/index.php/admin/goods/add
INFO: [ app_init ] --START--
INFO: Run Behavior\BuildLiteBehavior [ RunTime:0.000000s ]
INFO: [ app_init ] --END-- [ RunTime:0.001000s ]
ERR: 1364:Field 'brief' doesn't have a default value
 [ SQL语句 ] : INSERT INTO `goods` (`goodname`,`count`,`goodprice`,`mark1`,`mark2`,`introduction`,`grandid`,`categoriesid`,`imageurl`) VALUES ('2ewertf','111','111','111','111','','1','1','Public/uploads/20161207/5847643050d80.png')
ERR: 1364:Field 'brief' doesn't have a default value
 [ SQL语句 ] : INSERT INTO `goods` (`goodname`,`count`,`goodprice`,`mark1`,`mark2`,`introduction`,`grandid`,`categoriesid`,`imageurl`) VALUES ('2ewertf','111','111','111','111','','1','1','Public/uploads/20161207/5847643050d80.png')

[ 2016-12-07T09:37:39+08:00 ] 127.0.0.1 /EASYBUY/index.php/admin/goods/insert
INFO: [ app_init ] --START--
INFO: Run Behavior\BuildLiteBehavior [ RunTime:0.000000s ]
INFO: [ app_init ] --END-- [ RunTime:0.000000s ]

[ 2016-12-07T09:37:52+08:00 ] 127.0.0.1 /EASYBUY/index.php/admin/goods/add
INFO: [ app_init ] --START--
INFO: Run Behavior\BuildLiteBehavior [ RunTime:0.000000s ]
INFO: [ app_init ] --END-- [ RunTime:0.000000s ]

[ 2016-12-07T09:37:54+08:00 ] 127.0.0.1 /EASYBUY/index.php/admin/goods/index
INFO: [ app_init ] --START--
INFO: Run Behavior\BuildLiteBehavior [ RunTime:0.000000s ]
INFO: [ app_init ] --END-- [ RunTime:0.000000s ]

[ 2016-12-07T09:53:51+08:00 ] 127.0.0.1 /easybuy/index.php/admin/goods/index/p/2.html
INFO: [ app_init ] --START--
INFO: Run Behavior\BuildLiteBehavior [ RunTime:0.000000s ]
INFO: [ app_init ] --END-- [ RunTime:0.001000s ]

[ 2016-12-07T09:53:53+08:00 ] 127.0.0.1 /easybuy/index.php/admin/goods/index/p/1.html
INFO: [ app_init ] --START--
INFO: Run Behavior\BuildLiteBehavior [ RunTime:0.000000s ]
INFO: [ app_init ] --END-- [ RunTime:0.000000s ]

[ 2016-12-07T10:03:01+08:00 ] 127.0.0.1 /EASYBUY/index.php/admin/goods/insert
INFO: [ app_init ] --START--
INFO: Run Behavior\BuildLiteBehavior [ RunTime:0.000000s ]
INFO: [ app_init ] --END-- [ RunTime:0.001000s ]

[ 2016-12-07T10:03:15+08:00 ] 127.0.0.1 /EASYBUY/index.php/admin/goods/add
INFO: [ app_init ] --START--
INFO: Run Behavior\BuildLiteBehavior [ RunTime:0.000000s ]
INFO: [ app_init ] --END-- [ RunTime:0.000000s ]

[ 2016-12-07T10:03:16+08:00 ] 127.0.0.1 /EASYBUY/index.php/admin/goods/index
INFO: [ app_init ] --START--
INFO: Run Behavior\BuildLiteBehavior [ RunTime:0.000000s ]
INFO: [ app_init ] --END-- [ RunTime:0.001001s ]

[ 2016-12-07T10:03:20+08:00 ] 127.0.0.1 /easybuy/index.php/admin/goods/index/p/2.html
INFO: [ app_init ] --START--
INFO: Run Behavior\BuildLiteBehavior [ RunTime:0.000000s ]
INFO: [ app_init ] --END-- [ RunTime:0.000000s ]

[ 2016-12-07T10:03:22+08:00 ] 127.0.0.1 /EASYBUY/index.php/admin/goods/show?id=35
INFO: [ app_init ] --START--
INFO: Run Behavior\BuildLiteBehavior [ RunTime:0.000000s ]
INFO: [ app_init ] --END-- [ RunTime:0.001000s ]

[ 2016-12-07T10:07:33+08:00 ] 127.0.0.1 /EASYBUY/index.php/admin/goods/show?id=41
INFO: [ app_init ] --START--
INFO: Run Behavior\BuildLiteBehavior [ RunTime:0.000000s ]
INFO: [ app_init ] --END-- [ RunTime:0.000000s ]

[ 2016-12-07T10:10:24+08:00 ] 127.0.0.1 /EASYBUY/index.php/admin/goods/insert
INFO: [ app_init ] --START--
INFO: Run Behavior\BuildLiteBehavior [ RunTime:0.000000s ]
INFO: [ app_init ] --END-- [ RunTime:0.000000s ]

[ 2016-12-07T10:10:42+08:00 ] 127.0.0.1 /EASYBUY/index.php/admin/goods/add
INFO: [ app_init ] --START--
INFO: Run Behavior\BuildLiteBehavior [ RunTime:0.000000s ]
INFO: [ app_init ] --END-- [ RunTime:0.001000s ]

[ 2016-12-07T10:10:43+08:00 ] 127.0.0.1 /EASYBUY/index.php/admin/goods/index
INFO: [ app_init ] --START--
INFO: Run Behavior\BuildLiteBehavior [ RunTime:0.000000s ]
INFO: [ app_init ] --END-- [ RunTime:0.000000s ]

[ 2016-12-07T10:10:46+08:00 ] 127.0.0.1 /easybuy/index.php/admin/goods/index/p/2.html
INFO: [ app_init ] --START--
INFO: Run Behavior\BuildLiteBehavior [ RunTime:0.000000s ]
INFO: [ app_init ] --END-- [ RunTime:0.000000s ]

[ 2016-12-07T10:10:47+08:00 ] 127.0.0.1 /EASYBUY/index.php/admin/goods/show?id=42
INFO: [ app_init ] --START--
INFO: Run Behavior\BuildLiteBehavior [ RunTime:0.000000s ]
INFO: [ app_init ] --END-- [ RunTime:0.000000s ]

[ 2016-12-07T10:16:34+08:00 ] 127.0.0.1 /EASYBUY/index.php/admin/type/insert
INFO: [ app_init ] --START--
INFO: Run Behavior\BuildLiteBehavior [ RunTime:0.000000s ]
INFO: [ app_init ] --END-- [ RunTime:0.000000s ]

[ 2016-12-07T10:16:38+08:00 ] 127.0.0.1 /EASYBUY/index.php/admin/Type/insert1
INFO: [ app_init ] --START--
INFO: Run Behavior\BuildLiteBehavior [ RunTime:0.000000s ]
INFO: [ app_init ] --END-- [ RunTime:0.000000s ]
ERR: 1048:Column 'categoriesname' cannot be null
 [ SQL语句 ] : INSERT INTO `categories` (`categoriesname`) VALUES (NULL)
ERR: 1048:Column 'categoriesname' cannot be null
 [ SQL语句 ] : INSERT INTO `categories` (`categoriesname`) VALUES (NULL)

[ 2016-12-07T10:17:10+08:00 ] 127.0.0.1 /EASYBUY/index.php/admin/grands/index
INFO: [ app_init ] --START--
INFO: Run Behavior\BuildLiteBehavior [ RunTime:0.000000s ]
INFO: [ app_init ] --END-- [ RunTime:0.001000s ]

[ 2016-12-07T10:17:23+08:00 ] 127.0.0.1 /EASYBUY/index.php/admin/grands/show?id=1
INFO: [ app_init ] --START--
INFO: Run Behavior\BuildLiteBehavior [ RunTime:0.000000s ]
INFO: [ app_init ] --END-- [ RunTime:0.000000s ]

[ 2016-12-07T10:52:42+08:00 ] 127.0.0.1 /EASYBUY/index.php/admin/goods/insert
INFO: [ app_init ] --START--
INFO: Run Behavior\BuildLiteBehavior [ RunTime:0.000000s ]
INFO: [ app_init ] --END-- [ RunTime:0.001000s ]

[ 2016-12-07T10:53:06+08:00 ] 127.0.0.1 /EASYBUY/index.php/admin/goods/add
INFO: [ app_init ] --START--
INFO: Run Behavior\BuildLiteBehavior [ RunTime:0.000000s ]
INFO: [ app_init ] --END-- [ RunTime:0.001000s ]

[ 2016-12-07T10:53:07+08:00 ] 127.0.0.1 /EASYBUY/index.php/admin/goods/index
INFO: [ app_init ] --START--
INFO: Run Behavior\BuildLiteBehavior [ RunTime:0.000000s ]
INFO: [ app_init ] --END-- [ RunTime:0.000000s ]

[ 2016-12-07T10:53:10+08:00 ] 127.0.0.1 /easybuy/index.php/admin/goods/index/p/2.html
INFO: [ app_init ] --START--
INFO: Run Behavior\BuildLiteBehavior [ RunTime:0.000000s ]
INFO: [ app_init ] --END-- [ RunTime:0.000000s ]

